<?xml version="1.0" encoding="UTF-8"?>
<testsuite name="co.com.certificacion.demoblaze.runners.CarritoRunner" tests="1" skipped="0" failures="0" errors="0" timestamp="2024-03-20T22:42:11" hostname="DESKTOP-2DP9C7O" time="43.184">
  <properties/>
  <testcase name="Validar que se pueda realizar la compra de un producto en especifico" classname="co.com.certificacion.demoblaze.runners.CarritoRunner" time="43.184"/>
  <system-out><![CDATA[17:42:10.741 [Test worker] INFO io.cucumber.core.plugin.SerenityReporter - Running feature from file:///D:/Users/Usuario/Documents/Accenture/AutomatizacionAccenturePrueba/src/test/resources/features/carrito.feature
17:42:11.097 [Test worker] DEBUG net.thucydides.core.guice.Injectors - Created injector for module net.thucydides.core.guice.webdriver.WebDriverModule
17:42:11.160 [Test worker] INFO  - 

-------------------------------------------------------------------------------------
     _______. _______ .______       _______ .__   __.  __  .___________.____    ____ 
    /       ||   ____||   _  \     |   ____||  \ |  | |  | |           |\   \  /   / 
   |   (----`|  |__   |  |_)  |    |  |__   |   \|  | |  | `---|  |----` \   \/   /  
    \   \    |   __|  |      /     |   __|  |  . `  | |  |     |  |       \_    _/   
.----)   |   |  |____ |  |\  \----.|  |____ |  |\   | |  |     |  |         |  |     
|_______/    |_______|| _| `._____||_______||__| \__| |__|     |__|         |__|    
                                                                                     
 News and tutorials at http://www.serenity-bdd.info                                  
 Documentation at https://wakaleo.gitbooks.io/the-serenity-book/content/             
 Join the Serenity Community on Gitter: https://gitter.im/serenity-bdd/serenity-core 
 Serenity BDD Support and Training at http://serenity-bdd.info/#/trainingandsupport  
-------------------------------------------------------------------------------------

17:42:11.166 [Test worker] DEBUG net.thucydides.core.steps.StepEventBus - Test suite started for story net.thucydides.core.model.Story@44a8d729
17:42:11.169 [Test worker] INFO  - Test Suite Started: Validar funcionalidades de DemoBlaze
17:42:11.199 [Test worker] INFO io.cucumber.core.plugin.SerenityReporter - Running feature from file:///D:/Users/Usuario/Documents/Accenture/AutomatizacionAccenturePrueba/src/test/resources/features/carrito.feature
17:42:11.206 [Test worker] DEBUG net.thucydides.core.steps.StepEventBus - Test suite started for story net.thucydides.core.model.Story@44a8d729
17:42:11.207 [Test worker] INFO  - Test Suite Started: Validar funcionalidades de DemoBlaze
17:42:11.386 [Test worker] INFO io.cucumber.core.plugin.SerenityReporter - Running feature from file:///D:/Users/Usuario/Documents/Accenture/AutomatizacionAccenturePrueba/src/test/resources/features/carrito.feature
17:42:11.427 [Test worker] INFO  - 
  _____   ___   ___   _____     ___   _____     _     ___   _____   ___   ___  
 |_   _| | __| / __| |_   _|   / __| |_   _|   /_\   | _ \ |_   _| | __| |   \ 
   | |   | _|  \__ \   | |     \__ \   | |    / _ \  |   /   | |   | _|  | |) |
   |_|   |___| |___/   |_|     |___/   |_|   /_/ \_\ |_|_\   |_|   |___| |___/ 

Validar que se pueda realizar la compra de un producto en especifico(validar-funcionalidades-de-demoblaze;validar-que-se-pueda-realizar-la-compra-de-un-producto-en-especifico)
--------------------------------------------------------------------------------
17:42:12.345 [Test worker] DEBUG net.thucydides.core.steps.StepInterceptor - STARTING STEP: RunnerStepDefinitions.queSoyUnUsuarioDeDemoBlaze - {0} opens the browser at #url
17:42:12.429 [Test worker] INFO net.serenitybdd.core.webdriver.driverproviders.DriverProvider - Not using automatically driver download
17:42:12.631 [Test worker] INFO net.serenitybdd.core.webdriver.driverproviders.ChromeDriverProvider - Starting Chrome driver instance with capabilities:
17:42:12.634 [Test worker] INFO net.serenitybdd.core.webdriver.driverproviders.ChromeDriverProvider - Capabilities {browserName: chrome, goog:chromeOptions: {args: [start-maximized, test-type, no-sandbox, lang=es, disable-popup-blocking, disable-download-notification, ignore-certificate-errors, allow-running-insecure-content, disable-translate, always-authorize-plugins, disable-extensions, remote-allow-origins=*], extensions: []}}
17:42:12.924 [Test worker] DEBUG io.netty.util.internal.logging.InternalLoggerFactory - Using SLF4J as the default logging framework
17:42:12.933 [Test worker] DEBUG io.netty.util.ResourceLeakDetector - -Dio.netty.leakDetection.level: simple
17:42:12.933 [Test worker] DEBUG io.netty.util.ResourceLeakDetector - -Dio.netty.leakDetection.targetRecords: 4
17:42:12.964 [Test worker] DEBUG io.netty.util.ResourceLeakDetectorFactory - Loaded default ResourceLeakDetector: io.netty.util.ResourceLeakDetector@797ed63a
17:42:13.030 [Test worker] DEBUG io.netty.util.internal.PlatformDependent0 - -Dio.netty.noUnsafe: false
17:42:13.031 [Test worker] DEBUG io.netty.util.internal.PlatformDependent0 - Java version: 11
17:42:13.035 [Test worker] DEBUG io.netty.util.internal.PlatformDependent0 - sun.misc.Unsafe.theUnsafe: available
17:42:13.039 [Test worker] DEBUG io.netty.util.internal.PlatformDependent0 - sun.misc.Unsafe.copyMemory: available
17:42:13.043 [Test worker] DEBUG io.netty.util.internal.PlatformDependent0 - sun.misc.Unsafe.storeFence: available
17:42:13.045 [Test worker] DEBUG io.netty.util.internal.PlatformDependent0 - java.nio.Buffer.address: available
17:42:13.048 [Test worker] DEBUG io.netty.util.internal.PlatformDependent0 - direct buffer constructor: unavailable: Reflective setAccessible(true) disabled
17:42:13.051 [Test worker] DEBUG io.netty.util.internal.PlatformDependent0 - java.nio.Bits.unaligned: available, true
17:42:13.056 [Test worker] DEBUG io.netty.util.internal.PlatformDependent0 - jdk.internal.misc.Unsafe.allocateUninitializedArray(int): unavailable: class io.netty.util.internal.PlatformDependent0$7 cannot access class jdk.internal.misc.Unsafe (in module java.base) because module java.base does not export jdk.internal.misc to unnamed module @e3b8a5e
17:42:13.063 [Test worker] DEBUG io.netty.util.internal.PlatformDependent0 - java.nio.DirectByteBuffer.<init>(long, int): unavailable
17:42:13.063 [Test worker] DEBUG io.netty.util.internal.PlatformDependent - sun.misc.Unsafe: available
17:42:13.087 [Test worker] DEBUG io.netty.util.internal.PlatformDependent - maxDirectMemory: 536870912 bytes (maybe)
17:42:13.088 [Test worker] DEBUG io.netty.util.internal.PlatformDependent - -Dio.netty.tmpdir: C:\Users\Usuario\AppData\Local\Temp (java.io.tmpdir)
17:42:13.088 [Test worker] DEBUG io.netty.util.internal.PlatformDependent - -Dio.netty.bitMode: 64 (sun.arch.data.model)
17:42:13.088 [Test worker] DEBUG io.netty.util.internal.PlatformDependent - Platform: Windows
17:42:13.090 [Test worker] DEBUG io.netty.util.internal.PlatformDependent - -Dio.netty.maxDirectMemory: -1 bytes
17:42:13.091 [Test worker] DEBUG io.netty.util.internal.PlatformDependent - -Dio.netty.uninitializedArrayAllocationThreshold: -1
17:42:13.094 [Test worker] DEBUG io.netty.util.internal.CleanerJava9 - java.nio.ByteBuffer.cleaner(): available
17:42:13.094 [Test worker] DEBUG io.netty.util.internal.PlatformDependent - -Dio.netty.noPreferDirect: false
17:42:13.114 [Test worker] DEBUG io.netty.util.internal.PlatformDependent - org.jctools-core.MpscChunkedArrayQueue: available
17:42:13.155 [Test worker] DEBUG io.netty.util.internal.InternalThreadLocalMap - -Dio.netty.threadLocalMap.stringBuilder.initialSize: 1024
17:42:13.156 [Test worker] DEBUG io.netty.util.internal.InternalThreadLocalMap - -Dio.netty.threadLocalMap.stringBuilder.maxSize: 4096
17:42:13.554 [Test worker] DEBUG io.netty.handler.ssl.JdkSslContext - Default protocols (JDK): [TLSv1.3, TLSv1.2, TLSv1.1, TLSv1] 
17:42:13.555 [Test worker] DEBUG io.netty.handler.ssl.JdkSslContext - Default cipher suites (JDK): [TLS_ECDHE_ECDSA_WITH_AES_256_GCM_SHA384, TLS_ECDHE_ECDSA_WITH_AES_128_GCM_SHA256, TLS_ECDHE_RSA_WITH_AES_128_GCM_SHA256, TLS_ECDHE_RSA_WITH_AES_256_GCM_SHA384, TLS_ECDHE_RSA_WITH_AES_128_CBC_SHA, TLS_ECDHE_RSA_WITH_AES_256_CBC_SHA, TLS_RSA_WITH_AES_128_GCM_SHA256, TLS_RSA_WITH_AES_128_CBC_SHA, TLS_RSA_WITH_AES_256_CBC_SHA, TLS_AES_128_GCM_SHA256, TLS_AES_256_GCM_SHA384]
17:42:13.608 [Test worker] DEBUG io.netty.channel.MultithreadEventLoopGroup - -Dio.netty.eventLoopThreads: 8
17:42:13.625 [Test worker] DEBUG io.netty.channel.nio.NioEventLoop - -Dio.netty.noKeySetOptimization: false
17:42:13.626 [Test worker] DEBUG io.netty.channel.nio.NioEventLoop - -Dio.netty.selectorAutoRebuildThreshold: 512
17:42:13.683 [Test worker] DEBUG io.netty.buffer.PooledByteBufAllocator - -Dio.netty.allocator.numHeapArenas: 1
17:42:13.683 [Test worker] DEBUG io.netty.buffer.PooledByteBufAllocator - -Dio.netty.allocator.numDirectArenas: 1
17:42:13.683 [Test worker] DEBUG io.netty.buffer.PooledByteBufAllocator - -Dio.netty.allocator.pageSize: 8192
17:42:13.683 [Test worker] DEBUG io.netty.buffer.PooledByteBufAllocator - -Dio.netty.allocator.maxOrder: 9
17:42:13.684 [Test worker] DEBUG io.netty.buffer.PooledByteBufAllocator - -Dio.netty.allocator.chunkSize: 4194304
17:42:13.685 [Test worker] DEBUG io.netty.buffer.PooledByteBufAllocator - -Dio.netty.allocator.smallCacheSize: 256
17:42:13.685 [Test worker] DEBUG io.netty.buffer.PooledByteBufAllocator - -Dio.netty.allocator.normalCacheSize: 64
17:42:13.685 [Test worker] DEBUG io.netty.buffer.PooledByteBufAllocator - -Dio.netty.allocator.maxCachedBufferCapacity: 32768
17:42:13.686 [Test worker] DEBUG io.netty.buffer.PooledByteBufAllocator - -Dio.netty.allocator.cacheTrimInterval: 8192
17:42:13.687 [Test worker] DEBUG io.netty.buffer.PooledByteBufAllocator - -Dio.netty.allocator.cacheTrimIntervalMillis: 600000
17:42:13.687 [Test worker] DEBUG io.netty.buffer.PooledByteBufAllocator - -Dio.netty.allocator.useCacheForAllThreads: false
17:42:13.688 [Test worker] DEBUG io.netty.buffer.PooledByteBufAllocator - -Dio.netty.allocator.maxCachedByteBuffersPerChunk: 1023
17:42:13.705 [Test worker] DEBUG io.netty.buffer.ByteBufUtil - -Dio.netty.allocator.type: pooled
17:42:13.705 [Test worker] DEBUG io.netty.buffer.ByteBufUtil - -Dio.netty.threadLocalDirectBufferSize: 0
17:42:13.705 [Test worker] DEBUG io.netty.buffer.ByteBufUtil - -Dio.netty.maxThreadLocalCharBufferSize: 16384
17:42:14.239 [Forwarding newSession on session null to remote] DEBUG io.netty.channel.DefaultChannelId - -Dio.netty.processId: 52832 (user-set)
17:42:14.241 [Forwarding newSession on session null to remote] DEBUG io.netty.channel.DefaultChannelId - -Dio.netty.machineId: 28:f0:76:ff:fe:16:65:0e (user-set)
17:42:14.376 [AsyncHttpClient-1-2] DEBUG io.netty.buffer.AbstractByteBuf - -Dio.netty.buffer.checkAccessible: true
17:42:14.376 [AsyncHttpClient-1-2] DEBUG io.netty.buffer.AbstractByteBuf - -Dio.netty.buffer.checkBounds: true
17:42:14.376 [AsyncHttpClient-1-2] DEBUG io.netty.util.ResourceLeakDetectorFactory - Loaded default ResourceLeakDetector: io.netty.util.ResourceLeakDetector@53eb1cce
17:42:14.406 [AsyncHttpClient-1-2] DEBUG org.asynchttpclient.netty.channel.NettyConnectListener - Using new Channel '[id: 0x89687221, L:/127.0.0.1:57512 - R:localhost/127.0.0.1:61324]' for 'POST' to '/session'
17:42:14.467 [AsyncHttpClient-1-2] DEBUG io.netty.util.Recycler - -Dio.netty.recycler.maxCapacityPerThread: 4096
17:42:14.470 [AsyncHttpClient-1-2] DEBUG io.netty.util.Recycler - -Dio.netty.recycler.ratio: 8
17:42:14.471 [AsyncHttpClient-1-2] DEBUG io.netty.util.Recycler - -Dio.netty.recycler.chunkSize: 32
17:42:14.471 [AsyncHttpClient-1-2] DEBUG io.netty.util.Recycler - -Dio.netty.recycler.blocking: false
17:42:15.740 [AsyncHttpClient-1-2] DEBUG io.netty.handler.codec.compression.Brotli - brotli4j not in the classpath; Brotli support will be unavailable.
17:42:15.741 [AsyncHttpClient-1-2] DEBUG org.asynchttpclient.netty.handler.HttpHandler - 

Request DefaultHttpRequest(decodeResult: success, version: HTTP/1.1)
POST /session HTTP/1.1
User-Agent: selenium/4.3.0 (java windows)
Content-Length: 1155
Content-Type: application/json; charset=utf-8
host: localhost:61324
accept: */*

Response DefaultHttpResponse(decodeResult: success, version: HTTP/1.1)
HTTP/1.1 200 OK
Content-Type: application/json; charset=utf-8
cache-control: no-cache
content-length: 881

17:42:15.758 [AsyncHttpClient-1-2] DEBUG org.asynchttpclient.netty.channel.ChannelManager - Adding key: http://localhost:61324 for channel [id: 0x89687221, L:/127.0.0.1:57512 - R:localhost/127.0.0.1:61324]
17:42:16.079 [AsyncHttpClient-1-3] DEBUG org.asynchttpclient.netty.channel.NettyConnectListener - Using new Channel '[id: 0xe499c843, L:/127.0.0.1:57522 - R:localhost/127.0.0.1:57514]' for 'GET' to '/json/version'
17:42:16.082 [AsyncHttpClient-1-3] DEBUG org.asynchttpclient.netty.handler.HttpHandler - 

Request DefaultFullHttpRequest(decodeResult: success, version: HTTP/1.1, content: EmptyByteBufBE)
GET /json/version HTTP/1.1
User-Agent: selenium/4.3.0 (java windows)
host: localhost:57514
accept: */*

Response DefaultHttpResponse(decodeResult: success, version: HTTP/1.1)
HTTP/1.1 200 OK
Content-Security-Policy: frame-ancestors 'none'
Content-Type: application/json; charset=UTF-8
content-length: 423

17:42:16.083 [AsyncHttpClient-1-3] DEBUG org.asynchttpclient.netty.channel.ChannelManager - Adding key: http://localhost:57514 for channel [id: 0xe499c843, L:/127.0.0.1:57522 - R:localhost/127.0.0.1:57514]
17:42:16.101 [Test worker] DEBUG io.netty.util.internal.ThreadLocalRandom - -Dio.netty.initialSeedUniquifier: 0xc2c30742acf80314
17:42:16.109 [AsyncHttpClient-1-4] DEBUG org.asynchttpclient.netty.channel.NettyConnectListener - Using new Channel '[id: 0x95125c76, L:/127.0.0.1:57523 - R:localhost/127.0.0.1:57514]' for 'GET' to '/devtools/browser/383d6e51-78e9-4e83-9ed2-d768b3381639'
17:42:16.112 [AsyncHttpClient-1-4] DEBUG org.asynchttpclient.netty.handler.WebSocketHandler - 

Request DefaultFullHttpRequest(decodeResult: success, version: HTTP/1.1, content: EmptyByteBufBE)
GET /devtools/browser/383d6e51-78e9-4e83-9ed2-d768b3381639 HTTP/1.1
upgrade: websocket
connection: upgrade
sec-websocket-key: JSiFAwxl0oTvB5WFhReI8A==
sec-websocket-version: 13
origin: http://localhost:57514
host: localhost:57514
accept: */*
user-agent: AHC/2.1

Response DefaultHttpResponse(decodeResult: success, version: HTTP/1.1)
HTTP/1.1 101 WebSocket Protocol Handshake
Upgrade: WebSocket
Connection: Upgrade
Sec-WebSocket-Accept: 0IKIT63i7Qh3S2BeJtnnqwAN10U=

17:42:16.835 [AsyncHttpClient-1-1] DEBUG org.asynchttpclient.netty.channel.DefaultChannelPool - Entry count for : http://localhost:57514 : 1
17:42:16.836 [AsyncHttpClient-1-1] DEBUG org.asynchttpclient.netty.channel.DefaultChannelPool - Entry count for : http://localhost:61324 : 1
17:42:17.597 [Test worker] DEBUG net.thucydides.core.reflection.ClassFinder - Could not load class .co.com.certificacion.demoblaze.questions.ValidarCompra
17:42:17.598 [Test worker] DEBUG net.thucydides.core.reflection.ClassFinder - Could not load class .co.com.certificacion.demoblaze.questions.VerificacionRegistro
17:42:17.599 [Test worker] DEBUG net.thucydides.core.reflection.ClassFinder - Could not load class .co.com.certificacion.demoblaze.runners.CarritoRunner
17:42:17.599 [Test worker] DEBUG net.thucydides.core.reflection.ClassFinder - Could not load class .co.com.certificacion.demoblaze.stepdefinitions.RunnerStepDefinitions
17:42:17.599 [Test worker] DEBUG net.thucydides.core.reflection.ClassFinder - Could not load class .co.com.certificacion.demoblaze.tasks.AbrirProducto
17:42:17.600 [Test worker] DEBUG net.thucydides.core.reflection.ClassFinder - Could not load class .co.com.certificacion.demoblaze.tasks.Comprar
17:42:17.600 [Test worker] DEBUG net.thucydides.core.reflection.ClassFinder - Could not load class .co.com.certificacion.demoblaze.tasks.IngresarUsuario
17:42:17.600 [Test worker] DEBUG net.thucydides.core.reflection.ClassFinder - Could not load class .co.com.certificacion.demoblaze.tasks.RegistrarUsuario
17:42:17.600 [Test worker] DEBUG net.thucydides.core.reflection.ClassFinder - Could not load class .co.com.certificacion.demoblaze.userinterfaces.Home
17:42:17.601 [Test worker] DEBUG net.thucydides.core.reflection.ClassFinder - Could not load class META-INF.versions.9.com.sun.istack.logging.StackHelper
17:42:17.602 [Test worker] DEBUG net.thucydides.core.reflection.ClassFinder - Could not load class META-INF.versions.9.com.sun.xml.bind.v2.runtime.reflect.opt.AccessorInjector
17:42:17.603 [Test worker] DEBUG net.thucydides.core.reflection.ClassFinder - Could not load class META-INF.versions.9.com.sun.xml.bind.v2.runtime.reflect.opt.Injector
17:42:17.604 [Test worker] DEBUG net.thucydides.core.reflection.ClassFinder - Could not load class META-INF.versions.9.com.sun.xml.bind.v2.runtime.reflect.opt.OptimizedAccessorFactory
17:42:17.605 [Test worker] DEBUG net.thucydides.core.reflection.ClassFinder - Could not load class META-INF.versions.9.com.sun.xml.bind.v2.runtime.reflect.opt.OptimizedTransducedAccessorFactory
17:42:17.606 [Test worker] DEBUG net.thucydides.core.reflection.ClassFinder - Could not load class META-INF.versions.9.io.opentelemetry.sdk.internal.CurrentJavaVersionSpecific
17:42:17.607 [Test worker] DEBUG net.thucydides.core.reflection.ClassFinder - Could not load class META-INF.versions.9.io.opentelemetry.sdk.internal.Java9VersionSpecific
17:42:17.608 [Test worker] DEBUG net.thucydides.core.reflection.ClassFinder - Could not load class META-INF.versions.9.javax.xml.bind.ModuleUtil
17:42:17.609 [Test worker] DEBUG net.thucydides.core.reflection.ClassFinder - Could not load class META-INF.versions.9.module-info
17:42:17.612 [Test worker] DEBUG net.thucydides.core.reflection.ClassFinder - Could not load class META-INF.versions.9.org.junit.platform.commons.util.ModuleUtils
17:42:17.932 [AsyncHttpClient-1-1] DEBUG org.asynchttpclient.netty.channel.DefaultChannelPool - Entry count for : http://localhost:57514 : 1
17:42:17.933 [AsyncHttpClient-1-1] DEBUG org.asynchttpclient.netty.channel.DefaultChannelPool - Entry count for : http://localhost:61324 : 1
17:42:18.442 [Test worker] DEBUG net.thucydides.core.reflection.ClassFinder - Could not load class com.google.gson.internal.
17:42:18.791 [Test worker] DEBUG net.thucydides.core.reflection.ClassFinder - Could not load class com.sun.xml.bind.v2.runtime.output.FastInfosetStreamWriterOutput
17:42:19.031 [AsyncHttpClient-1-1] DEBUG org.asynchttpclient.netty.channel.DefaultChannelPool - Entry count for : http://localhost:57514 : 1
17:42:19.033 [AsyncHttpClient-1-1] DEBUG org.asynchttpclient.netty.channel.DefaultChannelPool - Entry count for : http://localhost:61324 : 1
17:42:19.691 [Test worker] DEBUG net.thucydides.core.reflection.ClassFinder - Could not load class module-info
17:42:20.168 [AsyncHttpClient-1-1] DEBUG org.asynchttpclient.netty.channel.DefaultChannelPool - Entry count for : http://localhost:57514 : 1
17:42:20.171 [AsyncHttpClient-1-1] DEBUG org.asynchttpclient.netty.channel.DefaultChannelPool - Entry count for : http://localhost:61324 : 1
17:42:21.241 [AsyncHttpClient-1-1] DEBUG org.asynchttpclient.netty.channel.DefaultChannelPool - Entry count for : http://localhost:57514 : 1
17:42:21.241 [AsyncHttpClient-1-1] DEBUG org.asynchttpclient.netty.channel.DefaultChannelPool - Entry count for : http://localhost:61324 : 1
17:42:22.342 [AsyncHttpClient-1-1] DEBUG org.asynchttpclient.netty.channel.DefaultChannelPool - Entry count for : http://localhost:57514 : 1
17:42:22.351 [AsyncHttpClient-1-1] DEBUG org.asynchttpclient.netty.channel.DefaultChannelPool - Entry count for : http://localhost:61324 : 1
17:42:23.428 [AsyncHttpClient-1-1] DEBUG org.asynchttpclient.netty.channel.DefaultChannelPool - Entry count for : http://localhost:57514 : 1
17:42:23.428 [AsyncHttpClient-1-1] DEBUG org.asynchttpclient.netty.channel.DefaultChannelPool - Entry count for : http://localhost:61324 : 1
17:42:24.531 [AsyncHttpClient-1-1] DEBUG org.asynchttpclient.netty.channel.DefaultChannelPool - Entry count for : http://localhost:57514 : 1
17:42:24.532 [AsyncHttpClient-1-1] DEBUG org.asynchttpclient.netty.channel.DefaultChannelPool - Entry count for : http://localhost:61324 : 1
17:42:25.627 [AsyncHttpClient-1-1] DEBUG org.asynchttpclient.netty.channel.DefaultChannelPool - Entry count for : http://localhost:57514 : 1
17:42:25.628 [AsyncHttpClient-1-1] DEBUG org.asynchttpclient.netty.channel.DefaultChannelPool - Entry count for : http://localhost:61324 : 1
17:42:26.739 [AsyncHttpClient-1-1] DEBUG org.asynchttpclient.netty.channel.DefaultChannelPool - Entry count for : http://localhost:57514 : 1
17:42:26.740 [AsyncHttpClient-1-1] DEBUG org.asynchttpclient.netty.channel.DefaultChannelPool - Entry count for : http://localhost:61324 : 1
17:42:27.887 [AsyncHttpClient-1-1] DEBUG org.asynchttpclient.netty.channel.DefaultChannelPool - Entry count for : http://localhost:57514 : 1
17:42:27.900 [AsyncHttpClient-1-1] DEBUG org.asynchttpclient.netty.channel.DefaultChannelPool - Entry count for : http://localhost:61324 : 1
17:42:28.614 [Forwarding get on session 3804a52f96d2eeb36549db6fbc7fe9a6 to remote] DEBUG org.asynchttpclient.netty.request.NettyRequestSender - Using pooled Channel '[id: 0x89687221, L:/127.0.0.1:57512 - R:localhost/127.0.0.1:61324]' for 'POST' to 'http://localhost:61324/session/3804a52f96d2eeb36549db6fbc7fe9a6/url'
17:42:28.614 [Forwarding get on session 3804a52f96d2eeb36549db6fbc7fe9a6 to remote] DEBUG org.asynchttpclient.netty.request.NettyRequestSender - Using open Channel [id: 0x89687221, L:/127.0.0.1:57512 - R:localhost/127.0.0.1:61324] for POST '/session/3804a52f96d2eeb36549db6fbc7fe9a6/url'
17:42:28.936 [AsyncHttpClient-1-1] DEBUG org.asynchttpclient.netty.channel.DefaultChannelPool - Entry count for : http://localhost:57514 : 1
17:42:30.044 [AsyncHttpClient-1-1] DEBUG org.asynchttpclient.netty.channel.DefaultChannelPool - Entry count for : http://localhost:57514 : 1
17:42:30.654 [AsyncHttpClient-1-2] DEBUG org.asynchttpclient.netty.handler.HttpHandler - 

Request DefaultHttpRequest(decodeResult: success, version: HTTP/1.1)
POST /session/3804a52f96d2eeb36549db6fbc7fe9a6/url HTTP/1.1
User-Agent: selenium/4.3.0 (java windows)
Content-Length: 50
Content-Type: application/json; charset=utf-8
host: localhost:61324
accept: */*

Response DefaultHttpResponse(decodeResult: success, version: HTTP/1.1)
HTTP/1.1 200 OK
Content-Type: application/json; charset=utf-8
cache-control: no-cache
content-length: 14

17:42:30.655 [AsyncHttpClient-1-2] DEBUG org.asynchttpclient.netty.channel.ChannelManager - Adding key: http://localhost:61324 for channel [id: 0x89687221, L:/127.0.0.1:57512 - R:localhost/127.0.0.1:61324]
17:42:30.670 [Forwarding setTimeout on session 3804a52f96d2eeb36549db6fbc7fe9a6 to remote] DEBUG org.asynchttpclient.netty.request.NettyRequestSender - Using pooled Channel '[id: 0x89687221, L:/127.0.0.1:57512 - R:localhost/127.0.0.1:61324]' for 'POST' to 'http://localhost:61324/session/3804a52f96d2eeb36549db6fbc7fe9a6/timeouts'
17:42:30.670 [Forwarding setTimeout on session 3804a52f96d2eeb36549db6fbc7fe9a6 to remote] DEBUG org.asynchttpclient.netty.request.NettyRequestSender - Using open Channel [id: 0x89687221, L:/127.0.0.1:57512 - R:localhost/127.0.0.1:61324] for POST '/session/3804a52f96d2eeb36549db6fbc7fe9a6/timeouts'
17:42:30.676 [AsyncHttpClient-1-2] DEBUG org.asynchttpclient.netty.handler.HttpHandler - 

Request DefaultHttpRequest(decodeResult: success, version: HTTP/1.1)
POST /session/3804a52f96d2eeb36549db6fbc7fe9a6/timeouts HTTP/1.1
User-Agent: selenium/4.3.0 (java windows)
Content-Length: 22
Content-Type: application/json; charset=utf-8
host: localhost:61324
accept: */*

Response DefaultHttpResponse(decodeResult: success, version: HTTP/1.1)
HTTP/1.1 200 OK
Content-Type: application/json; charset=utf-8
cache-control: no-cache
content-length: 14

17:42:30.678 [AsyncHttpClient-1-2] DEBUG org.asynchttpclient.netty.channel.ChannelManager - Adding key: http://localhost:61324 for channel [id: 0x89687221, L:/127.0.0.1:57512 - R:localhost/127.0.0.1:61324]
17:42:30.724 [Forwarding getCurrentUrl on session 3804a52f96d2eeb36549db6fbc7fe9a6 to remote] DEBUG org.asynchttpclient.netty.request.NettyRequestSender - Using pooled Channel '[id: 0x89687221, L:/127.0.0.1:57512 - R:localhost/127.0.0.1:61324]' for 'GET' to 'http://localhost:61324/session/3804a52f96d2eeb36549db6fbc7fe9a6/url'
17:42:30.726 [Forwarding getCurrentUrl on session 3804a52f96d2eeb36549db6fbc7fe9a6 to remote] DEBUG org.asynchttpclient.netty.request.NettyRequestSender - Using open Channel [id: 0x89687221, L:/127.0.0.1:57512 - R:localhost/127.0.0.1:61324] for GET '/session/3804a52f96d2eeb36549db6fbc7fe9a6/url'
17:42:30.734 [AsyncHttpClient-1-2] DEBUG org.asynchttpclient.netty.handler.HttpHandler - 

Request DefaultFullHttpRequest(decodeResult: success, version: HTTP/1.1, content: EmptyByteBufBE)
GET /session/3804a52f96d2eeb36549db6fbc7fe9a6/url HTTP/1.1
User-Agent: selenium/4.3.0 (java windows)
Cache-Control: no-cache
Content-Type: application/json; charset=utf-8
host: localhost:61324
accept: */*

Response DefaultHttpResponse(decodeResult: success, version: HTTP/1.1)
HTTP/1.1 200 OK
Content-Type: application/json; charset=utf-8
cache-control: no-cache
content-length: 38

17:42:30.735 [AsyncHttpClient-1-2] DEBUG org.asynchttpclient.netty.channel.ChannelManager - Adding key: http://localhost:61324 for channel [id: 0x89687221, L:/127.0.0.1:57512 - R:localhost/127.0.0.1:61324]
17:42:30.965 [Test worker] DEBUG net.serenitybdd.core.photography.Darkroom - Opening darkroom
17:42:30.969 [Forwarding screenshot on session 3804a52f96d2eeb36549db6fbc7fe9a6 to remote] DEBUG org.asynchttpclient.netty.request.NettyRequestSender - Using pooled Channel '[id: 0x89687221, L:/127.0.0.1:57512 - R:localhost/127.0.0.1:61324]' for 'GET' to 'http://localhost:61324/session/3804a52f96d2eeb36549db6fbc7fe9a6/screenshot'
17:42:30.974 [Forwarding screenshot on session 3804a52f96d2eeb36549db6fbc7fe9a6 to remote] DEBUG org.asynchttpclient.netty.request.NettyRequestSender - Using open Channel [id: 0x89687221, L:/127.0.0.1:57512 - R:localhost/127.0.0.1:61324] for GET '/session/3804a52f96d2eeb36549db6fbc7fe9a6/screenshot'
17:42:31.013 [Darkroom Processing Line] DEBUG net.serenitybdd.core.photography.DarkroomProcessingLine - Darkroom processing line starting up
17:42:31.216 [AsyncHttpClient-1-1] DEBUG org.asynchttpclient.netty.channel.DefaultChannelPool - Entry count for : http://localhost:57514 : 1
17:42:31.271 [AsyncHttpClient-1-2] DEBUG org.asynchttpclient.netty.handler.HttpHandler - 

Request DefaultFullHttpRequest(decodeResult: success, version: HTTP/1.1, content: EmptyByteBufBE)
GET /session/3804a52f96d2eeb36549db6fbc7fe9a6/screenshot HTTP/1.1
User-Agent: selenium/4.3.0 (java windows)
Cache-Control: no-cache
Content-Type: application/json; charset=utf-8
host: localhost:61324
accept: */*

Response DefaultHttpResponse(decodeResult: success, version: HTTP/1.1)
HTTP/1.1 200 OK
Content-Type: application/json; charset=utf-8
cache-control: no-cache
content-length: 286300

17:42:31.281 [AsyncHttpClient-1-2] DEBUG org.asynchttpclient.netty.channel.ChannelManager - Adding key: http://localhost:61324 for channel [id: 0x89687221, L:/127.0.0.1:57512 - R:localhost/127.0.0.1:61324]
17:42:31.731 [Test worker] DEBUG net.serenitybdd.core.photography.Darkroom - Send negative for processing for D:\Users\Usuario\Documents\Accenture\AutomatizacionAccenturePrueba\target\site\serenity\a3ab7520f88e6fcf321acc9a3c2b6054736575ededea7da725fbf7bc8cd3e5b9.png
17:42:31.732 [Darkroom Processing Line] DEBUG net.serenitybdd.core.photography.DarkroomProcessingLine - Processing screenshot image in /var/screenshots/screenshot-13154485678987293768
17:42:31.732 [Darkroom Processing Line] DEBUG net.serenitybdd.core.photography.DarkroomProcessingLine - Saving screenshot to D:\Users\Usuario\Documents\Accenture\AutomatizacionAccenturePrueba\target\site\serenity\a3ab7520f88e6fcf321acc9a3c2b6054736575ededea7da725fbf7bc8cd3e5b9.png
17:42:31.739 [Test worker] DEBUG net.thucydides.core.steps.StepInterceptor - STEP DONE: {0} opens the browser at #url
17:42:31.874 [Forwarding screenshot on session 3804a52f96d2eeb36549db6fbc7fe9a6 to remote] DEBUG org.asynchttpclient.netty.request.NettyRequestSender - Using pooled Channel '[id: 0x89687221, L:/127.0.0.1:57512 - R:localhost/127.0.0.1:61324]' for 'GET' to 'http://localhost:61324/session/3804a52f96d2eeb36549db6fbc7fe9a6/screenshot'
17:42:31.874 [Forwarding screenshot on session 3804a52f96d2eeb36549db6fbc7fe9a6 to remote] DEBUG org.asynchttpclient.netty.request.NettyRequestSender - Using open Channel [id: 0x89687221, L:/127.0.0.1:57512 - R:localhost/127.0.0.1:61324] for GET '/session/3804a52f96d2eeb36549db6fbc7fe9a6/screenshot'
17:42:32.232 [AsyncHttpClient-1-1] DEBUG org.asynchttpclient.netty.channel.DefaultChannelPool - Entry count for : http://localhost:57514 : 1
17:42:32.374 [AsyncHttpClient-1-2] DEBUG org.asynchttpclient.netty.handler.HttpHandler - 

Request DefaultFullHttpRequest(decodeResult: success, version: HTTP/1.1, content: EmptyByteBufBE)
GET /session/3804a52f96d2eeb36549db6fbc7fe9a6/screenshot HTTP/1.1
User-Agent: selenium/4.3.0 (java windows)
Cache-Control: no-cache
Content-Type: application/json; charset=utf-8
host: localhost:61324
accept: */*

Response DefaultHttpResponse(decodeResult: success, version: HTTP/1.1)
HTTP/1.1 200 OK
Content-Type: application/json; charset=utf-8
cache-control: no-cache
content-length: 438880

17:42:32.379 [AsyncHttpClient-1-2] DEBUG org.asynchttpclient.netty.channel.ChannelManager - Adding key: http://localhost:61324 for channel [id: 0x89687221, L:/127.0.0.1:57512 - R:localhost/127.0.0.1:61324]
17:42:32.417 [Test worker] DEBUG net.serenitybdd.core.photography.Darkroom - Send negative for processing for D:\Users\Usuario\Documents\Accenture\AutomatizacionAccenturePrueba\target\site\serenity\450ad0482b1b506db596418a8930ba8a37b5a708de38e6479f6d07fa327b2180.png
17:42:32.419 [Darkroom Processing Line] DEBUG net.serenitybdd.core.photography.DarkroomProcessingLine - Processing screenshot image in /var/screenshots/screenshot-2770621048325623511
17:42:32.419 [Darkroom Processing Line] DEBUG net.serenitybdd.core.photography.DarkroomProcessingLine - Saving screenshot to D:\Users\Usuario\Documents\Accenture\AutomatizacionAccenturePrueba\target\site\serenity\450ad0482b1b506db596418a8930ba8a37b5a708de38e6479f6d07fa327b2180.png
17:42:32.516 [Forwarding screenshot on session 3804a52f96d2eeb36549db6fbc7fe9a6 to remote] DEBUG org.asynchttpclient.netty.request.NettyRequestSender - Using pooled Channel '[id: 0x89687221, L:/127.0.0.1:57512 - R:localhost/127.0.0.1:61324]' for 'GET' to 'http://localhost:61324/session/3804a52f96d2eeb36549db6fbc7fe9a6/screenshot'
17:42:32.516 [Forwarding screenshot on session 3804a52f96d2eeb36549db6fbc7fe9a6 to remote] DEBUG org.asynchttpclient.netty.request.NettyRequestSender - Using open Channel [id: 0x89687221, L:/127.0.0.1:57512 - R:localhost/127.0.0.1:61324] for GET '/session/3804a52f96d2eeb36549db6fbc7fe9a6/screenshot'
17:42:32.758 [AsyncHttpClient-1-2] DEBUG org.asynchttpclient.netty.handler.HttpHandler - 

Request DefaultFullHttpRequest(decodeResult: success, version: HTTP/1.1, content: EmptyByteBufBE)
GET /session/3804a52f96d2eeb36549db6fbc7fe9a6/screenshot HTTP/1.1
User-Agent: selenium/4.3.0 (java windows)
Cache-Control: no-cache
Content-Type: application/json; charset=utf-8
host: localhost:61324
accept: */*

Response DefaultHttpResponse(decodeResult: success, version: HTTP/1.1)
HTTP/1.1 200 OK
Content-Type: application/json; charset=utf-8
cache-control: no-cache
content-length: 438880

17:42:32.763 [AsyncHttpClient-1-2] DEBUG org.asynchttpclient.netty.channel.ChannelManager - Adding key: http://localhost:61324 for channel [id: 0x89687221, L:/127.0.0.1:57512 - R:localhost/127.0.0.1:61324]
17:42:32.789 [Test worker] DEBUG net.serenitybdd.core.photography.Darkroom - Send negative for processing for D:\Users\Usuario\Documents\Accenture\AutomatizacionAccenturePrueba\target\site\serenity\450ad0482b1b506db596418a8930ba8a37b5a708de38e6479f6d07fa327b2180.png
17:42:32.790 [Test worker] DEBUG net.thucydides.core.steps.StepInterceptor - STARTING STEP: RunnerStepDefinitions.el_usuario_ingresa_a_la_pagina_con_las_credenciales - performAs
17:42:32.995 [Test worker] DEBUG net.serenitybdd.screenplay.targets.IFrameSwitcher - default content already selected for LOG IN
17:42:33.147 [Forwarding findElements on session 3804a52f96d2eeb36549db6fbc7fe9a6 to remote] DEBUG org.asynchttpclient.netty.request.NettyRequestSender - Using pooled Channel '[id: 0x89687221, L:/127.0.0.1:57512 - R:localhost/127.0.0.1:61324]' for 'POST' to 'http://localhost:61324/session/3804a52f96d2eeb36549db6fbc7fe9a6/elements'
17:42:33.147 [Forwarding findElements on session 3804a52f96d2eeb36549db6fbc7fe9a6 to remote] DEBUG org.asynchttpclient.netty.request.NettyRequestSender - Using open Channel [id: 0x89687221, L:/127.0.0.1:57512 - R:localhost/127.0.0.1:61324] for POST '/session/3804a52f96d2eeb36549db6fbc7fe9a6/elements'
17:42:33.169 [AsyncHttpClient-1-2] DEBUG org.asynchttpclient.netty.handler.HttpHandler - 

Request DefaultHttpRequest(decodeResult: success, version: HTTP/1.1)
POST /session/3804a52f96d2eeb36549db6fbc7fe9a6/elements HTTP/1.1
User-Agent: selenium/4.3.0 (java windows)
Content-Length: 66
Content-Type: application/json; charset=utf-8
host: localhost:61324
accept: */*

Response DefaultHttpResponse(decodeResult: success, version: HTTP/1.1)
HTTP/1.1 200 OK
Content-Type: application/json; charset=utf-8
cache-control: no-cache
content-length: 128

17:42:33.170 [AsyncHttpClient-1-2] DEBUG org.asynchttpclient.netty.channel.ChannelManager - Adding key: http://localhost:61324 for channel [id: 0x89687221, L:/127.0.0.1:57512 - R:localhost/127.0.0.1:61324]
17:42:33.271 [Forwarding isElementDisplayed on session 3804a52f96d2eeb36549db6fbc7fe9a6 to remote] DEBUG org.asynchttpclient.netty.request.NettyRequestSender - Using pooled Channel '[id: 0x89687221, L:/127.0.0.1:57512 - R:localhost/127.0.0.1:61324]' for 'POST' to 'http://localhost:61324/session/3804a52f96d2eeb36549db6fbc7fe9a6/execute/sync'
17:42:33.271 [Forwarding isElementDisplayed on session 3804a52f96d2eeb36549db6fbc7fe9a6 to remote] DEBUG org.asynchttpclient.netty.request.NettyRequestSender - Using open Channel [id: 0x89687221, L:/127.0.0.1:57512 - R:localhost/127.0.0.1:61324] for POST '/session/3804a52f96d2eeb36549db6fbc7fe9a6/execute/sync'
17:42:33.294 [AsyncHttpClient-1-2] DEBUG org.asynchttpclient.netty.handler.HttpHandler - 

Request DefaultHttpRequest(decodeResult: success, version: HTTP/1.1)
POST /session/3804a52f96d2eeb36549db6fbc7fe9a6/execute/sync HTTP/1.1
User-Agent: selenium/4.3.0 (java windows)
Content-Length: 48818
Content-Type: application/json; charset=utf-8
host: localhost:61324
accept: */*

Response DefaultHttpResponse(decodeResult: success, version: HTTP/1.1)
HTTP/1.1 200 OK
Content-Type: application/json; charset=utf-8
cache-control: no-cache
content-length: 14

17:42:33.295 [AsyncHttpClient-1-2] DEBUG org.asynchttpclient.netty.channel.ChannelManager - Adding key: http://localhost:61324 for channel [id: 0x89687221, L:/127.0.0.1:57512 - R:localhost/127.0.0.1:61324]
17:42:33.313 [Forwarding isElementEnabled on session 3804a52f96d2eeb36549db6fbc7fe9a6 to remote] DEBUG org.asynchttpclient.netty.request.NettyRequestSender - Using pooled Channel '[id: 0x89687221, L:/127.0.0.1:57512 - R:localhost/127.0.0.1:61324]' for 'GET' to 'http://localhost:61324/session/3804a52f96d2eeb36549db6fbc7fe9a6/element/f.3DC5CDB77786DE21E37CA50373E739D7.d.FFA96A58F9B31CD6D173255BD209AD77.e.53/enabled'
17:42:33.313 [Forwarding isElementEnabled on session 3804a52f96d2eeb36549db6fbc7fe9a6 to remote] DEBUG org.asynchttpclient.netty.request.NettyRequestSender - Using open Channel [id: 0x89687221, L:/127.0.0.1:57512 - R:localhost/127.0.0.1:61324] for GET '/session/3804a52f96d2eeb36549db6fbc7fe9a6/element/f.3DC5CDB77786DE21E37CA50373E739D7.d.FFA96A58F9B31CD6D173255BD209AD77.e.53/enabled'
17:42:33.327 [AsyncHttpClient-1-1] DEBUG org.asynchttpclient.netty.channel.DefaultChannelPool - Entry count for : http://localhost:57514 : 1
17:42:33.327 [AsyncHttpClient-1-2] DEBUG org.asynchttpclient.netty.handler.HttpHandler - 

Request DefaultFullHttpRequest(decodeResult: success, version: HTTP/1.1, content: EmptyByteBufBE)
GET /session/3804a52f96d2eeb36549db6fbc7fe9a6/element/f.3DC5CDB77786DE21E37CA50373E739D7.d.FFA96A58F9B31CD6D173255BD209AD77.e.53/enabled HTTP/1.1
User-Agent: selenium/4.3.0 (java windows)
Cache-Control: no-cache
Content-Type: application/json; charset=utf-8
host: localhost:61324
accept: */*

Response DefaultHttpResponse(decodeResult: success, version: HTTP/1.1)
HTTP/1.1 200 OK
Content-Type: application/json; charset=utf-8
cache-control: no-cache
content-length: 14

17:42:33.328 [AsyncHttpClient-1-2] DEBUG org.asynchttpclient.netty.channel.ChannelManager - Adding key: http://localhost:61324 for channel [id: 0x89687221, L:/127.0.0.1:57512 - R:localhost/127.0.0.1:61324]
17:42:33.342 [AsyncHttpClient-1-1] DEBUG org.asynchttpclient.netty.channel.DefaultChannelPool - Entry count for : http://localhost:61324 : 1
17:42:33.399 [Forwarding screenshot on session 3804a52f96d2eeb36549db6fbc7fe9a6 to remote] DEBUG org.asynchttpclient.netty.request.NettyRequestSender - Using pooled Channel '[id: 0x89687221, L:/127.0.0.1:57512 - R:localhost/127.0.0.1:61324]' for 'GET' to 'http://localhost:61324/session/3804a52f96d2eeb36549db6fbc7fe9a6/screenshot'
17:42:33.399 [Forwarding screenshot on session 3804a52f96d2eeb36549db6fbc7fe9a6 to remote] DEBUG org.asynchttpclient.netty.request.NettyRequestSender - Using open Channel [id: 0x89687221, L:/127.0.0.1:57512 - R:localhost/127.0.0.1:61324] for GET '/session/3804a52f96d2eeb36549db6fbc7fe9a6/screenshot'
17:42:33.658 [AsyncHttpClient-1-2] DEBUG org.asynchttpclient.netty.handler.HttpHandler - 

Request DefaultFullHttpRequest(decodeResult: success, version: HTTP/1.1, content: EmptyByteBufBE)
GET /session/3804a52f96d2eeb36549db6fbc7fe9a6/screenshot HTTP/1.1
User-Agent: selenium/4.3.0 (java windows)
Cache-Control: no-cache
Content-Type: application/json; charset=utf-8
host: localhost:61324
accept: */*

Response DefaultHttpResponse(decodeResult: success, version: HTTP/1.1)
HTTP/1.1 200 OK
Content-Type: application/json; charset=utf-8
cache-control: no-cache
content-length: 438880

17:42:33.662 [AsyncHttpClient-1-2] DEBUG org.asynchttpclient.netty.channel.ChannelManager - Adding key: http://localhost:61324 for channel [id: 0x89687221, L:/127.0.0.1:57512 - R:localhost/127.0.0.1:61324]
17:42:33.677 [Test worker] DEBUG net.serenitybdd.core.photography.Darkroom - Send negative for processing for D:\Users\Usuario\Documents\Accenture\AutomatizacionAccenturePrueba\target\site\serenity\450ad0482b1b506db596418a8930ba8a37b5a708de38e6479f6d07fa327b2180.png
17:42:33.678 [Test worker] DEBUG net.thucydides.core.steps.StepInterceptor - STARTING STEP: IngresarUsuario.performAs - {0} clicks on #target
17:42:33.679 [Test worker] DEBUG net.serenitybdd.screenplay.targets.IFrameSwitcher - default content already selected for LOG IN
17:42:33.871 [Forwarding findElement on session 3804a52f96d2eeb36549db6fbc7fe9a6 to remote] DEBUG org.asynchttpclient.netty.request.NettyRequestSender - Using pooled Channel '[id: 0x89687221, L:/127.0.0.1:57512 - R:localhost/127.0.0.1:61324]' for 'POST' to 'http://localhost:61324/session/3804a52f96d2eeb36549db6fbc7fe9a6/element'
17:42:33.871 [Forwarding findElement on session 3804a52f96d2eeb36549db6fbc7fe9a6 to remote] DEBUG org.asynchttpclient.netty.request.NettyRequestSender - Using open Channel [id: 0x89687221, L:/127.0.0.1:57512 - R:localhost/127.0.0.1:61324] for POST '/session/3804a52f96d2eeb36549db6fbc7fe9a6/element'
17:42:33.888 [AsyncHttpClient-1-2] DEBUG org.asynchttpclient.netty.handler.HttpHandler - 

Request DefaultHttpRequest(decodeResult: success, version: HTTP/1.1)
POST /session/3804a52f96d2eeb36549db6fbc7fe9a6/element HTTP/1.1
User-Agent: selenium/4.3.0 (java windows)
Content-Length: 66
Content-Type: application/json; charset=utf-8
host: localhost:61324
accept: */*

Response DefaultHttpResponse(decodeResult: success, version: HTTP/1.1)
HTTP/1.1 200 OK
Content-Type: application/json; charset=utf-8
cache-control: no-cache
content-length: 126

17:42:33.889 [AsyncHttpClient-1-2] DEBUG org.asynchttpclient.netty.channel.ChannelManager - Adding key: http://localhost:61324 for channel [id: 0x89687221, L:/127.0.0.1:57512 - R:localhost/127.0.0.1:61324]
17:42:33.914 [Forwarding isElementDisplayed on session 3804a52f96d2eeb36549db6fbc7fe9a6 to remote] DEBUG org.asynchttpclient.netty.request.NettyRequestSender - Using pooled Channel '[id: 0x89687221, L:/127.0.0.1:57512 - R:localhost/127.0.0.1:61324]' for 'POST' to 'http://localhost:61324/session/3804a52f96d2eeb36549db6fbc7fe9a6/execute/sync'
17:42:33.914 [Forwarding isElementDisplayed on session 3804a52f96d2eeb36549db6fbc7fe9a6 to remote] DEBUG org.asynchttpclient.netty.request.NettyRequestSender - Using open Channel [id: 0x89687221, L:/127.0.0.1:57512 - R:localhost/127.0.0.1:61324] for POST '/session/3804a52f96d2eeb36549db6fbc7fe9a6/execute/sync'
17:42:33.933 [AsyncHttpClient-1-2] DEBUG org.asynchttpclient.netty.handler.HttpHandler - 

Request DefaultHttpRequest(decodeResult: success, version: HTTP/1.1)
POST /session/3804a52f96d2eeb36549db6fbc7fe9a6/execute/sync HTTP/1.1
User-Agent: selenium/4.3.0 (java windows)
Content-Length: 48818
Content-Type: application/json; charset=utf-8
host: localhost:61324
accept: */*

Response DefaultHttpResponse(decodeResult: success, version: HTTP/1.1)
HTTP/1.1 200 OK
Content-Type: application/json; charset=utf-8
cache-control: no-cache
content-length: 14

17:42:33.934 [AsyncHttpClient-1-2] DEBUG org.asynchttpclient.netty.channel.ChannelManager - Adding key: http://localhost:61324 for channel [id: 0x89687221, L:/127.0.0.1:57512 - R:localhost/127.0.0.1:61324]
17:42:33.977 [Forwarding findElement on session 3804a52f96d2eeb36549db6fbc7fe9a6 to remote] DEBUG org.asynchttpclient.netty.request.NettyRequestSender - Using pooled Channel '[id: 0x89687221, L:/127.0.0.1:57512 - R:localhost/127.0.0.1:61324]' for 'POST' to 'http://localhost:61324/session/3804a52f96d2eeb36549db6fbc7fe9a6/element'
17:42:33.977 [Forwarding findElement on session 3804a52f96d2eeb36549db6fbc7fe9a6 to remote] DEBUG org.asynchttpclient.netty.request.NettyRequestSender - Using open Channel [id: 0x89687221, L:/127.0.0.1:57512 - R:localhost/127.0.0.1:61324] for POST '/session/3804a52f96d2eeb36549db6fbc7fe9a6/element'
17:42:33.988 [AsyncHttpClient-1-2] DEBUG org.asynchttpclient.netty.handler.HttpHandler - 

Request DefaultHttpRequest(decodeResult: success, version: HTTP/1.1)
POST /session/3804a52f96d2eeb36549db6fbc7fe9a6/element HTTP/1.1
User-Agent: selenium/4.3.0 (java windows)
Content-Length: 66
Content-Type: application/json; charset=utf-8
host: localhost:61324
accept: */*

Response DefaultHttpResponse(decodeResult: success, version: HTTP/1.1)
HTTP/1.1 200 OK
Content-Type: application/json; charset=utf-8
cache-control: no-cache
content-length: 126

17:42:33.988 [AsyncHttpClient-1-2] DEBUG org.asynchttpclient.netty.channel.ChannelManager - Adding key: http://localhost:61324 for channel [id: 0x89687221, L:/127.0.0.1:57512 - R:localhost/127.0.0.1:61324]
17:42:33.994 [Forwarding clickElement on session 3804a52f96d2eeb36549db6fbc7fe9a6 to remote] DEBUG org.asynchttpclient.netty.request.NettyRequestSender - Using pooled Channel '[id: 0x89687221, L:/127.0.0.1:57512 - R:localhost/127.0.0.1:61324]' for 'POST' to 'http://localhost:61324/session/3804a52f96d2eeb36549db6fbc7fe9a6/element/f.3DC5CDB77786DE21E37CA50373E739D7.d.FFA96A58F9B31CD6D173255BD209AD77.e.53/click'
17:42:33.994 [Forwarding clickElement on session 3804a52f96d2eeb36549db6fbc7fe9a6 to remote] DEBUG org.asynchttpclient.netty.request.NettyRequestSender - Using open Channel [id: 0x89687221, L:/127.0.0.1:57512 - R:localhost/127.0.0.1:61324] for POST '/session/3804a52f96d2eeb36549db6fbc7fe9a6/element/f.3DC5CDB77786DE21E37CA50373E739D7.d.FFA96A58F9B31CD6D173255BD209AD77.e.53/click'
17:42:34.081 [AsyncHttpClient-1-2] DEBUG org.asynchttpclient.netty.handler.HttpHandler - 

Request DefaultHttpRequest(decodeResult: success, version: HTTP/1.1)
POST /session/3804a52f96d2eeb36549db6fbc7fe9a6/element/f.3DC5CDB77786DE21E37CA50373E739D7.d.FFA96A58F9B31CD6D173255BD209AD77.e.53/click HTTP/1.1
User-Agent: selenium/4.3.0 (java windows)
Content-Length: 88
Content-Type: application/json; charset=utf-8
host: localhost:61324
accept: */*

Response DefaultHttpResponse(decodeResult: success, version: HTTP/1.1)
HTTP/1.1 200 OK
Content-Type: application/json; charset=utf-8
cache-control: no-cache
content-length: 14

17:42:34.082 [AsyncHttpClient-1-2] DEBUG org.asynchttpclient.netty.channel.ChannelManager - Adding key: http://localhost:61324 for channel [id: 0x89687221, L:/127.0.0.1:57512 - R:localhost/127.0.0.1:61324]
17:42:34.121 [Forwarding screenshot on session 3804a52f96d2eeb36549db6fbc7fe9a6 to remote] DEBUG org.asynchttpclient.netty.request.NettyRequestSender - Using pooled Channel '[id: 0x89687221, L:/127.0.0.1:57512 - R:localhost/127.0.0.1:61324]' for 'GET' to 'http://localhost:61324/session/3804a52f96d2eeb36549db6fbc7fe9a6/screenshot'
17:42:34.121 [Forwarding screenshot on session 3804a52f96d2eeb36549db6fbc7fe9a6 to remote] DEBUG org.asynchttpclient.netty.request.NettyRequestSender - Using open Channel [id: 0x89687221, L:/127.0.0.1:57512 - R:localhost/127.0.0.1:61324] for GET '/session/3804a52f96d2eeb36549db6fbc7fe9a6/screenshot'
17:42:34.348 [AsyncHttpClient-1-2] DEBUG org.asynchttpclient.netty.handler.HttpHandler - 

Request DefaultFullHttpRequest(decodeResult: success, version: HTTP/1.1, content: EmptyByteBufBE)
GET /session/3804a52f96d2eeb36549db6fbc7fe9a6/screenshot HTTP/1.1
User-Agent: selenium/4.3.0 (java windows)
Cache-Control: no-cache
Content-Type: application/json; charset=utf-8
host: localhost:61324
accept: */*

Response DefaultHttpResponse(decodeResult: success, version: HTTP/1.1)
HTTP/1.1 200 OK
Content-Type: application/json; charset=utf-8
cache-control: no-cache
content-length: 396008

17:42:34.351 [AsyncHttpClient-1-2] DEBUG org.asynchttpclient.netty.channel.ChannelManager - Adding key: http://localhost:61324 for channel [id: 0x89687221, L:/127.0.0.1:57512 - R:localhost/127.0.0.1:61324]
17:42:34.364 [Test worker] DEBUG net.serenitybdd.core.photography.Darkroom - Send negative for processing for D:\Users\Usuario\Documents\Accenture\AutomatizacionAccenturePrueba\target\site\serenity\7a95bb7c234b612cbf8daa1265a603bbc39656656c4b8c620a33d5a67b27b625.png
17:42:34.364 [Darkroom Processing Line] DEBUG net.serenitybdd.core.photography.DarkroomProcessingLine - Processing screenshot image in /var/screenshots/screenshot-12025771309715270255
17:42:34.364 [Darkroom Processing Line] DEBUG net.serenitybdd.core.photography.DarkroomProcessingLine - Saving screenshot to D:\Users\Usuario\Documents\Accenture\AutomatizacionAccenturePrueba\target\site\serenity\7a95bb7c234b612cbf8daa1265a603bbc39656656c4b8c620a33d5a67b27b625.png
17:42:34.411 [Test worker] DEBUG net.thucydides.core.steps.StepInterceptor - STEP DONE: {0} clicks on #target
17:42:34.432 [AsyncHttpClient-1-1] DEBUG org.asynchttpclient.netty.channel.DefaultChannelPool - Entry count for : http://localhost:57514 : 1
17:42:34.433 [AsyncHttpClient-1-1] DEBUG org.asynchttpclient.netty.channel.DefaultChannelPool - Entry count for : http://localhost:61324 : 1
17:42:34.495 [Forwarding screenshot on session 3804a52f96d2eeb36549db6fbc7fe9a6 to remote] DEBUG org.asynchttpclient.netty.request.NettyRequestSender - Using pooled Channel '[id: 0x89687221, L:/127.0.0.1:57512 - R:localhost/127.0.0.1:61324]' for 'GET' to 'http://localhost:61324/session/3804a52f96d2eeb36549db6fbc7fe9a6/screenshot'
17:42:34.497 [Forwarding screenshot on session 3804a52f96d2eeb36549db6fbc7fe9a6 to remote] DEBUG org.asynchttpclient.netty.request.NettyRequestSender - Using open Channel [id: 0x89687221, L:/127.0.0.1:57512 - R:localhost/127.0.0.1:61324] for GET '/session/3804a52f96d2eeb36549db6fbc7fe9a6/screenshot'
17:42:34.688 [AsyncHttpClient-1-2] DEBUG org.asynchttpclient.netty.handler.HttpHandler - 

Request DefaultFullHttpRequest(decodeResult: success, version: HTTP/1.1, content: EmptyByteBufBE)
GET /session/3804a52f96d2eeb36549db6fbc7fe9a6/screenshot HTTP/1.1
User-Agent: selenium/4.3.0 (java windows)
Cache-Control: no-cache
Content-Type: application/json; charset=utf-8
host: localhost:61324
accept: */*

Response DefaultHttpResponse(decodeResult: success, version: HTTP/1.1)
HTTP/1.1 200 OK
Content-Type: application/json; charset=utf-8
cache-control: no-cache
content-length: 228780

17:42:34.690 [AsyncHttpClient-1-2] DEBUG org.asynchttpclient.netty.channel.ChannelManager - Adding key: http://localhost:61324 for channel [id: 0x89687221, L:/127.0.0.1:57512 - R:localhost/127.0.0.1:61324]
17:42:34.698 [Test worker] DEBUG net.serenitybdd.core.photography.Darkroom - Send negative for processing for D:\Users\Usuario\Documents\Accenture\AutomatizacionAccenturePrueba\target\site\serenity\e4e7a0e60d372b3c310a669b1b4a06660ac00f9e37b7eaee112531d8d2743edd.png
17:42:34.699 [Darkroom Processing Line] DEBUG net.serenitybdd.core.photography.DarkroomProcessingLine - Processing screenshot image in /var/screenshots/screenshot-8739179149967484281
17:42:34.699 [Darkroom Processing Line] DEBUG net.serenitybdd.core.photography.DarkroomProcessingLine - Saving screenshot to D:\Users\Usuario\Documents\Accenture\AutomatizacionAccenturePrueba\target\site\serenity\e4e7a0e60d372b3c310a669b1b4a06660ac00f9e37b7eaee112531d8d2743edd.png
17:42:34.701 [Test worker] DEBUG net.thucydides.core.steps.StepInterceptor - STARTING STEP: IngresarUsuario.performAs - {0} enters #theTextAsAString into #target
17:42:34.718 [Test worker] DEBUG net.serenitybdd.screenplay.targets.IFrameSwitcher - default content already selected for name login
17:42:34.798 [Forwarding findElement on session 3804a52f96d2eeb36549db6fbc7fe9a6 to remote] DEBUG org.asynchttpclient.netty.request.NettyRequestSender - Using pooled Channel '[id: 0x89687221, L:/127.0.0.1:57512 - R:localhost/127.0.0.1:61324]' for 'POST' to 'http://localhost:61324/session/3804a52f96d2eeb36549db6fbc7fe9a6/element'
17:42:34.799 [Forwarding findElement on session 3804a52f96d2eeb36549db6fbc7fe9a6 to remote] DEBUG org.asynchttpclient.netty.request.NettyRequestSender - Using open Channel [id: 0x89687221, L:/127.0.0.1:57512 - R:localhost/127.0.0.1:61324] for POST '/session/3804a52f96d2eeb36549db6fbc7fe9a6/element'
17:42:34.833 [AsyncHttpClient-1-2] DEBUG org.asynchttpclient.netty.handler.HttpHandler - 

Request DefaultHttpRequest(decodeResult: success, version: HTTP/1.1)
POST /session/3804a52f96d2eeb36549db6fbc7fe9a6/element HTTP/1.1
User-Agent: selenium/4.3.0 (java windows)
Content-Length: 77
Content-Type: application/json; charset=utf-8
host: localhost:61324
accept: */*

Response DefaultHttpResponse(decodeResult: success, version: HTTP/1.1)
HTTP/1.1 200 OK
Content-Type: application/json; charset=utf-8
cache-control: no-cache
content-length: 126

17:42:34.833 [AsyncHttpClient-1-2] DEBUG org.asynchttpclient.netty.channel.ChannelManager - Adding key: http://localhost:61324 for channel [id: 0x89687221, L:/127.0.0.1:57512 - R:localhost/127.0.0.1:61324]
17:42:34.836 [Forwarding clearElement on session 3804a52f96d2eeb36549db6fbc7fe9a6 to remote] DEBUG org.asynchttpclient.netty.request.NettyRequestSender - Using pooled Channel '[id: 0x89687221, L:/127.0.0.1:57512 - R:localhost/127.0.0.1:61324]' for 'POST' to 'http://localhost:61324/session/3804a52f96d2eeb36549db6fbc7fe9a6/element/f.3DC5CDB77786DE21E37CA50373E739D7.d.FFA96A58F9B31CD6D173255BD209AD77.e.15/clear'
17:42:34.836 [Forwarding clearElement on session 3804a52f96d2eeb36549db6fbc7fe9a6 to remote] DEBUG org.asynchttpclient.netty.request.NettyRequestSender - Using open Channel [id: 0x89687221, L:/127.0.0.1:57512 - R:localhost/127.0.0.1:61324] for POST '/session/3804a52f96d2eeb36549db6fbc7fe9a6/element/f.3DC5CDB77786DE21E37CA50373E739D7.d.FFA96A58F9B31CD6D173255BD209AD77.e.15/clear'
17:42:34.906 [AsyncHttpClient-1-2] DEBUG org.asynchttpclient.netty.handler.HttpHandler - 

Request DefaultHttpRequest(decodeResult: success, version: HTTP/1.1)
POST /session/3804a52f96d2eeb36549db6fbc7fe9a6/element/f.3DC5CDB77786DE21E37CA50373E739D7.d.FFA96A58F9B31CD6D173255BD209AD77.e.15/clear HTTP/1.1
User-Agent: selenium/4.3.0 (java windows)
Content-Length: 88
Content-Type: application/json; charset=utf-8
host: localhost:61324
accept: */*

Response DefaultHttpResponse(decodeResult: success, version: HTTP/1.1)
HTTP/1.1 200 OK
Content-Type: application/json; charset=utf-8
cache-control: no-cache
content-length: 14

17:42:34.906 [AsyncHttpClient-1-2] DEBUG org.asynchttpclient.netty.channel.ChannelManager - Adding key: http://localhost:61324 for channel [id: 0x89687221, L:/127.0.0.1:57512 - R:localhost/127.0.0.1:61324]
17:42:34.924 [Forwarding sendKeysToElement on session 3804a52f96d2eeb36549db6fbc7fe9a6 to remote] DEBUG org.asynchttpclient.netty.request.NettyRequestSender - Using pooled Channel '[id: 0x89687221, L:/127.0.0.1:57512 - R:localhost/127.0.0.1:61324]' for 'POST' to 'http://localhost:61324/session/3804a52f96d2eeb36549db6fbc7fe9a6/element/f.3DC5CDB77786DE21E37CA50373E739D7.d.FFA96A58F9B31CD6D173255BD209AD77.e.15/value'
17:42:34.925 [Forwarding sendKeysToElement on session 3804a52f96d2eeb36549db6fbc7fe9a6 to remote] DEBUG org.asynchttpclient.netty.request.NettyRequestSender - Using open Channel [id: 0x89687221, L:/127.0.0.1:57512 - R:localhost/127.0.0.1:61324] for POST '/session/3804a52f96d2eeb36549db6fbc7fe9a6/element/f.3DC5CDB77786DE21E37CA50373E739D7.d.FFA96A58F9B31CD6D173255BD209AD77.e.15/value'
17:42:35.017 [AsyncHttpClient-1-2] DEBUG org.asynchttpclient.netty.handler.HttpHandler - 

Request DefaultHttpRequest(decodeResult: success, version: HTTP/1.1)
POST /session/3804a52f96d2eeb36549db6fbc7fe9a6/element/f.3DC5CDB77786DE21E37CA50373E739D7.d.FFA96A58F9B31CD6D173255BD209AD77.e.15/value HTTP/1.1
User-Agent: selenium/4.3.0 (java windows)
Content-Length: 209
Content-Type: application/json; charset=utf-8
host: localhost:61324
accept: */*

Response DefaultHttpResponse(decodeResult: success, version: HTTP/1.1)
HTTP/1.1 200 OK
Content-Type: application/json; charset=utf-8
cache-control: no-cache
content-length: 14

17:42:35.018 [AsyncHttpClient-1-2] DEBUG org.asynchttpclient.netty.channel.ChannelManager - Adding key: http://localhost:61324 for channel [id: 0x89687221, L:/127.0.0.1:57512 - R:localhost/127.0.0.1:61324]
17:42:35.057 [Forwarding screenshot on session 3804a52f96d2eeb36549db6fbc7fe9a6 to remote] DEBUG org.asynchttpclient.netty.request.NettyRequestSender - Using pooled Channel '[id: 0x89687221, L:/127.0.0.1:57512 - R:localhost/127.0.0.1:61324]' for 'GET' to 'http://localhost:61324/session/3804a52f96d2eeb36549db6fbc7fe9a6/screenshot'
17:42:35.057 [Forwarding screenshot on session 3804a52f96d2eeb36549db6fbc7fe9a6 to remote] DEBUG org.asynchttpclient.netty.request.NettyRequestSender - Using open Channel [id: 0x89687221, L:/127.0.0.1:57512 - R:localhost/127.0.0.1:61324] for GET '/session/3804a52f96d2eeb36549db6fbc7fe9a6/screenshot'
17:42:35.239 [AsyncHttpClient-1-2] DEBUG org.asynchttpclient.netty.handler.HttpHandler - 

Request DefaultFullHttpRequest(decodeResult: success, version: HTTP/1.1, content: EmptyByteBufBE)
GET /session/3804a52f96d2eeb36549db6fbc7fe9a6/screenshot HTTP/1.1
User-Agent: selenium/4.3.0 (java windows)
Cache-Control: no-cache
Content-Type: application/json; charset=utf-8
host: localhost:61324
accept: */*

Response DefaultHttpResponse(decodeResult: success, version: HTTP/1.1)
HTTP/1.1 200 OK
Content-Type: application/json; charset=utf-8
cache-control: no-cache
content-length: 230556

17:42:35.241 [AsyncHttpClient-1-2] DEBUG org.asynchttpclient.netty.channel.ChannelManager - Adding key: http://localhost:61324 for channel [id: 0x89687221, L:/127.0.0.1:57512 - R:localhost/127.0.0.1:61324]
17:42:35.249 [Test worker] DEBUG net.serenitybdd.core.photography.Darkroom - Send negative for processing for D:\Users\Usuario\Documents\Accenture\AutomatizacionAccenturePrueba\target\site\serenity\ab51e6702d57d3a80082818140ff5c70827226e3bf21552d4accb6e33ae11c58.png
17:42:35.249 [Darkroom Processing Line] DEBUG net.serenitybdd.core.photography.DarkroomProcessingLine - Processing screenshot image in /var/screenshots/screenshot-14895840749228187851
17:42:35.249 [Darkroom Processing Line] DEBUG net.serenitybdd.core.photography.DarkroomProcessingLine - Saving screenshot to D:\Users\Usuario\Documents\Accenture\AutomatizacionAccenturePrueba\target\site\serenity\ab51e6702d57d3a80082818140ff5c70827226e3bf21552d4accb6e33ae11c58.png
17:42:35.336 [Forwarding screenshot on session 3804a52f96d2eeb36549db6fbc7fe9a6 to remote] DEBUG org.asynchttpclient.netty.request.NettyRequestSender - Using pooled Channel '[id: 0x89687221, L:/127.0.0.1:57512 - R:localhost/127.0.0.1:61324]' for 'GET' to 'http://localhost:61324/session/3804a52f96d2eeb36549db6fbc7fe9a6/screenshot'
17:42:35.336 [Forwarding screenshot on session 3804a52f96d2eeb36549db6fbc7fe9a6 to remote] DEBUG org.asynchttpclient.netty.request.NettyRequestSender - Using open Channel [id: 0x89687221, L:/127.0.0.1:57512 - R:localhost/127.0.0.1:61324] for GET '/session/3804a52f96d2eeb36549db6fbc7fe9a6/screenshot'
17:42:35.520 [AsyncHttpClient-1-2] DEBUG org.asynchttpclient.netty.handler.HttpHandler - 

Request DefaultFullHttpRequest(decodeResult: success, version: HTTP/1.1, content: EmptyByteBufBE)
GET /session/3804a52f96d2eeb36549db6fbc7fe9a6/screenshot HTTP/1.1
User-Agent: selenium/4.3.0 (java windows)
Cache-Control: no-cache
Content-Type: application/json; charset=utf-8
host: localhost:61324
accept: */*

Response DefaultHttpResponse(decodeResult: success, version: HTTP/1.1)
HTTP/1.1 200 OK
Content-Type: application/json; charset=utf-8
cache-control: no-cache
content-length: 230544

17:42:35.522 [AsyncHttpClient-1-2] DEBUG org.asynchttpclient.netty.channel.ChannelManager - Adding key: http://localhost:61324 for channel [id: 0x89687221, L:/127.0.0.1:57512 - R:localhost/127.0.0.1:61324]
17:42:35.533 [Test worker] DEBUG net.serenitybdd.core.photography.Darkroom - Send negative for processing for D:\Users\Usuario\Documents\Accenture\AutomatizacionAccenturePrueba\target\site\serenity\a5fafa8283b6d38fd2660f908f3127c7b25e321c82910d9fa99ae6285b69f5ab.png
17:42:35.534 [Test worker] DEBUG net.thucydides.core.steps.StepInterceptor - STEP DONE: {0} enters #theTextAsAString into #target
17:42:35.535 [Darkroom Processing Line] DEBUG net.serenitybdd.core.photography.DarkroomProcessingLine - Processing screenshot image in /var/screenshots/screenshot-4482075042042713872
17:42:35.535 [Darkroom Processing Line] DEBUG net.serenitybdd.core.photography.DarkroomProcessingLine - Saving screenshot to D:\Users\Usuario\Documents\Accenture\AutomatizacionAccenturePrueba\target\site\serenity\a5fafa8283b6d38fd2660f908f3127c7b25e321c82910d9fa99ae6285b69f5ab.png
17:42:35.562 [AsyncHttpClient-1-1] DEBUG org.asynchttpclient.netty.channel.DefaultChannelPool - Entry count for : http://localhost:57514 : 1
17:42:35.563 [AsyncHttpClient-1-1] DEBUG org.asynchttpclient.netty.channel.DefaultChannelPool - Entry count for : http://localhost:61324 : 1
17:42:35.616 [Forwarding screenshot on session 3804a52f96d2eeb36549db6fbc7fe9a6 to remote] DEBUG org.asynchttpclient.netty.request.NettyRequestSender - Using pooled Channel '[id: 0x89687221, L:/127.0.0.1:57512 - R:localhost/127.0.0.1:61324]' for 'GET' to 'http://localhost:61324/session/3804a52f96d2eeb36549db6fbc7fe9a6/screenshot'
17:42:35.621 [Forwarding screenshot on session 3804a52f96d2eeb36549db6fbc7fe9a6 to remote] DEBUG org.asynchttpclient.netty.request.NettyRequestSender - Using open Channel [id: 0x89687221, L:/127.0.0.1:57512 - R:localhost/127.0.0.1:61324] for GET '/session/3804a52f96d2eeb36549db6fbc7fe9a6/screenshot'
17:42:35.788 [AsyncHttpClient-1-2] DEBUG org.asynchttpclient.netty.handler.HttpHandler - 

Request DefaultFullHttpRequest(decodeResult: success, version: HTTP/1.1, content: EmptyByteBufBE)
GET /session/3804a52f96d2eeb36549db6fbc7fe9a6/screenshot HTTP/1.1
User-Agent: selenium/4.3.0 (java windows)
Cache-Control: no-cache
Content-Type: application/json; charset=utf-8
host: localhost:61324
accept: */*

Response DefaultHttpResponse(decodeResult: success, version: HTTP/1.1)
HTTP/1.1 200 OK
Content-Type: application/json; charset=utf-8
cache-control: no-cache
content-length: 230480

17:42:35.790 [AsyncHttpClient-1-2] DEBUG org.asynchttpclient.netty.channel.ChannelManager - Adding key: http://localhost:61324 for channel [id: 0x89687221, L:/127.0.0.1:57512 - R:localhost/127.0.0.1:61324]
17:42:35.802 [Test worker] DEBUG net.serenitybdd.core.photography.Darkroom - Send negative for processing for D:\Users\Usuario\Documents\Accenture\AutomatizacionAccenturePrueba\target\site\serenity\3fb14caa3d39fcca52d9a79843ae90021a9a5db41c9dee1917a46c155e00329e.png
17:42:35.803 [Test worker] DEBUG net.thucydides.core.steps.StepInterceptor - STARTING STEP: IngresarUsuario.performAs - {0} enters #theTextAsAString into #target
17:42:35.805 [Darkroom Processing Line] DEBUG net.serenitybdd.core.photography.DarkroomProcessingLine - Processing screenshot image in /var/screenshots/screenshot-1964484649506544641
17:42:35.806 [Darkroom Processing Line] DEBUG net.serenitybdd.core.photography.DarkroomProcessingLine - Saving screenshot to D:\Users\Usuario\Documents\Accenture\AutomatizacionAccenturePrueba\target\site\serenity\3fb14caa3d39fcca52d9a79843ae90021a9a5db41c9dee1917a46c155e00329e.png
17:42:35.830 [Test worker] DEBUG net.serenitybdd.screenplay.targets.IFrameSwitcher - default content already selected for password login
17:42:35.957 [Forwarding findElement on session 3804a52f96d2eeb36549db6fbc7fe9a6 to remote] DEBUG org.asynchttpclient.netty.request.NettyRequestSender - Using pooled Channel '[id: 0x89687221, L:/127.0.0.1:57512 - R:localhost/127.0.0.1:61324]' for 'POST' to 'http://localhost:61324/session/3804a52f96d2eeb36549db6fbc7fe9a6/element'
17:42:35.957 [Forwarding findElement on session 3804a52f96d2eeb36549db6fbc7fe9a6 to remote] DEBUG org.asynchttpclient.netty.request.NettyRequestSender - Using open Channel [id: 0x89687221, L:/127.0.0.1:57512 - R:localhost/127.0.0.1:61324] for POST '/session/3804a52f96d2eeb36549db6fbc7fe9a6/element'
17:42:35.986 [AsyncHttpClient-1-2] DEBUG org.asynchttpclient.netty.handler.HttpHandler - 

Request DefaultHttpRequest(decodeResult: success, version: HTTP/1.1)
POST /session/3804a52f96d2eeb36549db6fbc7fe9a6/element HTTP/1.1
User-Agent: selenium/4.3.0 (java windows)
Content-Length: 77
Content-Type: application/json; charset=utf-8
host: localhost:61324
accept: */*

Response DefaultHttpResponse(decodeResult: success, version: HTTP/1.1)
HTTP/1.1 200 OK
Content-Type: application/json; charset=utf-8
cache-control: no-cache
content-length: 126

17:42:35.986 [AsyncHttpClient-1-2] DEBUG org.asynchttpclient.netty.channel.ChannelManager - Adding key: http://localhost:61324 for channel [id: 0x89687221, L:/127.0.0.1:57512 - R:localhost/127.0.0.1:61324]
17:42:35.991 [Forwarding clearElement on session 3804a52f96d2eeb36549db6fbc7fe9a6 to remote] DEBUG org.asynchttpclient.netty.request.NettyRequestSender - Using pooled Channel '[id: 0x89687221, L:/127.0.0.1:57512 - R:localhost/127.0.0.1:61324]' for 'POST' to 'http://localhost:61324/session/3804a52f96d2eeb36549db6fbc7fe9a6/element/f.3DC5CDB77786DE21E37CA50373E739D7.d.FFA96A58F9B31CD6D173255BD209AD77.e.16/clear'
17:42:35.991 [Forwarding clearElement on session 3804a52f96d2eeb36549db6fbc7fe9a6 to remote] DEBUG org.asynchttpclient.netty.request.NettyRequestSender - Using open Channel [id: 0x89687221, L:/127.0.0.1:57512 - R:localhost/127.0.0.1:61324] for POST '/session/3804a52f96d2eeb36549db6fbc7fe9a6/element/f.3DC5CDB77786DE21E37CA50373E739D7.d.FFA96A58F9B31CD6D173255BD209AD77.e.16/clear'
17:42:36.048 [AsyncHttpClient-1-2] DEBUG org.asynchttpclient.netty.handler.HttpHandler - 

Request DefaultHttpRequest(decodeResult: success, version: HTTP/1.1)
POST /session/3804a52f96d2eeb36549db6fbc7fe9a6/element/f.3DC5CDB77786DE21E37CA50373E739D7.d.FFA96A58F9B31CD6D173255BD209AD77.e.16/clear HTTP/1.1
User-Agent: selenium/4.3.0 (java windows)
Content-Length: 88
Content-Type: application/json; charset=utf-8
host: localhost:61324
accept: */*

Response DefaultHttpResponse(decodeResult: success, version: HTTP/1.1)
HTTP/1.1 200 OK
Content-Type: application/json; charset=utf-8
cache-control: no-cache
content-length: 14

17:42:36.048 [AsyncHttpClient-1-2] DEBUG org.asynchttpclient.netty.channel.ChannelManager - Adding key: http://localhost:61324 for channel [id: 0x89687221, L:/127.0.0.1:57512 - R:localhost/127.0.0.1:61324]
17:42:36.069 [Forwarding sendKeysToElement on session 3804a52f96d2eeb36549db6fbc7fe9a6 to remote] DEBUG org.asynchttpclient.netty.request.NettyRequestSender - Using pooled Channel '[id: 0x89687221, L:/127.0.0.1:57512 - R:localhost/127.0.0.1:61324]' for 'POST' to 'http://localhost:61324/session/3804a52f96d2eeb36549db6fbc7fe9a6/element/f.3DC5CDB77786DE21E37CA50373E739D7.d.FFA96A58F9B31CD6D173255BD209AD77.e.16/value'
17:42:36.069 [Forwarding sendKeysToElement on session 3804a52f96d2eeb36549db6fbc7fe9a6 to remote] DEBUG org.asynchttpclient.netty.request.NettyRequestSender - Using open Channel [id: 0x89687221, L:/127.0.0.1:57512 - R:localhost/127.0.0.1:61324] for POST '/session/3804a52f96d2eeb36549db6fbc7fe9a6/element/f.3DC5CDB77786DE21E37CA50373E739D7.d.FFA96A58F9B31CD6D173255BD209AD77.e.16/value'
17:42:36.356 [AsyncHttpClient-1-2] DEBUG org.asynchttpclient.netty.handler.HttpHandler - 

Request DefaultHttpRequest(decodeResult: success, version: HTTP/1.1)
POST /session/3804a52f96d2eeb36549db6fbc7fe9a6/element/f.3DC5CDB77786DE21E37CA50373E739D7.d.FFA96A58F9B31CD6D173255BD209AD77.e.16/value HTTP/1.1
User-Agent: selenium/4.3.0 (java windows)
Content-Length: 199
Content-Type: application/json; charset=utf-8
host: localhost:61324
accept: */*

Response DefaultHttpResponse(decodeResult: success, version: HTTP/1.1)
HTTP/1.1 200 OK
Content-Type: application/json; charset=utf-8
cache-control: no-cache
content-length: 14

17:42:36.357 [AsyncHttpClient-1-2] DEBUG org.asynchttpclient.netty.channel.ChannelManager - Adding key: http://localhost:61324 for channel [id: 0x89687221, L:/127.0.0.1:57512 - R:localhost/127.0.0.1:61324]
17:42:36.399 [Forwarding screenshot on session 3804a52f96d2eeb36549db6fbc7fe9a6 to remote] DEBUG org.asynchttpclient.netty.request.NettyRequestSender - Using pooled Channel '[id: 0x89687221, L:/127.0.0.1:57512 - R:localhost/127.0.0.1:61324]' for 'GET' to 'http://localhost:61324/session/3804a52f96d2eeb36549db6fbc7fe9a6/screenshot'
17:42:36.399 [Forwarding screenshot on session 3804a52f96d2eeb36549db6fbc7fe9a6 to remote] DEBUG org.asynchttpclient.netty.request.NettyRequestSender - Using open Channel [id: 0x89687221, L:/127.0.0.1:57512 - R:localhost/127.0.0.1:61324] for GET '/session/3804a52f96d2eeb36549db6fbc7fe9a6/screenshot'
17:42:36.593 [AsyncHttpClient-1-2] DEBUG org.asynchttpclient.netty.handler.HttpHandler - 

Request DefaultFullHttpRequest(decodeResult: success, version: HTTP/1.1, content: EmptyByteBufBE)
GET /session/3804a52f96d2eeb36549db6fbc7fe9a6/screenshot HTTP/1.1
User-Agent: selenium/4.3.0 (java windows)
Cache-Control: no-cache
Content-Type: application/json; charset=utf-8
host: localhost:61324
accept: */*

Response DefaultHttpResponse(decodeResult: success, version: HTTP/1.1)
HTTP/1.1 200 OK
Content-Type: application/json; charset=utf-8
cache-control: no-cache
content-length: 231160

17:42:36.595 [AsyncHttpClient-1-2] DEBUG org.asynchttpclient.netty.channel.ChannelManager - Adding key: http://localhost:61324 for channel [id: 0x89687221, L:/127.0.0.1:57512 - R:localhost/127.0.0.1:61324]
17:42:36.603 [Test worker] DEBUG net.serenitybdd.core.photography.Darkroom - Send negative for processing for D:\Users\Usuario\Documents\Accenture\AutomatizacionAccenturePrueba\target\site\serenity\61d56d5609808330c5034d1ea26ac4851f4e2727ae4445120c28cdb6f915fb9d.png
17:42:36.604 [Darkroom Processing Line] DEBUG net.serenitybdd.core.photography.DarkroomProcessingLine - Processing screenshot image in /var/screenshots/screenshot-10021774280234321462
17:42:36.604 [Darkroom Processing Line] DEBUG net.serenitybdd.core.photography.DarkroomProcessingLine - Saving screenshot to D:\Users\Usuario\Documents\Accenture\AutomatizacionAccenturePrueba\target\site\serenity\61d56d5609808330c5034d1ea26ac4851f4e2727ae4445120c28cdb6f915fb9d.png
17:42:36.633 [AsyncHttpClient-1-1] DEBUG org.asynchttpclient.netty.channel.DefaultChannelPool - Entry count for : http://localhost:57514 : 1
17:42:36.634 [AsyncHttpClient-1-1] DEBUG org.asynchttpclient.netty.channel.DefaultChannelPool - Entry count for : http://localhost:61324 : 1
17:42:36.649 [Test worker] DEBUG net.thucydides.core.steps.StepInterceptor - STEP DONE: {0} enters #theTextAsAString into #target
17:42:36.679 [Forwarding screenshot on session 3804a52f96d2eeb36549db6fbc7fe9a6 to remote] DEBUG org.asynchttpclient.netty.request.NettyRequestSender - Using pooled Channel '[id: 0x89687221, L:/127.0.0.1:57512 - R:localhost/127.0.0.1:61324]' for 'GET' to 'http://localhost:61324/session/3804a52f96d2eeb36549db6fbc7fe9a6/screenshot'
17:42:36.679 [Forwarding screenshot on session 3804a52f96d2eeb36549db6fbc7fe9a6 to remote] DEBUG org.asynchttpclient.netty.request.NettyRequestSender - Using open Channel [id: 0x89687221, L:/127.0.0.1:57512 - R:localhost/127.0.0.1:61324] for GET '/session/3804a52f96d2eeb36549db6fbc7fe9a6/screenshot'
17:42:36.879 [AsyncHttpClient-1-2] DEBUG org.asynchttpclient.netty.handler.HttpHandler - 

Request DefaultFullHttpRequest(decodeResult: success, version: HTTP/1.1, content: EmptyByteBufBE)
GET /session/3804a52f96d2eeb36549db6fbc7fe9a6/screenshot HTTP/1.1
User-Agent: selenium/4.3.0 (java windows)
Cache-Control: no-cache
Content-Type: application/json; charset=utf-8
host: localhost:61324
accept: */*

Response DefaultHttpResponse(decodeResult: success, version: HTTP/1.1)
HTTP/1.1 200 OK
Content-Type: application/json; charset=utf-8
cache-control: no-cache
content-length: 231224

17:42:36.881 [AsyncHttpClient-1-2] DEBUG org.asynchttpclient.netty.channel.ChannelManager - Adding key: http://localhost:61324 for channel [id: 0x89687221, L:/127.0.0.1:57512 - R:localhost/127.0.0.1:61324]
17:42:36.890 [Test worker] DEBUG net.serenitybdd.core.photography.Darkroom - Send negative for processing for D:\Users\Usuario\Documents\Accenture\AutomatizacionAccenturePrueba\target\site\serenity\31e97d1bb9bcc1b1f10aa302c96692fed7905facc6d36048ef4b630fd3bfb5b2.png
17:42:36.891 [Test worker] DEBUG net.thucydides.core.steps.StepInterceptor - STARTING STEP: IngresarUsuario.performAs - {0} clicks on #target
17:42:36.892 [Test worker] DEBUG net.serenitybdd.screenplay.targets.IFrameSwitcher - default content already selected for login completado
17:42:36.898 [Darkroom Processing Line] DEBUG net.serenitybdd.core.photography.DarkroomProcessingLine - Processing screenshot image in /var/screenshots/screenshot-8114764382695754164
17:42:36.898 [Darkroom Processing Line] DEBUG net.serenitybdd.core.photography.DarkroomProcessingLine - Saving screenshot to D:\Users\Usuario\Documents\Accenture\AutomatizacionAccenturePrueba\target\site\serenity\31e97d1bb9bcc1b1f10aa302c96692fed7905facc6d36048ef4b630fd3bfb5b2.png
17:42:37.051 [Forwarding findElement on session 3804a52f96d2eeb36549db6fbc7fe9a6 to remote] DEBUG org.asynchttpclient.netty.request.NettyRequestSender - Using pooled Channel '[id: 0x89687221, L:/127.0.0.1:57512 - R:localhost/127.0.0.1:61324]' for 'POST' to 'http://localhost:61324/session/3804a52f96d2eeb36549db6fbc7fe9a6/element'
17:42:37.052 [Forwarding findElement on session 3804a52f96d2eeb36549db6fbc7fe9a6 to remote] DEBUG org.asynchttpclient.netty.request.NettyRequestSender - Using open Channel [id: 0x89687221, L:/127.0.0.1:57512 - R:localhost/127.0.0.1:61324] for POST '/session/3804a52f96d2eeb36549db6fbc7fe9a6/element'
17:42:37.069 [AsyncHttpClient-1-2] DEBUG org.asynchttpclient.netty.handler.HttpHandler - 

Request DefaultHttpRequest(decodeResult: success, version: HTTP/1.1)
POST /session/3804a52f96d2eeb36549db6fbc7fe9a6/element HTTP/1.1
User-Agent: selenium/4.3.0 (java windows)
Content-Length: 77
Content-Type: application/json; charset=utf-8
host: localhost:61324
accept: */*

Response DefaultHttpResponse(decodeResult: success, version: HTTP/1.1)
HTTP/1.1 200 OK
Content-Type: application/json; charset=utf-8
cache-control: no-cache
content-length: 126

17:42:37.070 [AsyncHttpClient-1-2] DEBUG org.asynchttpclient.netty.channel.ChannelManager - Adding key: http://localhost:61324 for channel [id: 0x89687221, L:/127.0.0.1:57512 - R:localhost/127.0.0.1:61324]
17:42:37.090 [Forwarding isElementDisplayed on session 3804a52f96d2eeb36549db6fbc7fe9a6 to remote] DEBUG org.asynchttpclient.netty.request.NettyRequestSender - Using pooled Channel '[id: 0x89687221, L:/127.0.0.1:57512 - R:localhost/127.0.0.1:61324]' for 'POST' to 'http://localhost:61324/session/3804a52f96d2eeb36549db6fbc7fe9a6/execute/sync'
17:42:37.090 [Forwarding isElementDisplayed on session 3804a52f96d2eeb36549db6fbc7fe9a6 to remote] DEBUG org.asynchttpclient.netty.request.NettyRequestSender - Using open Channel [id: 0x89687221, L:/127.0.0.1:57512 - R:localhost/127.0.0.1:61324] for POST '/session/3804a52f96d2eeb36549db6fbc7fe9a6/execute/sync'
17:42:37.103 [AsyncHttpClient-1-2] DEBUG org.asynchttpclient.netty.handler.HttpHandler - 

Request DefaultHttpRequest(decodeResult: success, version: HTTP/1.1)
POST /session/3804a52f96d2eeb36549db6fbc7fe9a6/execute/sync HTTP/1.1
User-Agent: selenium/4.3.0 (java windows)
Content-Length: 48818
Content-Type: application/json; charset=utf-8
host: localhost:61324
accept: */*

Response DefaultHttpResponse(decodeResult: success, version: HTTP/1.1)
HTTP/1.1 200 OK
Content-Type: application/json; charset=utf-8
cache-control: no-cache
content-length: 14

17:42:37.104 [AsyncHttpClient-1-2] DEBUG org.asynchttpclient.netty.channel.ChannelManager - Adding key: http://localhost:61324 for channel [id: 0x89687221, L:/127.0.0.1:57512 - R:localhost/127.0.0.1:61324]
17:42:37.134 [Forwarding findElement on session 3804a52f96d2eeb36549db6fbc7fe9a6 to remote] DEBUG org.asynchttpclient.netty.request.NettyRequestSender - Using pooled Channel '[id: 0x89687221, L:/127.0.0.1:57512 - R:localhost/127.0.0.1:61324]' for 'POST' to 'http://localhost:61324/session/3804a52f96d2eeb36549db6fbc7fe9a6/element'
17:42:37.135 [Forwarding findElement on session 3804a52f96d2eeb36549db6fbc7fe9a6 to remote] DEBUG org.asynchttpclient.netty.request.NettyRequestSender - Using open Channel [id: 0x89687221, L:/127.0.0.1:57512 - R:localhost/127.0.0.1:61324] for POST '/session/3804a52f96d2eeb36549db6fbc7fe9a6/element'
17:42:37.149 [AsyncHttpClient-1-2] DEBUG org.asynchttpclient.netty.handler.HttpHandler - 

Request DefaultHttpRequest(decodeResult: success, version: HTTP/1.1)
POST /session/3804a52f96d2eeb36549db6fbc7fe9a6/element HTTP/1.1
User-Agent: selenium/4.3.0 (java windows)
Content-Length: 77
Content-Type: application/json; charset=utf-8
host: localhost:61324
accept: */*

Response DefaultHttpResponse(decodeResult: success, version: HTTP/1.1)
HTTP/1.1 200 OK
Content-Type: application/json; charset=utf-8
cache-control: no-cache
content-length: 126

17:42:37.150 [AsyncHttpClient-1-2] DEBUG org.asynchttpclient.netty.channel.ChannelManager - Adding key: http://localhost:61324 for channel [id: 0x89687221, L:/127.0.0.1:57512 - R:localhost/127.0.0.1:61324]
17:42:37.153 [Forwarding clickElement on session 3804a52f96d2eeb36549db6fbc7fe9a6 to remote] DEBUG org.asynchttpclient.netty.request.NettyRequestSender - Using pooled Channel '[id: 0x89687221, L:/127.0.0.1:57512 - R:localhost/127.0.0.1:61324]' for 'POST' to 'http://localhost:61324/session/3804a52f96d2eeb36549db6fbc7fe9a6/element/f.3DC5CDB77786DE21E37CA50373E739D7.d.FFA96A58F9B31CD6D173255BD209AD77.e.57/click'
17:42:37.153 [Forwarding clickElement on session 3804a52f96d2eeb36549db6fbc7fe9a6 to remote] DEBUG org.asynchttpclient.netty.request.NettyRequestSender - Using open Channel [id: 0x89687221, L:/127.0.0.1:57512 - R:localhost/127.0.0.1:61324] for POST '/session/3804a52f96d2eeb36549db6fbc7fe9a6/element/f.3DC5CDB77786DE21E37CA50373E739D7.d.FFA96A58F9B31CD6D173255BD209AD77.e.57/click'
17:42:37.236 [AsyncHttpClient-1-2] DEBUG org.asynchttpclient.netty.handler.HttpHandler - 

Request DefaultHttpRequest(decodeResult: success, version: HTTP/1.1)
POST /session/3804a52f96d2eeb36549db6fbc7fe9a6/element/f.3DC5CDB77786DE21E37CA50373E739D7.d.FFA96A58F9B31CD6D173255BD209AD77.e.57/click HTTP/1.1
User-Agent: selenium/4.3.0 (java windows)
Content-Length: 88
Content-Type: application/json; charset=utf-8
host: localhost:61324
accept: */*

Response DefaultHttpResponse(decodeResult: success, version: HTTP/1.1)
HTTP/1.1 200 OK
Content-Type: application/json; charset=utf-8
cache-control: no-cache
content-length: 14

17:42:37.236 [AsyncHttpClient-1-2] DEBUG org.asynchttpclient.netty.channel.ChannelManager - Adding key: http://localhost:61324 for channel [id: 0x89687221, L:/127.0.0.1:57512 - R:localhost/127.0.0.1:61324]
17:42:37.321 [Forwarding screenshot on session 3804a52f96d2eeb36549db6fbc7fe9a6 to remote] DEBUG org.asynchttpclient.netty.request.NettyRequestSender - Using pooled Channel '[id: 0x89687221, L:/127.0.0.1:57512 - R:localhost/127.0.0.1:61324]' for 'GET' to 'http://localhost:61324/session/3804a52f96d2eeb36549db6fbc7fe9a6/screenshot'
17:42:37.321 [Forwarding screenshot on session 3804a52f96d2eeb36549db6fbc7fe9a6 to remote] DEBUG org.asynchttpclient.netty.request.NettyRequestSender - Using open Channel [id: 0x89687221, L:/127.0.0.1:57512 - R:localhost/127.0.0.1:61324] for GET '/session/3804a52f96d2eeb36549db6fbc7fe9a6/screenshot'
17:42:37.571 [AsyncHttpClient-1-2] DEBUG org.asynchttpclient.netty.handler.HttpHandler - 

Request DefaultFullHttpRequest(decodeResult: success, version: HTTP/1.1, content: EmptyByteBufBE)
GET /session/3804a52f96d2eeb36549db6fbc7fe9a6/screenshot HTTP/1.1
User-Agent: selenium/4.3.0 (java windows)
Cache-Control: no-cache
Content-Type: application/json; charset=utf-8
host: localhost:61324
accept: */*

Response DefaultHttpResponse(decodeResult: success, version: HTTP/1.1)
HTTP/1.1 200 OK
Content-Type: application/json; charset=utf-8
cache-control: no-cache
content-length: 231328

17:42:37.573 [AsyncHttpClient-1-2] DEBUG org.asynchttpclient.netty.channel.ChannelManager - Adding key: http://localhost:61324 for channel [id: 0x89687221, L:/127.0.0.1:57512 - R:localhost/127.0.0.1:61324]
17:42:37.584 [Test worker] DEBUG net.serenitybdd.core.photography.Darkroom - Send negative for processing for D:\Users\Usuario\Documents\Accenture\AutomatizacionAccenturePrueba\target\site\serenity\7c664aefc41fa01b9c6722bf9a00ebfa7773261f822a7b87b931f5ffd07eb2f3.png
17:42:37.585 [Darkroom Processing Line] DEBUG net.serenitybdd.core.photography.DarkroomProcessingLine - Processing screenshot image in /var/screenshots/screenshot-1762124470188309171
17:42:37.585 [Darkroom Processing Line] DEBUG net.serenitybdd.core.photography.DarkroomProcessingLine - Saving screenshot to D:\Users\Usuario\Documents\Accenture\AutomatizacionAccenturePrueba\target\site\serenity\7c664aefc41fa01b9c6722bf9a00ebfa7773261f822a7b87b931f5ffd07eb2f3.png
17:42:37.641 [Forwarding screenshot on session 3804a52f96d2eeb36549db6fbc7fe9a6 to remote] DEBUG org.asynchttpclient.netty.request.NettyRequestSender - Using pooled Channel '[id: 0x89687221, L:/127.0.0.1:57512 - R:localhost/127.0.0.1:61324]' for 'GET' to 'http://localhost:61324/session/3804a52f96d2eeb36549db6fbc7fe9a6/screenshot'
17:42:37.641 [Forwarding screenshot on session 3804a52f96d2eeb36549db6fbc7fe9a6 to remote] DEBUG org.asynchttpclient.netty.request.NettyRequestSender - Using open Channel [id: 0x89687221, L:/127.0.0.1:57512 - R:localhost/127.0.0.1:61324] for GET '/session/3804a52f96d2eeb36549db6fbc7fe9a6/screenshot'
17:42:37.726 [AsyncHttpClient-1-1] DEBUG org.asynchttpclient.netty.channel.DefaultChannelPool - Entry count for : http://localhost:57514 : 1
17:42:38.186 [AsyncHttpClient-1-2] DEBUG org.asynchttpclient.netty.handler.HttpHandler - 

Request DefaultFullHttpRequest(decodeResult: success, version: HTTP/1.1, content: EmptyByteBufBE)
GET /session/3804a52f96d2eeb36549db6fbc7fe9a6/screenshot HTTP/1.1
User-Agent: selenium/4.3.0 (java windows)
Cache-Control: no-cache
Content-Type: application/json; charset=utf-8
host: localhost:61324
accept: */*

Response DefaultHttpResponse(decodeResult: success, version: HTTP/1.1)
HTTP/1.1 200 OK
Content-Type: application/json; charset=utf-8
cache-control: no-cache
content-length: 286272

17:42:38.189 [AsyncHttpClient-1-2] DEBUG org.asynchttpclient.netty.channel.ChannelManager - Adding key: http://localhost:61324 for channel [id: 0x89687221, L:/127.0.0.1:57512 - R:localhost/127.0.0.1:61324]
17:42:38.204 [Test worker] DEBUG net.serenitybdd.core.photography.Darkroom - Send negative for processing for D:\Users\Usuario\Documents\Accenture\AutomatizacionAccenturePrueba\target\site\serenity\6ce48133704800345264d489dd763d54c2d5777b6ba0d5e8b0032424181da1d5.png
17:42:38.205 [Test worker] DEBUG net.thucydides.core.steps.StepInterceptor - STEP DONE: {0} clicks on #target
17:42:38.205 [Darkroom Processing Line] DEBUG net.serenitybdd.core.photography.DarkroomProcessingLine - Processing screenshot image in /var/screenshots/screenshot-15678688706618631235
17:42:38.205 [Darkroom Processing Line] DEBUG net.serenitybdd.core.photography.DarkroomProcessingLine - Saving screenshot to D:\Users\Usuario\Documents\Accenture\AutomatizacionAccenturePrueba\target\site\serenity\6ce48133704800345264d489dd763d54c2d5777b6ba0d5e8b0032424181da1d5.png
17:42:38.244 [Test worker] DEBUG net.serenitybdd.screenplay.targets.IFrameSwitcher - default content already selected for Validar el registro
17:42:38.259 [Forwarding findElements on session 3804a52f96d2eeb36549db6fbc7fe9a6 to remote] DEBUG org.asynchttpclient.netty.request.NettyRequestSender - Using pooled Channel '[id: 0x89687221, L:/127.0.0.1:57512 - R:localhost/127.0.0.1:61324]' for 'POST' to 'http://localhost:61324/session/3804a52f96d2eeb36549db6fbc7fe9a6/elements'
17:42:38.260 [Forwarding findElements on session 3804a52f96d2eeb36549db6fbc7fe9a6 to remote] DEBUG org.asynchttpclient.netty.request.NettyRequestSender - Using open Channel [id: 0x89687221, L:/127.0.0.1:57512 - R:localhost/127.0.0.1:61324] for POST '/session/3804a52f96d2eeb36549db6fbc7fe9a6/elements'
17:42:38.280 [AsyncHttpClient-1-2] DEBUG org.asynchttpclient.netty.handler.HttpHandler - 

Request DefaultHttpRequest(decodeResult: success, version: HTTP/1.1)
POST /session/3804a52f96d2eeb36549db6fbc7fe9a6/elements HTTP/1.1
User-Agent: selenium/4.3.0 (java windows)
Content-Length: 70
Content-Type: application/json; charset=utf-8
host: localhost:61324
accept: */*

Response DefaultHttpResponse(decodeResult: success, version: HTTP/1.1)
HTTP/1.1 200 OK
Content-Type: application/json; charset=utf-8
cache-control: no-cache
content-length: 128

17:42:38.281 [AsyncHttpClient-1-2] DEBUG org.asynchttpclient.netty.channel.ChannelManager - Adding key: http://localhost:61324 for channel [id: 0x89687221, L:/127.0.0.1:57512 - R:localhost/127.0.0.1:61324]
17:42:38.318 [Forwarding isElementDisplayed on session 3804a52f96d2eeb36549db6fbc7fe9a6 to remote] DEBUG org.asynchttpclient.netty.request.NettyRequestSender - Using pooled Channel '[id: 0x89687221, L:/127.0.0.1:57512 - R:localhost/127.0.0.1:61324]' for 'POST' to 'http://localhost:61324/session/3804a52f96d2eeb36549db6fbc7fe9a6/execute/sync'
17:42:38.319 [Forwarding isElementDisplayed on session 3804a52f96d2eeb36549db6fbc7fe9a6 to remote] DEBUG org.asynchttpclient.netty.request.NettyRequestSender - Using open Channel [id: 0x89687221, L:/127.0.0.1:57512 - R:localhost/127.0.0.1:61324] for POST '/session/3804a52f96d2eeb36549db6fbc7fe9a6/execute/sync'
17:42:38.338 [AsyncHttpClient-1-2] DEBUG org.asynchttpclient.netty.handler.HttpHandler - 

Request DefaultHttpRequest(decodeResult: success, version: HTTP/1.1)
POST /session/3804a52f96d2eeb36549db6fbc7fe9a6/execute/sync HTTP/1.1
User-Agent: selenium/4.3.0 (java windows)
Content-Length: 48818
Content-Type: application/json; charset=utf-8
host: localhost:61324
accept: */*

Response DefaultHttpResponse(decodeResult: success, version: HTTP/1.1)
HTTP/1.1 200 OK
Content-Type: application/json; charset=utf-8
cache-control: no-cache
content-length: 14

17:42:38.338 [AsyncHttpClient-1-2] DEBUG org.asynchttpclient.netty.channel.ChannelManager - Adding key: http://localhost:61324 for channel [id: 0x89687221, L:/127.0.0.1:57512 - R:localhost/127.0.0.1:61324]
17:42:38.354 [Forwarding isElementDisplayed on session 3804a52f96d2eeb36549db6fbc7fe9a6 to remote] DEBUG org.asynchttpclient.netty.request.NettyRequestSender - Using pooled Channel '[id: 0x89687221, L:/127.0.0.1:57512 - R:localhost/127.0.0.1:61324]' for 'POST' to 'http://localhost:61324/session/3804a52f96d2eeb36549db6fbc7fe9a6/execute/sync'
17:42:38.355 [Forwarding isElementDisplayed on session 3804a52f96d2eeb36549db6fbc7fe9a6 to remote] DEBUG org.asynchttpclient.netty.request.NettyRequestSender - Using open Channel [id: 0x89687221, L:/127.0.0.1:57512 - R:localhost/127.0.0.1:61324] for POST '/session/3804a52f96d2eeb36549db6fbc7fe9a6/execute/sync'
17:42:38.376 [AsyncHttpClient-1-2] DEBUG org.asynchttpclient.netty.handler.HttpHandler - 

Request DefaultHttpRequest(decodeResult: success, version: HTTP/1.1)
POST /session/3804a52f96d2eeb36549db6fbc7fe9a6/execute/sync HTTP/1.1
User-Agent: selenium/4.3.0 (java windows)
Content-Length: 48818
Content-Type: application/json; charset=utf-8
host: localhost:61324
accept: */*

Response DefaultHttpResponse(decodeResult: success, version: HTTP/1.1)
HTTP/1.1 200 OK
Content-Type: application/json; charset=utf-8
cache-control: no-cache
content-length: 14

17:42:38.376 [AsyncHttpClient-1-2] DEBUG org.asynchttpclient.netty.channel.ChannelManager - Adding key: http://localhost:61324 for channel [id: 0x89687221, L:/127.0.0.1:57512 - R:localhost/127.0.0.1:61324]
17:42:38.445 [Forwarding screenshot on session 3804a52f96d2eeb36549db6fbc7fe9a6 to remote] DEBUG org.asynchttpclient.netty.request.NettyRequestSender - Using pooled Channel '[id: 0x89687221, L:/127.0.0.1:57512 - R:localhost/127.0.0.1:61324]' for 'GET' to 'http://localhost:61324/session/3804a52f96d2eeb36549db6fbc7fe9a6/screenshot'
17:42:38.445 [Forwarding screenshot on session 3804a52f96d2eeb36549db6fbc7fe9a6 to remote] DEBUG org.asynchttpclient.netty.request.NettyRequestSender - Using open Channel [id: 0x89687221, L:/127.0.0.1:57512 - R:localhost/127.0.0.1:61324] for GET '/session/3804a52f96d2eeb36549db6fbc7fe9a6/screenshot'
17:42:38.810 [AsyncHttpClient-1-2] DEBUG org.asynchttpclient.netty.handler.HttpHandler - 

Request DefaultFullHttpRequest(decodeResult: success, version: HTTP/1.1, content: EmptyByteBufBE)
GET /session/3804a52f96d2eeb36549db6fbc7fe9a6/screenshot HTTP/1.1
User-Agent: selenium/4.3.0 (java windows)
Cache-Control: no-cache
Content-Type: application/json; charset=utf-8
host: localhost:61324
accept: */*

Response DefaultHttpResponse(decodeResult: success, version: HTTP/1.1)
HTTP/1.1 200 OK
Content-Type: application/json; charset=utf-8
cache-control: no-cache
content-length: 442760

17:42:38.813 [AsyncHttpClient-1-2] DEBUG org.asynchttpclient.netty.channel.ChannelManager - Adding key: http://localhost:61324 for channel [id: 0x89687221, L:/127.0.0.1:57512 - R:localhost/127.0.0.1:61324]
17:42:38.827 [Test worker] DEBUG net.serenitybdd.core.photography.Darkroom - Send negative for processing for D:\Users\Usuario\Documents\Accenture\AutomatizacionAccenturePrueba\target\site\serenity\89ff849fbe83a7d973e1b8a596e19f5269d95faab56cf9bad21982cbd867b497.png
17:42:38.828 [Test worker] DEBUG net.thucydides.core.steps.StepInterceptor - STEP DONE: performAs
17:42:38.829 [Darkroom Processing Line] DEBUG net.serenitybdd.core.photography.DarkroomProcessingLine - Processing screenshot image in /var/screenshots/screenshot-322322703598714981
17:42:38.830 [Darkroom Processing Line] DEBUG net.serenitybdd.core.photography.DarkroomProcessingLine - Saving screenshot to D:\Users\Usuario\Documents\Accenture\AutomatizacionAccenturePrueba\target\site\serenity\89ff849fbe83a7d973e1b8a596e19f5269d95faab56cf9bad21982cbd867b497.png
17:42:38.836 [AsyncHttpClient-1-1] DEBUG org.asynchttpclient.netty.channel.DefaultChannelPool - Entry count for : http://localhost:57514 : 1
17:42:38.837 [AsyncHttpClient-1-1] DEBUG org.asynchttpclient.netty.channel.DefaultChannelPool - Entry count for : http://localhost:61324 : 1
17:42:38.907 [Forwarding screenshot on session 3804a52f96d2eeb36549db6fbc7fe9a6 to remote] DEBUG org.asynchttpclient.netty.request.NettyRequestSender - Using pooled Channel '[id: 0x89687221, L:/127.0.0.1:57512 - R:localhost/127.0.0.1:61324]' for 'GET' to 'http://localhost:61324/session/3804a52f96d2eeb36549db6fbc7fe9a6/screenshot'
17:42:38.908 [Forwarding screenshot on session 3804a52f96d2eeb36549db6fbc7fe9a6 to remote] DEBUG org.asynchttpclient.netty.request.NettyRequestSender - Using open Channel [id: 0x89687221, L:/127.0.0.1:57512 - R:localhost/127.0.0.1:61324] for GET '/session/3804a52f96d2eeb36549db6fbc7fe9a6/screenshot'
17:42:39.158 [AsyncHttpClient-1-2] DEBUG org.asynchttpclient.netty.handler.HttpHandler - 

Request DefaultFullHttpRequest(decodeResult: success, version: HTTP/1.1, content: EmptyByteBufBE)
GET /session/3804a52f96d2eeb36549db6fbc7fe9a6/screenshot HTTP/1.1
User-Agent: selenium/4.3.0 (java windows)
Cache-Control: no-cache
Content-Type: application/json; charset=utf-8
host: localhost:61324
accept: */*

Response DefaultHttpResponse(decodeResult: success, version: HTTP/1.1)
HTTP/1.1 200 OK
Content-Type: application/json; charset=utf-8
cache-control: no-cache
content-length: 442760

17:42:39.160 [AsyncHttpClient-1-2] DEBUG org.asynchttpclient.netty.channel.ChannelManager - Adding key: http://localhost:61324 for channel [id: 0x89687221, L:/127.0.0.1:57512 - R:localhost/127.0.0.1:61324]
17:42:39.175 [Test worker] DEBUG net.serenitybdd.core.photography.Darkroom - Send negative for processing for D:\Users\Usuario\Documents\Accenture\AutomatizacionAccenturePrueba\target\site\serenity\89ff849fbe83a7d973e1b8a596e19f5269d95faab56cf9bad21982cbd867b497.png
17:42:39.233 [Forwarding screenshot on session 3804a52f96d2eeb36549db6fbc7fe9a6 to remote] DEBUG org.asynchttpclient.netty.request.NettyRequestSender - Using pooled Channel '[id: 0x89687221, L:/127.0.0.1:57512 - R:localhost/127.0.0.1:61324]' for 'GET' to 'http://localhost:61324/session/3804a52f96d2eeb36549db6fbc7fe9a6/screenshot'
17:42:39.234 [Forwarding screenshot on session 3804a52f96d2eeb36549db6fbc7fe9a6 to remote] DEBUG org.asynchttpclient.netty.request.NettyRequestSender - Using open Channel [id: 0x89687221, L:/127.0.0.1:57512 - R:localhost/127.0.0.1:61324] for GET '/session/3804a52f96d2eeb36549db6fbc7fe9a6/screenshot'
17:42:39.457 [AsyncHttpClient-1-2] DEBUG org.asynchttpclient.netty.handler.HttpHandler - 

Request DefaultFullHttpRequest(decodeResult: success, version: HTTP/1.1, content: EmptyByteBufBE)
GET /session/3804a52f96d2eeb36549db6fbc7fe9a6/screenshot HTTP/1.1
User-Agent: selenium/4.3.0 (java windows)
Cache-Control: no-cache
Content-Type: application/json; charset=utf-8
host: localhost:61324
accept: */*

Response DefaultHttpResponse(decodeResult: success, version: HTTP/1.1)
HTTP/1.1 200 OK
Content-Type: application/json; charset=utf-8
cache-control: no-cache
content-length: 442760

17:42:39.460 [AsyncHttpClient-1-2] DEBUG org.asynchttpclient.netty.channel.ChannelManager - Adding key: http://localhost:61324 for channel [id: 0x89687221, L:/127.0.0.1:57512 - R:localhost/127.0.0.1:61324]
17:42:39.473 [Test worker] DEBUG net.serenitybdd.core.photography.Darkroom - Send negative for processing for D:\Users\Usuario\Documents\Accenture\AutomatizacionAccenturePrueba\target\site\serenity\89ff849fbe83a7d973e1b8a596e19f5269d95faab56cf9bad21982cbd867b497.png
17:42:39.474 [Test worker] DEBUG net.thucydides.core.steps.StepInterceptor - STARTING STEP: RunnerStepDefinitions.el_usuario_selecciona_la_y_el_y_agrega_al_carrito - performAs
Phones17:42:39.535 [Forwarding screenshot on session 3804a52f96d2eeb36549db6fbc7fe9a6 to remote] DEBUG org.asynchttpclient.netty.request.NettyRequestSender - Using pooled Channel '[id: 0x89687221, L:/127.0.0.1:57512 - R:localhost/127.0.0.1:61324]' for 'GET' to 'http://localhost:61324/session/3804a52f96d2eeb36549db6fbc7fe9a6/screenshot'
17:42:39.536 [Forwarding screenshot on session 3804a52f96d2eeb36549db6fbc7fe9a6 to remote] DEBUG org.asynchttpclient.netty.request.NettyRequestSender - Using open Channel [id: 0x89687221, L:/127.0.0.1:57512 - R:localhost/127.0.0.1:61324] for GET '/session/3804a52f96d2eeb36549db6fbc7fe9a6/screenshot'
17:42:39.723 [AsyncHttpClient-1-2] DEBUG org.asynchttpclient.netty.handler.HttpHandler - 

Request DefaultFullHttpRequest(decodeResult: success, version: HTTP/1.1, content: EmptyByteBufBE)
GET /session/3804a52f96d2eeb36549db6fbc7fe9a6/screenshot HTTP/1.1
User-Agent: selenium/4.3.0 (java windows)
Cache-Control: no-cache
Content-Type: application/json; charset=utf-8
host: localhost:61324
accept: */*

Response DefaultHttpResponse(decodeResult: success, version: HTTP/1.1)
HTTP/1.1 200 OK
Content-Type: application/json; charset=utf-8
cache-control: no-cache
content-length: 442760

17:42:39.726 [AsyncHttpClient-1-2] DEBUG org.asynchttpclient.netty.channel.ChannelManager - Adding key: http://localhost:61324 for channel [id: 0x89687221, L:/127.0.0.1:57512 - R:localhost/127.0.0.1:61324]
17:42:39.738 [Test worker] DEBUG net.serenitybdd.core.photography.Darkroom - Send negative for processing for D:\Users\Usuario\Documents\Accenture\AutomatizacionAccenturePrueba\target\site\serenity\89ff849fbe83a7d973e1b8a596e19f5269d95faab56cf9bad21982cbd867b497.png
17:42:39.739 [Test worker] DEBUG net.thucydides.core.steps.StepInterceptor - STARTING STEP: AbrirProducto.performAs - {0} clicks on #target
17:42:39.740 [Test worker] DEBUG net.serenitybdd.screenplay.targets.IFrameSwitcher - default content already selected for seleccioanr categoria
17:42:39.927 [AsyncHttpClient-1-1] DEBUG org.asynchttpclient.netty.channel.DefaultChannelPool - Entry count for : http://localhost:57514 : 1
17:42:39.928 [AsyncHttpClient-1-1] DEBUG org.asynchttpclient.netty.channel.DefaultChannelPool - Entry count for : http://localhost:61324 : 1
17:42:39.944 [Forwarding findElement on session 3804a52f96d2eeb36549db6fbc7fe9a6 to remote] DEBUG org.asynchttpclient.netty.request.NettyRequestSender - Using pooled Channel '[id: 0x89687221, L:/127.0.0.1:57512 - R:localhost/127.0.0.1:61324]' for 'POST' to 'http://localhost:61324/session/3804a52f96d2eeb36549db6fbc7fe9a6/element'
17:42:39.944 [Forwarding findElement on session 3804a52f96d2eeb36549db6fbc7fe9a6 to remote] DEBUG org.asynchttpclient.netty.request.NettyRequestSender - Using open Channel [id: 0x89687221, L:/127.0.0.1:57512 - R:localhost/127.0.0.1:61324] for POST '/session/3804a52f96d2eeb36549db6fbc7fe9a6/element'
17:42:39.963 [AsyncHttpClient-1-2] DEBUG org.asynchttpclient.netty.handler.HttpHandler - 

Request DefaultHttpRequest(decodeResult: success, version: HTTP/1.1)
POST /session/3804a52f96d2eeb36549db6fbc7fe9a6/element HTTP/1.1
User-Agent: selenium/4.3.0 (java windows)
Content-Length: 104
Content-Type: application/json; charset=utf-8
host: localhost:61324
accept: */*

Response DefaultHttpResponse(decodeResult: success, version: HTTP/1.1)
HTTP/1.1 200 OK
Content-Type: application/json; charset=utf-8
cache-control: no-cache
content-length: 127

17:42:39.963 [AsyncHttpClient-1-2] DEBUG org.asynchttpclient.netty.channel.ChannelManager - Adding key: http://localhost:61324 for channel [id: 0x89687221, L:/127.0.0.1:57512 - R:localhost/127.0.0.1:61324]
17:42:39.998 [Forwarding isElementDisplayed on session 3804a52f96d2eeb36549db6fbc7fe9a6 to remote] DEBUG org.asynchttpclient.netty.request.NettyRequestSender - Using pooled Channel '[id: 0x89687221, L:/127.0.0.1:57512 - R:localhost/127.0.0.1:61324]' for 'POST' to 'http://localhost:61324/session/3804a52f96d2eeb36549db6fbc7fe9a6/execute/sync'
17:42:40.000 [Forwarding isElementDisplayed on session 3804a52f96d2eeb36549db6fbc7fe9a6 to remote] DEBUG org.asynchttpclient.netty.request.NettyRequestSender - Using open Channel [id: 0x89687221, L:/127.0.0.1:57512 - R:localhost/127.0.0.1:61324] for POST '/session/3804a52f96d2eeb36549db6fbc7fe9a6/execute/sync'
17:42:40.047 [AsyncHttpClient-1-2] DEBUG org.asynchttpclient.netty.handler.HttpHandler - 

Request DefaultHttpRequest(decodeResult: success, version: HTTP/1.1)
POST /session/3804a52f96d2eeb36549db6fbc7fe9a6/execute/sync HTTP/1.1
User-Agent: selenium/4.3.0 (java windows)
Content-Length: 48819
Content-Type: application/json; charset=utf-8
host: localhost:61324
accept: */*

Response DefaultHttpResponse(decodeResult: success, version: HTTP/1.1)
HTTP/1.1 200 OK
Content-Type: application/json; charset=utf-8
cache-control: no-cache
content-length: 14

17:42:40.047 [AsyncHttpClient-1-2] DEBUG org.asynchttpclient.netty.channel.ChannelManager - Adding key: http://localhost:61324 for channel [id: 0x89687221, L:/127.0.0.1:57512 - R:localhost/127.0.0.1:61324]
17:42:40.094 [Forwarding findElement on session 3804a52f96d2eeb36549db6fbc7fe9a6 to remote] DEBUG org.asynchttpclient.netty.request.NettyRequestSender - Using pooled Channel '[id: 0x89687221, L:/127.0.0.1:57512 - R:localhost/127.0.0.1:61324]' for 'POST' to 'http://localhost:61324/session/3804a52f96d2eeb36549db6fbc7fe9a6/element'
17:42:40.096 [Forwarding findElement on session 3804a52f96d2eeb36549db6fbc7fe9a6 to remote] DEBUG org.asynchttpclient.netty.request.NettyRequestSender - Using open Channel [id: 0x89687221, L:/127.0.0.1:57512 - R:localhost/127.0.0.1:61324] for POST '/session/3804a52f96d2eeb36549db6fbc7fe9a6/element'
17:42:40.116 [AsyncHttpClient-1-2] DEBUG org.asynchttpclient.netty.handler.HttpHandler - 

Request DefaultHttpRequest(decodeResult: success, version: HTTP/1.1)
POST /session/3804a52f96d2eeb36549db6fbc7fe9a6/element HTTP/1.1
User-Agent: selenium/4.3.0 (java windows)
Content-Length: 104
Content-Type: application/json; charset=utf-8
host: localhost:61324
accept: */*

Response DefaultHttpResponse(decodeResult: success, version: HTTP/1.1)
HTTP/1.1 200 OK
Content-Type: application/json; charset=utf-8
cache-control: no-cache
content-length: 127

17:42:40.117 [AsyncHttpClient-1-2] DEBUG org.asynchttpclient.netty.channel.ChannelManager - Adding key: http://localhost:61324 for channel [id: 0x89687221, L:/127.0.0.1:57512 - R:localhost/127.0.0.1:61324]
17:42:40.119 [Forwarding clickElement on session 3804a52f96d2eeb36549db6fbc7fe9a6 to remote] DEBUG org.asynchttpclient.netty.request.NettyRequestSender - Using pooled Channel '[id: 0x89687221, L:/127.0.0.1:57512 - R:localhost/127.0.0.1:61324]' for 'POST' to 'http://localhost:61324/session/3804a52f96d2eeb36549db6fbc7fe9a6/element/f.3DC5CDB77786DE21E37CA50373E739D7.d.CFFD28959D05D237C19E5F0064833621.e.101/click'
17:42:40.119 [Forwarding clickElement on session 3804a52f96d2eeb36549db6fbc7fe9a6 to remote] DEBUG org.asynchttpclient.netty.request.NettyRequestSender - Using open Channel [id: 0x89687221, L:/127.0.0.1:57512 - R:localhost/127.0.0.1:61324] for POST '/session/3804a52f96d2eeb36549db6fbc7fe9a6/element/f.3DC5CDB77786DE21E37CA50373E739D7.d.CFFD28959D05D237C19E5F0064833621.e.101/click'
17:42:40.202 [AsyncHttpClient-1-2] DEBUG org.asynchttpclient.netty.handler.HttpHandler - 

Request DefaultHttpRequest(decodeResult: success, version: HTTP/1.1)
POST /session/3804a52f96d2eeb36549db6fbc7fe9a6/element/f.3DC5CDB77786DE21E37CA50373E739D7.d.CFFD28959D05D237C19E5F0064833621.e.101/click HTTP/1.1
User-Agent: selenium/4.3.0 (java windows)
Content-Length: 89
Content-Type: application/json; charset=utf-8
host: localhost:61324
accept: */*

Response DefaultHttpResponse(decodeResult: success, version: HTTP/1.1)
HTTP/1.1 200 OK
Content-Type: application/json; charset=utf-8
cache-control: no-cache
content-length: 14

17:42:40.202 [AsyncHttpClient-1-2] DEBUG org.asynchttpclient.netty.channel.ChannelManager - Adding key: http://localhost:61324 for channel [id: 0x89687221, L:/127.0.0.1:57512 - R:localhost/127.0.0.1:61324]
17:42:40.234 [Forwarding screenshot on session 3804a52f96d2eeb36549db6fbc7fe9a6 to remote] DEBUG org.asynchttpclient.netty.request.NettyRequestSender - Using pooled Channel '[id: 0x89687221, L:/127.0.0.1:57512 - R:localhost/127.0.0.1:61324]' for 'GET' to 'http://localhost:61324/session/3804a52f96d2eeb36549db6fbc7fe9a6/screenshot'
17:42:40.234 [Forwarding screenshot on session 3804a52f96d2eeb36549db6fbc7fe9a6 to remote] DEBUG org.asynchttpclient.netty.request.NettyRequestSender - Using open Channel [id: 0x89687221, L:/127.0.0.1:57512 - R:localhost/127.0.0.1:61324] for GET '/session/3804a52f96d2eeb36549db6fbc7fe9a6/screenshot'
17:42:40.486 [AsyncHttpClient-1-2] DEBUG org.asynchttpclient.netty.handler.HttpHandler - 

Request DefaultFullHttpRequest(decodeResult: success, version: HTTP/1.1, content: EmptyByteBufBE)
GET /session/3804a52f96d2eeb36549db6fbc7fe9a6/screenshot HTTP/1.1
User-Agent: selenium/4.3.0 (java windows)
Cache-Control: no-cache
Content-Type: application/json; charset=utf-8
host: localhost:61324
accept: */*

Response DefaultHttpResponse(decodeResult: success, version: HTTP/1.1)
HTTP/1.1 200 OK
Content-Type: application/json; charset=utf-8
cache-control: no-cache
content-length: 442760

17:42:40.488 [AsyncHttpClient-1-2] DEBUG org.asynchttpclient.netty.channel.ChannelManager - Adding key: http://localhost:61324 for channel [id: 0x89687221, L:/127.0.0.1:57512 - R:localhost/127.0.0.1:61324]
17:42:40.500 [Test worker] DEBUG net.serenitybdd.core.photography.Darkroom - Send negative for processing for D:\Users\Usuario\Documents\Accenture\AutomatizacionAccenturePrueba\target\site\serenity\89ff849fbe83a7d973e1b8a596e19f5269d95faab56cf9bad21982cbd867b497.png
17:42:40.529 [Test worker] DEBUG net.thucydides.core.steps.StepInterceptor - STEP DONE: {0} clicks on #target
17:42:40.589 [Forwarding screenshot on session 3804a52f96d2eeb36549db6fbc7fe9a6 to remote] DEBUG org.asynchttpclient.netty.request.NettyRequestSender - Using pooled Channel '[id: 0x89687221, L:/127.0.0.1:57512 - R:localhost/127.0.0.1:61324]' for 'GET' to 'http://localhost:61324/session/3804a52f96d2eeb36549db6fbc7fe9a6/screenshot'
17:42:40.589 [Forwarding screenshot on session 3804a52f96d2eeb36549db6fbc7fe9a6 to remote] DEBUG org.asynchttpclient.netty.request.NettyRequestSender - Using open Channel [id: 0x89687221, L:/127.0.0.1:57512 - R:localhost/127.0.0.1:61324] for GET '/session/3804a52f96d2eeb36549db6fbc7fe9a6/screenshot'
17:42:40.796 [AsyncHttpClient-1-2] DEBUG org.asynchttpclient.netty.handler.HttpHandler - 

Request DefaultFullHttpRequest(decodeResult: success, version: HTTP/1.1, content: EmptyByteBufBE)
GET /session/3804a52f96d2eeb36549db6fbc7fe9a6/screenshot HTTP/1.1
User-Agent: selenium/4.3.0 (java windows)
Cache-Control: no-cache
Content-Type: application/json; charset=utf-8
host: localhost:61324
accept: */*

Response DefaultHttpResponse(decodeResult: success, version: HTTP/1.1)
HTTP/1.1 200 OK
Content-Type: application/json; charset=utf-8
cache-control: no-cache
content-length: 442760

17:42:40.798 [AsyncHttpClient-1-2] DEBUG org.asynchttpclient.netty.channel.ChannelManager - Adding key: http://localhost:61324 for channel [id: 0x89687221, L:/127.0.0.1:57512 - R:localhost/127.0.0.1:61324]
17:42:40.826 [Test worker] DEBUG net.serenitybdd.core.photography.Darkroom - Send negative for processing for D:\Users\Usuario\Documents\Accenture\AutomatizacionAccenturePrueba\target\site\serenity\89ff849fbe83a7d973e1b8a596e19f5269d95faab56cf9bad21982cbd867b497.png
17:42:40.827 [Test worker] DEBUG net.thucydides.core.steps.StepInterceptor - STARTING STEP: AbrirProducto.performAs - {0} clicks on #target
17:42:40.827 [Test worker] DEBUG net.serenitybdd.screenplay.targets.IFrameSwitcher - default content already selected for seleccioanr producto
17:42:40.982 [Forwarding findElement on session 3804a52f96d2eeb36549db6fbc7fe9a6 to remote] DEBUG org.asynchttpclient.netty.request.NettyRequestSender - Using pooled Channel '[id: 0x89687221, L:/127.0.0.1:57512 - R:localhost/127.0.0.1:61324]' for 'POST' to 'http://localhost:61324/session/3804a52f96d2eeb36549db6fbc7fe9a6/element'
17:42:40.983 [Forwarding findElement on session 3804a52f96d2eeb36549db6fbc7fe9a6 to remote] DEBUG org.asynchttpclient.netty.request.NettyRequestSender - Using open Channel [id: 0x89687221, L:/127.0.0.1:57512 - R:localhost/127.0.0.1:61324] for POST '/session/3804a52f96d2eeb36549db6fbc7fe9a6/element'
17:42:41.004 [AsyncHttpClient-1-2] DEBUG org.asynchttpclient.netty.handler.HttpHandler - 

Request DefaultHttpRequest(decodeResult: success, version: HTTP/1.1)
POST /session/3804a52f96d2eeb36549db6fbc7fe9a6/element HTTP/1.1
User-Agent: selenium/4.3.0 (java windows)
Content-Length: 154
Content-Type: application/json; charset=utf-8
host: localhost:61324
accept: */*

Response DefaultHttpResponse(decodeResult: success, version: HTTP/1.1)
HTTP/1.1 200 OK
Content-Type: application/json; charset=utf-8
cache-control: no-cache
content-length: 127

17:42:41.004 [AsyncHttpClient-1-2] DEBUG org.asynchttpclient.netty.channel.ChannelManager - Adding key: http://localhost:61324 for channel [id: 0x89687221, L:/127.0.0.1:57512 - R:localhost/127.0.0.1:61324]
17:42:41.022 [Forwarding isElementDisplayed on session 3804a52f96d2eeb36549db6fbc7fe9a6 to remote] DEBUG org.asynchttpclient.netty.request.NettyRequestSender - Using pooled Channel '[id: 0x89687221, L:/127.0.0.1:57512 - R:localhost/127.0.0.1:61324]' for 'POST' to 'http://localhost:61324/session/3804a52f96d2eeb36549db6fbc7fe9a6/execute/sync'
17:42:41.022 [Forwarding isElementDisplayed on session 3804a52f96d2eeb36549db6fbc7fe9a6 to remote] DEBUG org.asynchttpclient.netty.request.NettyRequestSender - Using open Channel [id: 0x89687221, L:/127.0.0.1:57512 - R:localhost/127.0.0.1:61324] for POST '/session/3804a52f96d2eeb36549db6fbc7fe9a6/execute/sync'
17:42:41.040 [AsyncHttpClient-1-2] DEBUG org.asynchttpclient.netty.handler.HttpHandler - 

Request DefaultHttpRequest(decodeResult: success, version: HTTP/1.1)
POST /session/3804a52f96d2eeb36549db6fbc7fe9a6/execute/sync HTTP/1.1
User-Agent: selenium/4.3.0 (java windows)
Content-Length: 48819
Content-Type: application/json; charset=utf-8
host: localhost:61324
accept: */*

Response DefaultHttpResponse(decodeResult: success, version: HTTP/1.1)
HTTP/1.1 200 OK
Content-Type: application/json; charset=utf-8
cache-control: no-cache
content-length: 14

17:42:41.040 [AsyncHttpClient-1-2] DEBUG org.asynchttpclient.netty.channel.ChannelManager - Adding key: http://localhost:61324 for channel [id: 0x89687221, L:/127.0.0.1:57512 - R:localhost/127.0.0.1:61324]
17:42:41.058 [AsyncHttpClient-1-1] DEBUG org.asynchttpclient.netty.channel.DefaultChannelPool - Entry count for : http://localhost:57514 : 1
17:42:41.059 [AsyncHttpClient-1-1] DEBUG org.asynchttpclient.netty.channel.DefaultChannelPool - Entry count for : http://localhost:61324 : 1
17:42:41.093 [Forwarding findElement on session 3804a52f96d2eeb36549db6fbc7fe9a6 to remote] DEBUG org.asynchttpclient.netty.request.NettyRequestSender - Using pooled Channel '[id: 0x89687221, L:/127.0.0.1:57512 - R:localhost/127.0.0.1:61324]' for 'POST' to 'http://localhost:61324/session/3804a52f96d2eeb36549db6fbc7fe9a6/element'
17:42:41.093 [Forwarding findElement on session 3804a52f96d2eeb36549db6fbc7fe9a6 to remote] DEBUG org.asynchttpclient.netty.request.NettyRequestSender - Using open Channel [id: 0x89687221, L:/127.0.0.1:57512 - R:localhost/127.0.0.1:61324] for POST '/session/3804a52f96d2eeb36549db6fbc7fe9a6/element'
17:42:41.106 [AsyncHttpClient-1-2] DEBUG org.asynchttpclient.netty.handler.HttpHandler - 

Request DefaultHttpRequest(decodeResult: success, version: HTTP/1.1)
POST /session/3804a52f96d2eeb36549db6fbc7fe9a6/element HTTP/1.1
User-Agent: selenium/4.3.0 (java windows)
Content-Length: 154
Content-Type: application/json; charset=utf-8
host: localhost:61324
accept: */*

Response DefaultHttpResponse(decodeResult: success, version: HTTP/1.1)
HTTP/1.1 200 OK
Content-Type: application/json; charset=utf-8
cache-control: no-cache
content-length: 127

17:42:41.106 [AsyncHttpClient-1-2] DEBUG org.asynchttpclient.netty.channel.ChannelManager - Adding key: http://localhost:61324 for channel [id: 0x89687221, L:/127.0.0.1:57512 - R:localhost/127.0.0.1:61324]
17:42:41.117 [Forwarding clickElement on session 3804a52f96d2eeb36549db6fbc7fe9a6 to remote] DEBUG org.asynchttpclient.netty.request.NettyRequestSender - Using pooled Channel '[id: 0x89687221, L:/127.0.0.1:57512 - R:localhost/127.0.0.1:61324]' for 'POST' to 'http://localhost:61324/session/3804a52f96d2eeb36549db6fbc7fe9a6/element/f.3DC5CDB77786DE21E37CA50373E739D7.d.CFFD28959D05D237C19E5F0064833621.e.105/click'
17:42:41.117 [Forwarding clickElement on session 3804a52f96d2eeb36549db6fbc7fe9a6 to remote] DEBUG org.asynchttpclient.netty.request.NettyRequestSender - Using open Channel [id: 0x89687221, L:/127.0.0.1:57512 - R:localhost/127.0.0.1:61324] for POST '/session/3804a52f96d2eeb36549db6fbc7fe9a6/element/f.3DC5CDB77786DE21E37CA50373E739D7.d.CFFD28959D05D237C19E5F0064833621.e.105/click'
17:42:41.567 [AsyncHttpClient-1-2] DEBUG org.asynchttpclient.netty.handler.HttpHandler - 

Request DefaultHttpRequest(decodeResult: success, version: HTTP/1.1)
POST /session/3804a52f96d2eeb36549db6fbc7fe9a6/element/f.3DC5CDB77786DE21E37CA50373E739D7.d.CFFD28959D05D237C19E5F0064833621.e.105/click HTTP/1.1
User-Agent: selenium/4.3.0 (java windows)
Content-Length: 89
Content-Type: application/json; charset=utf-8
host: localhost:61324
accept: */*

Response DefaultHttpResponse(decodeResult: success, version: HTTP/1.1)
HTTP/1.1 200 OK
Content-Type: application/json; charset=utf-8
cache-control: no-cache
content-length: 14

17:42:41.567 [AsyncHttpClient-1-2] DEBUG org.asynchttpclient.netty.channel.ChannelManager - Adding key: http://localhost:61324 for channel [id: 0x89687221, L:/127.0.0.1:57512 - R:localhost/127.0.0.1:61324]
17:42:41.602 [Forwarding screenshot on session 3804a52f96d2eeb36549db6fbc7fe9a6 to remote] DEBUG org.asynchttpclient.netty.request.NettyRequestSender - Using pooled Channel '[id: 0x89687221, L:/127.0.0.1:57512 - R:localhost/127.0.0.1:61324]' for 'GET' to 'http://localhost:61324/session/3804a52f96d2eeb36549db6fbc7fe9a6/screenshot'
17:42:41.602 [Forwarding screenshot on session 3804a52f96d2eeb36549db6fbc7fe9a6 to remote] DEBUG org.asynchttpclient.netty.request.NettyRequestSender - Using open Channel [id: 0x89687221, L:/127.0.0.1:57512 - R:localhost/127.0.0.1:61324] for GET '/session/3804a52f96d2eeb36549db6fbc7fe9a6/screenshot'
17:42:41.801 [AsyncHttpClient-1-2] DEBUG org.asynchttpclient.netty.handler.HttpHandler - 

Request DefaultFullHttpRequest(decodeResult: success, version: HTTP/1.1, content: EmptyByteBufBE)
GET /session/3804a52f96d2eeb36549db6fbc7fe9a6/screenshot HTTP/1.1
User-Agent: selenium/4.3.0 (java windows)
Cache-Control: no-cache
Content-Type: application/json; charset=utf-8
host: localhost:61324
accept: */*

Response DefaultHttpResponse(decodeResult: success, version: HTTP/1.1)
HTTP/1.1 200 OK
Content-Type: application/json; charset=utf-8
cache-control: no-cache
content-length: 229056

17:42:41.803 [AsyncHttpClient-1-2] DEBUG org.asynchttpclient.netty.channel.ChannelManager - Adding key: http://localhost:61324 for channel [id: 0x89687221, L:/127.0.0.1:57512 - R:localhost/127.0.0.1:61324]
17:42:41.811 [Test worker] DEBUG net.serenitybdd.core.photography.Darkroom - Send negative for processing for D:\Users\Usuario\Documents\Accenture\AutomatizacionAccenturePrueba\target\site\serenity\b1deecbfe767e744103b53be6a63a89dcf520968edd0bb487a50961b42e5ecb9.png
17:42:41.813 [Darkroom Processing Line] DEBUG net.serenitybdd.core.photography.DarkroomProcessingLine - Processing screenshot image in /var/screenshots/screenshot-5334571686401947022
17:42:41.813 [Darkroom Processing Line] DEBUG net.serenitybdd.core.photography.DarkroomProcessingLine - Saving screenshot to D:\Users\Usuario\Documents\Accenture\AutomatizacionAccenturePrueba\target\site\serenity\b1deecbfe767e744103b53be6a63a89dcf520968edd0bb487a50961b42e5ecb9.png
17:42:41.858 [Test worker] DEBUG net.thucydides.core.steps.StepInterceptor - STEP DONE: {0} clicks on #target
17:42:41.982 [Test worker] DEBUG net.serenitybdd.screenplay.targets.IFrameSwitcher - default content already selected for boton de agregar
17:42:42.010 [Forwarding findElements on session 3804a52f96d2eeb36549db6fbc7fe9a6 to remote] DEBUG org.asynchttpclient.netty.request.NettyRequestSender - Using pooled Channel '[id: 0x89687221, L:/127.0.0.1:57512 - R:localhost/127.0.0.1:61324]' for 'POST' to 'http://localhost:61324/session/3804a52f96d2eeb36549db6fbc7fe9a6/elements'
17:42:42.011 [Forwarding findElements on session 3804a52f96d2eeb36549db6fbc7fe9a6 to remote] DEBUG org.asynchttpclient.netty.request.NettyRequestSender - Using open Channel [id: 0x89687221, L:/127.0.0.1:57512 - R:localhost/127.0.0.1:61324] for POST '/session/3804a52f96d2eeb36549db6fbc7fe9a6/elements'
17:42:42.107 [AsyncHttpClient-1-2] DEBUG org.asynchttpclient.netty.handler.HttpHandler - 

Request DefaultHttpRequest(decodeResult: success, version: HTTP/1.1)
POST /session/3804a52f96d2eeb36549db6fbc7fe9a6/elements HTTP/1.1
User-Agent: selenium/4.3.0 (java windows)
Content-Length: 95
Content-Type: application/json; charset=utf-8
host: localhost:61324
accept: */*

Response DefaultHttpResponse(decodeResult: success, version: HTTP/1.1)
HTTP/1.1 200 OK
Content-Type: application/json; charset=utf-8
cache-control: no-cache
content-length: 129

17:42:42.107 [AsyncHttpClient-1-2] DEBUG org.asynchttpclient.netty.channel.ChannelManager - Adding key: http://localhost:61324 for channel [id: 0x89687221, L:/127.0.0.1:57512 - R:localhost/127.0.0.1:61324]
17:42:42.126 [AsyncHttpClient-1-1] DEBUG org.asynchttpclient.netty.channel.DefaultChannelPool - Entry count for : http://localhost:57514 : 1
17:42:42.126 [AsyncHttpClient-1-1] DEBUG org.asynchttpclient.netty.channel.DefaultChannelPool - Entry count for : http://localhost:61324 : 1
17:42:42.160 [Forwarding isElementDisplayed on session 3804a52f96d2eeb36549db6fbc7fe9a6 to remote] DEBUG org.asynchttpclient.netty.request.NettyRequestSender - Using pooled Channel '[id: 0x89687221, L:/127.0.0.1:57512 - R:localhost/127.0.0.1:61324]' for 'POST' to 'http://localhost:61324/session/3804a52f96d2eeb36549db6fbc7fe9a6/execute/sync'
17:42:42.161 [Forwarding isElementDisplayed on session 3804a52f96d2eeb36549db6fbc7fe9a6 to remote] DEBUG org.asynchttpclient.netty.request.NettyRequestSender - Using open Channel [id: 0x89687221, L:/127.0.0.1:57512 - R:localhost/127.0.0.1:61324] for POST '/session/3804a52f96d2eeb36549db6fbc7fe9a6/execute/sync'
17:42:42.173 [AsyncHttpClient-1-2] DEBUG org.asynchttpclient.netty.handler.HttpHandler - 

Request DefaultHttpRequest(decodeResult: success, version: HTTP/1.1)
POST /session/3804a52f96d2eeb36549db6fbc7fe9a6/execute/sync HTTP/1.1
User-Agent: selenium/4.3.0 (java windows)
Content-Length: 48819
Content-Type: application/json; charset=utf-8
host: localhost:61324
accept: */*

Response DefaultHttpResponse(decodeResult: success, version: HTTP/1.1)
HTTP/1.1 200 OK
Content-Type: application/json; charset=utf-8
cache-control: no-cache
content-length: 14

17:42:42.173 [AsyncHttpClient-1-2] DEBUG org.asynchttpclient.netty.channel.ChannelManager - Adding key: http://localhost:61324 for channel [id: 0x89687221, L:/127.0.0.1:57512 - R:localhost/127.0.0.1:61324]
17:42:42.175 [Forwarding isElementEnabled on session 3804a52f96d2eeb36549db6fbc7fe9a6 to remote] DEBUG org.asynchttpclient.netty.request.NettyRequestSender - Using pooled Channel '[id: 0x89687221, L:/127.0.0.1:57512 - R:localhost/127.0.0.1:61324]' for 'GET' to 'http://localhost:61324/session/3804a52f96d2eeb36549db6fbc7fe9a6/element/f.3DC5CDB77786DE21E37CA50373E739D7.d.C40F6701090891D513FA60E8FA2F48A7.e.159/enabled'
17:42:42.176 [Forwarding isElementEnabled on session 3804a52f96d2eeb36549db6fbc7fe9a6 to remote] DEBUG org.asynchttpclient.netty.request.NettyRequestSender - Using open Channel [id: 0x89687221, L:/127.0.0.1:57512 - R:localhost/127.0.0.1:61324] for GET '/session/3804a52f96d2eeb36549db6fbc7fe9a6/element/f.3DC5CDB77786DE21E37CA50373E739D7.d.C40F6701090891D513FA60E8FA2F48A7.e.159/enabled'
17:42:42.188 [AsyncHttpClient-1-2] DEBUG org.asynchttpclient.netty.handler.HttpHandler - 

Request DefaultFullHttpRequest(decodeResult: success, version: HTTP/1.1, content: EmptyByteBufBE)
GET /session/3804a52f96d2eeb36549db6fbc7fe9a6/element/f.3DC5CDB77786DE21E37CA50373E739D7.d.C40F6701090891D513FA60E8FA2F48A7.e.159/enabled HTTP/1.1
User-Agent: selenium/4.3.0 (java windows)
Cache-Control: no-cache
Content-Type: application/json; charset=utf-8
host: localhost:61324
accept: */*

Response DefaultHttpResponse(decodeResult: success, version: HTTP/1.1)
HTTP/1.1 200 OK
Content-Type: application/json; charset=utf-8
cache-control: no-cache
content-length: 14

17:42:42.188 [AsyncHttpClient-1-2] DEBUG org.asynchttpclient.netty.channel.ChannelManager - Adding key: http://localhost:61324 for channel [id: 0x89687221, L:/127.0.0.1:57512 - R:localhost/127.0.0.1:61324]
17:42:42.238 [Forwarding screenshot on session 3804a52f96d2eeb36549db6fbc7fe9a6 to remote] DEBUG org.asynchttpclient.netty.request.NettyRequestSender - Using pooled Channel '[id: 0x89687221, L:/127.0.0.1:57512 - R:localhost/127.0.0.1:61324]' for 'GET' to 'http://localhost:61324/session/3804a52f96d2eeb36549db6fbc7fe9a6/screenshot'
17:42:42.238 [Forwarding screenshot on session 3804a52f96d2eeb36549db6fbc7fe9a6 to remote] DEBUG org.asynchttpclient.netty.request.NettyRequestSender - Using open Channel [id: 0x89687221, L:/127.0.0.1:57512 - R:localhost/127.0.0.1:61324] for GET '/session/3804a52f96d2eeb36549db6fbc7fe9a6/screenshot'
17:42:42.438 [AsyncHttpClient-1-2] DEBUG org.asynchttpclient.netty.handler.HttpHandler - 

Request DefaultFullHttpRequest(decodeResult: success, version: HTTP/1.1, content: EmptyByteBufBE)
GET /session/3804a52f96d2eeb36549db6fbc7fe9a6/screenshot HTTP/1.1
User-Agent: selenium/4.3.0 (java windows)
Cache-Control: no-cache
Content-Type: application/json; charset=utf-8
host: localhost:61324
accept: */*

Response DefaultHttpResponse(decodeResult: success, version: HTTP/1.1)
HTTP/1.1 200 OK
Content-Type: application/json; charset=utf-8
cache-control: no-cache
content-length: 295644

17:42:42.440 [AsyncHttpClient-1-2] DEBUG org.asynchttpclient.netty.channel.ChannelManager - Adding key: http://localhost:61324 for channel [id: 0x89687221, L:/127.0.0.1:57512 - R:localhost/127.0.0.1:61324]
17:42:42.450 [Test worker] DEBUG net.serenitybdd.core.photography.Darkroom - Send negative for processing for D:\Users\Usuario\Documents\Accenture\AutomatizacionAccenturePrueba\target\site\serenity\80906dac72459ddf1bbe9b16f7d5a6145d30d03bd8ec3924225edf7acd80bf00.png
17:42:42.450 [Test worker] DEBUG net.thucydides.core.steps.StepInterceptor - STARTING STEP: AbrirProducto.performAs - {0} clicks on #target
17:42:42.451 [Test worker] DEBUG net.serenitybdd.screenplay.targets.IFrameSwitcher - default content already selected for boton de agregar
17:42:42.459 [Darkroom Processing Line] DEBUG net.serenitybdd.core.photography.DarkroomProcessingLine - Processing screenshot image in /var/screenshots/screenshot-8232326486918442608
17:42:42.459 [Darkroom Processing Line] DEBUG net.serenitybdd.core.photography.DarkroomProcessingLine - Saving screenshot to D:\Users\Usuario\Documents\Accenture\AutomatizacionAccenturePrueba\target\site\serenity\80906dac72459ddf1bbe9b16f7d5a6145d30d03bd8ec3924225edf7acd80bf00.png
17:42:42.535 [Forwarding findElement on session 3804a52f96d2eeb36549db6fbc7fe9a6 to remote] DEBUG org.asynchttpclient.netty.request.NettyRequestSender - Using pooled Channel '[id: 0x89687221, L:/127.0.0.1:57512 - R:localhost/127.0.0.1:61324]' for 'POST' to 'http://localhost:61324/session/3804a52f96d2eeb36549db6fbc7fe9a6/element'
17:42:42.535 [Forwarding findElement on session 3804a52f96d2eeb36549db6fbc7fe9a6 to remote] DEBUG org.asynchttpclient.netty.request.NettyRequestSender - Using open Channel [id: 0x89687221, L:/127.0.0.1:57512 - R:localhost/127.0.0.1:61324] for POST '/session/3804a52f96d2eeb36549db6fbc7fe9a6/element'
17:42:42.548 [AsyncHttpClient-1-2] DEBUG org.asynchttpclient.netty.handler.HttpHandler - 

Request DefaultHttpRequest(decodeResult: success, version: HTTP/1.1)
POST /session/3804a52f96d2eeb36549db6fbc7fe9a6/element HTTP/1.1
User-Agent: selenium/4.3.0 (java windows)
Content-Length: 95
Content-Type: application/json; charset=utf-8
host: localhost:61324
accept: */*

Response DefaultHttpResponse(decodeResult: success, version: HTTP/1.1)
HTTP/1.1 200 OK
Content-Type: application/json; charset=utf-8
cache-control: no-cache
content-length: 127

17:42:42.548 [AsyncHttpClient-1-2] DEBUG org.asynchttpclient.netty.channel.ChannelManager - Adding key: http://localhost:61324 for channel [id: 0x89687221, L:/127.0.0.1:57512 - R:localhost/127.0.0.1:61324]
17:42:42.565 [Forwarding isElementDisplayed on session 3804a52f96d2eeb36549db6fbc7fe9a6 to remote] DEBUG org.asynchttpclient.netty.request.NettyRequestSender - Using pooled Channel '[id: 0x89687221, L:/127.0.0.1:57512 - R:localhost/127.0.0.1:61324]' for 'POST' to 'http://localhost:61324/session/3804a52f96d2eeb36549db6fbc7fe9a6/execute/sync'
17:42:42.565 [Forwarding isElementDisplayed on session 3804a52f96d2eeb36549db6fbc7fe9a6 to remote] DEBUG org.asynchttpclient.netty.request.NettyRequestSender - Using open Channel [id: 0x89687221, L:/127.0.0.1:57512 - R:localhost/127.0.0.1:61324] for POST '/session/3804a52f96d2eeb36549db6fbc7fe9a6/execute/sync'
17:42:42.577 [AsyncHttpClient-1-2] DEBUG org.asynchttpclient.netty.handler.HttpHandler - 

Request DefaultHttpRequest(decodeResult: success, version: HTTP/1.1)
POST /session/3804a52f96d2eeb36549db6fbc7fe9a6/execute/sync HTTP/1.1
User-Agent: selenium/4.3.0 (java windows)
Content-Length: 48819
Content-Type: application/json; charset=utf-8
host: localhost:61324
accept: */*

Response DefaultHttpResponse(decodeResult: success, version: HTTP/1.1)
HTTP/1.1 200 OK
Content-Type: application/json; charset=utf-8
cache-control: no-cache
content-length: 14

17:42:42.577 [AsyncHttpClient-1-2] DEBUG org.asynchttpclient.netty.channel.ChannelManager - Adding key: http://localhost:61324 for channel [id: 0x89687221, L:/127.0.0.1:57512 - R:localhost/127.0.0.1:61324]
17:42:42.610 [Forwarding findElement on session 3804a52f96d2eeb36549db6fbc7fe9a6 to remote] DEBUG org.asynchttpclient.netty.request.NettyRequestSender - Using pooled Channel '[id: 0x89687221, L:/127.0.0.1:57512 - R:localhost/127.0.0.1:61324]' for 'POST' to 'http://localhost:61324/session/3804a52f96d2eeb36549db6fbc7fe9a6/element'
17:42:42.610 [Forwarding findElement on session 3804a52f96d2eeb36549db6fbc7fe9a6 to remote] DEBUG org.asynchttpclient.netty.request.NettyRequestSender - Using open Channel [id: 0x89687221, L:/127.0.0.1:57512 - R:localhost/127.0.0.1:61324] for POST '/session/3804a52f96d2eeb36549db6fbc7fe9a6/element'
17:42:42.620 [AsyncHttpClient-1-2] DEBUG org.asynchttpclient.netty.handler.HttpHandler - 

Request DefaultHttpRequest(decodeResult: success, version: HTTP/1.1)
POST /session/3804a52f96d2eeb36549db6fbc7fe9a6/element HTTP/1.1
User-Agent: selenium/4.3.0 (java windows)
Content-Length: 95
Content-Type: application/json; charset=utf-8
host: localhost:61324
accept: */*

Response DefaultHttpResponse(decodeResult: success, version: HTTP/1.1)
HTTP/1.1 200 OK
Content-Type: application/json; charset=utf-8
cache-control: no-cache
content-length: 127

17:42:42.621 [AsyncHttpClient-1-2] DEBUG org.asynchttpclient.netty.channel.ChannelManager - Adding key: http://localhost:61324 for channel [id: 0x89687221, L:/127.0.0.1:57512 - R:localhost/127.0.0.1:61324]
17:42:42.623 [Forwarding clickElement on session 3804a52f96d2eeb36549db6fbc7fe9a6 to remote] DEBUG org.asynchttpclient.netty.request.NettyRequestSender - Using pooled Channel '[id: 0x89687221, L:/127.0.0.1:57512 - R:localhost/127.0.0.1:61324]' for 'POST' to 'http://localhost:61324/session/3804a52f96d2eeb36549db6fbc7fe9a6/element/f.3DC5CDB77786DE21E37CA50373E739D7.d.C40F6701090891D513FA60E8FA2F48A7.e.159/click'
17:42:42.623 [Forwarding clickElement on session 3804a52f96d2eeb36549db6fbc7fe9a6 to remote] DEBUG org.asynchttpclient.netty.request.NettyRequestSender - Using open Channel [id: 0x89687221, L:/127.0.0.1:57512 - R:localhost/127.0.0.1:61324] for POST '/session/3804a52f96d2eeb36549db6fbc7fe9a6/element/f.3DC5CDB77786DE21E37CA50373E739D7.d.C40F6701090891D513FA60E8FA2F48A7.e.159/click'
17:42:42.678 [AsyncHttpClient-1-2] DEBUG org.asynchttpclient.netty.handler.HttpHandler - 

Request DefaultHttpRequest(decodeResult: success, version: HTTP/1.1)
POST /session/3804a52f96d2eeb36549db6fbc7fe9a6/element/f.3DC5CDB77786DE21E37CA50373E739D7.d.C40F6701090891D513FA60E8FA2F48A7.e.159/click HTTP/1.1
User-Agent: selenium/4.3.0 (java windows)
Content-Length: 89
Content-Type: application/json; charset=utf-8
host: localhost:61324
accept: */*

Response DefaultHttpResponse(decodeResult: success, version: HTTP/1.1)
HTTP/1.1 200 OK
Content-Type: application/json; charset=utf-8
cache-control: no-cache
content-length: 14

17:42:42.679 [AsyncHttpClient-1-2] DEBUG org.asynchttpclient.netty.channel.ChannelManager - Adding key: http://localhost:61324 for channel [id: 0x89687221, L:/127.0.0.1:57512 - R:localhost/127.0.0.1:61324]
17:42:42.711 [Forwarding screenshot on session 3804a52f96d2eeb36549db6fbc7fe9a6 to remote] DEBUG org.asynchttpclient.netty.request.NettyRequestSender - Using pooled Channel '[id: 0x89687221, L:/127.0.0.1:57512 - R:localhost/127.0.0.1:61324]' for 'GET' to 'http://localhost:61324/session/3804a52f96d2eeb36549db6fbc7fe9a6/screenshot'
17:42:42.711 [Forwarding screenshot on session 3804a52f96d2eeb36549db6fbc7fe9a6 to remote] DEBUG org.asynchttpclient.netty.request.NettyRequestSender - Using open Channel [id: 0x89687221, L:/127.0.0.1:57512 - R:localhost/127.0.0.1:61324] for GET '/session/3804a52f96d2eeb36549db6fbc7fe9a6/screenshot'
17:42:42.949 [AsyncHttpClient-1-2] DEBUG org.asynchttpclient.netty.handler.HttpHandler - 

Request DefaultFullHttpRequest(decodeResult: success, version: HTTP/1.1, content: EmptyByteBufBE)
GET /session/3804a52f96d2eeb36549db6fbc7fe9a6/screenshot HTTP/1.1
User-Agent: selenium/4.3.0 (java windows)
Cache-Control: no-cache
Content-Type: application/json; charset=utf-8
host: localhost:61324
accept: */*

Response DefaultHttpResponse(decodeResult: success, version: HTTP/1.1)
HTTP/1.1 200 OK
Content-Type: application/json; charset=utf-8
cache-control: no-cache
content-length: 295952

17:42:42.951 [AsyncHttpClient-1-2] DEBUG org.asynchttpclient.netty.channel.ChannelManager - Adding key: http://localhost:61324 for channel [id: 0x89687221, L:/127.0.0.1:57512 - R:localhost/127.0.0.1:61324]
17:42:42.961 [Test worker] DEBUG net.serenitybdd.core.photography.Darkroom - Send negative for processing for D:\Users\Usuario\Documents\Accenture\AutomatizacionAccenturePrueba\target\site\serenity\6acc35e478ac6fabe593680d4f65223492223ee4000edf49efc1984b71aa72bd.png
17:42:42.961 [Darkroom Processing Line] DEBUG net.serenitybdd.core.photography.DarkroomProcessingLine - Processing screenshot image in /var/screenshots/screenshot-11819850245388577906
17:42:42.961 [Darkroom Processing Line] DEBUG net.serenitybdd.core.photography.DarkroomProcessingLine - Saving screenshot to D:\Users\Usuario\Documents\Accenture\AutomatizacionAccenturePrueba\target\site\serenity\6acc35e478ac6fabe593680d4f65223492223ee4000edf49efc1984b71aa72bd.png
17:42:43.020 [Forwarding screenshot on session 3804a52f96d2eeb36549db6fbc7fe9a6 to remote] DEBUG org.asynchttpclient.netty.request.NettyRequestSender - Using pooled Channel '[id: 0x89687221, L:/127.0.0.1:57512 - R:localhost/127.0.0.1:61324]' for 'GET' to 'http://localhost:61324/session/3804a52f96d2eeb36549db6fbc7fe9a6/screenshot'
17:42:43.020 [Forwarding screenshot on session 3804a52f96d2eeb36549db6fbc7fe9a6 to remote] DEBUG org.asynchttpclient.netty.request.NettyRequestSender - Using open Channel [id: 0x89687221, L:/127.0.0.1:57512 - R:localhost/127.0.0.1:61324] for GET '/session/3804a52f96d2eeb36549db6fbc7fe9a6/screenshot'
17:42:43.072 [AsyncHttpClient-1-2] DEBUG org.asynchttpclient.netty.handler.HttpHandler - 

Request DefaultFullHttpRequest(decodeResult: success, version: HTTP/1.1, content: EmptyByteBufBE)
GET /session/3804a52f96d2eeb36549db6fbc7fe9a6/screenshot HTTP/1.1
User-Agent: selenium/4.3.0 (java windows)
Cache-Control: no-cache
Content-Type: application/json; charset=utf-8
host: localhost:61324
accept: */*

Response DefaultHttpResponse(decodeResult: success, version: HTTP/1.1)
HTTP/1.1 500 Internal Server Error
Content-Type: application/json; charset=utf-8
cache-control: no-cache
content-length: 802

17:42:43.074 [AsyncHttpClient-1-2] DEBUG org.asynchttpclient.netty.channel.ChannelManager - Adding key: http://localhost:61324 for channel [id: 0x89687221, L:/127.0.0.1:57512 - R:localhost/127.0.0.1:61324]
17:42:43.120 [Test worker] WARN net.thucydides.core.webdriver.WebDriverFacade - Failed to take screenshot (unexpected alert open: <unknown>
  (Session info: chrome=123.0.6312.59): 
Build info: version: '4.3.0', revision: 'a4995e2c09*'
System info: host: 'DESKTOP-2DP9C7O', ip: '192.168.1.12', os.name: 'Windows 10', os.arch: 'amd64', os.version: '10.0', java.version: '11.0.22'
Driver info: org.openqa.selenium.chrome.ChromeDriver
Command: [3804a52f96d2eeb36549db6fbc7fe9a6, screenshot {}]
Capabilities {acceptInsecureCerts: false, browserName: chrome, browserVersion: 123.0.6312.59, chrome: {chromedriverVersion: 122.0.6261.94 (880dbf29479c..., userDataDir: C:\Users\Usuario\AppData\Lo...}, fedcm:accounts: true, goog:chromeOptions: {debuggerAddress: localhost:57514}, networkConnectionEnabled: false, pageLoadStrategy: normal, platformName: WINDOWS, proxy: Proxy(), se:cdp: ws://localhost:57514/devtoo..., se:cdpVersion: 123.0.6312.59, setWindowRect: true, strictFileInteractability: false, timeouts: {implicit: 0, pageLoad: 300000, script: 30000}, unhandledPromptBehavior: dismiss and notify, webauthn:extension:credBlob: true, webauthn:extension:largeBlob: true, webauthn:extension:minPinLength: true, webauthn:extension:prf: true, webauthn:virtualAuthenticators: true}
Session ID: 3804a52f96d2eeb36549db6fbc7fe9a6)
17:42:43.120 [Test worker] DEBUG net.thucydides.core.steps.StepInterceptor - STEP DONE: {0} clicks on #target
17:42:43.166 [Test worker] DEBUG net.serenitybdd.screenplay.targets.IFrameSwitcher - default content already selected for Carrito
17:42:43.182 [Forwarding findElements on session 3804a52f96d2eeb36549db6fbc7fe9a6 to remote] DEBUG org.asynchttpclient.netty.request.NettyRequestSender - Using pooled Channel '[id: 0x89687221, L:/127.0.0.1:57512 - R:localhost/127.0.0.1:61324]' for 'POST' to 'http://localhost:61324/session/3804a52f96d2eeb36549db6fbc7fe9a6/elements'
17:42:43.183 [Forwarding findElements on session 3804a52f96d2eeb36549db6fbc7fe9a6 to remote] DEBUG org.asynchttpclient.netty.request.NettyRequestSender - Using open Channel [id: 0x89687221, L:/127.0.0.1:57512 - R:localhost/127.0.0.1:61324] for POST '/session/3804a52f96d2eeb36549db6fbc7fe9a6/elements'
17:42:43.226 [AsyncHttpClient-1-2] DEBUG org.asynchttpclient.netty.handler.HttpHandler - 

Request DefaultHttpRequest(decodeResult: success, version: HTTP/1.1)
POST /session/3804a52f96d2eeb36549db6fbc7fe9a6/elements HTTP/1.1
User-Agent: selenium/4.3.0 (java windows)
Content-Length: 66
Content-Type: application/json; charset=utf-8
host: localhost:61324
accept: */*

Response DefaultHttpResponse(decodeResult: success, version: HTTP/1.1)
HTTP/1.1 500 Internal Server Error
Content-Type: application/json; charset=utf-8
cache-control: no-cache
content-length: 831

17:42:43.226 [AsyncHttpClient-1-2] DEBUG org.asynchttpclient.netty.channel.ChannelManager - Adding key: http://localhost:61324 for channel [id: 0x89687221, L:/127.0.0.1:57512 - R:localhost/127.0.0.1:61324]
17:42:43.232 [AsyncHttpClient-1-1] DEBUG org.asynchttpclient.netty.channel.DefaultChannelPool - Entry count for : http://localhost:57514 : 1
17:42:43.232 [AsyncHttpClient-1-1] DEBUG org.asynchttpclient.netty.channel.DefaultChannelPool - Entry count for : http://localhost:61324 : 1
17:42:43.377 [Test worker] DEBUG net.serenitybdd.screenplay.targets.IFrameSwitcher - default content already selected for Carrito
17:42:43.393 [Forwarding findElements on session 3804a52f96d2eeb36549db6fbc7fe9a6 to remote] DEBUG org.asynchttpclient.netty.request.NettyRequestSender - Using pooled Channel '[id: 0x89687221, L:/127.0.0.1:57512 - R:localhost/127.0.0.1:61324]' for 'POST' to 'http://localhost:61324/session/3804a52f96d2eeb36549db6fbc7fe9a6/elements'
17:42:43.394 [Forwarding findElements on session 3804a52f96d2eeb36549db6fbc7fe9a6 to remote] DEBUG org.asynchttpclient.netty.request.NettyRequestSender - Using open Channel [id: 0x89687221, L:/127.0.0.1:57512 - R:localhost/127.0.0.1:61324] for POST '/session/3804a52f96d2eeb36549db6fbc7fe9a6/elements'
17:42:43.412 [AsyncHttpClient-1-2] DEBUG org.asynchttpclient.netty.handler.HttpHandler - 

Request DefaultHttpRequest(decodeResult: success, version: HTTP/1.1)
POST /session/3804a52f96d2eeb36549db6fbc7fe9a6/elements HTTP/1.1
User-Agent: selenium/4.3.0 (java windows)
Content-Length: 66
Content-Type: application/json; charset=utf-8
host: localhost:61324
accept: */*

Response DefaultHttpResponse(decodeResult: success, version: HTTP/1.1)
HTTP/1.1 200 OK
Content-Type: application/json; charset=utf-8
cache-control: no-cache
content-length: 129

17:42:43.412 [AsyncHttpClient-1-2] DEBUG org.asynchttpclient.netty.channel.ChannelManager - Adding key: http://localhost:61324 for channel [id: 0x89687221, L:/127.0.0.1:57512 - R:localhost/127.0.0.1:61324]
17:42:43.458 [Forwarding isElementDisplayed on session 3804a52f96d2eeb36549db6fbc7fe9a6 to remote] DEBUG org.asynchttpclient.netty.request.NettyRequestSender - Using pooled Channel '[id: 0x89687221, L:/127.0.0.1:57512 - R:localhost/127.0.0.1:61324]' for 'POST' to 'http://localhost:61324/session/3804a52f96d2eeb36549db6fbc7fe9a6/execute/sync'
17:42:43.459 [Forwarding isElementDisplayed on session 3804a52f96d2eeb36549db6fbc7fe9a6 to remote] DEBUG org.asynchttpclient.netty.request.NettyRequestSender - Using open Channel [id: 0x89687221, L:/127.0.0.1:57512 - R:localhost/127.0.0.1:61324] for POST '/session/3804a52f96d2eeb36549db6fbc7fe9a6/execute/sync'
17:42:43.471 [AsyncHttpClient-1-2] DEBUG org.asynchttpclient.netty.handler.HttpHandler - 

Request DefaultHttpRequest(decodeResult: success, version: HTTP/1.1)
POST /session/3804a52f96d2eeb36549db6fbc7fe9a6/execute/sync HTTP/1.1
User-Agent: selenium/4.3.0 (java windows)
Content-Length: 48819
Content-Type: application/json; charset=utf-8
host: localhost:61324
accept: */*

Response DefaultHttpResponse(decodeResult: success, version: HTTP/1.1)
HTTP/1.1 200 OK
Content-Type: application/json; charset=utf-8
cache-control: no-cache
content-length: 14

17:42:43.471 [AsyncHttpClient-1-2] DEBUG org.asynchttpclient.netty.channel.ChannelManager - Adding key: http://localhost:61324 for channel [id: 0x89687221, L:/127.0.0.1:57512 - R:localhost/127.0.0.1:61324]
17:42:43.472 [Forwarding isElementEnabled on session 3804a52f96d2eeb36549db6fbc7fe9a6 to remote] DEBUG org.asynchttpclient.netty.request.NettyRequestSender - Using pooled Channel '[id: 0x89687221, L:/127.0.0.1:57512 - R:localhost/127.0.0.1:61324]' for 'GET' to 'http://localhost:61324/session/3804a52f96d2eeb36549db6fbc7fe9a6/element/f.3DC5CDB77786DE21E37CA50373E739D7.d.C40F6701090891D513FA60E8FA2F48A7.e.161/enabled'
17:42:43.472 [Forwarding isElementEnabled on session 3804a52f96d2eeb36549db6fbc7fe9a6 to remote] DEBUG org.asynchttpclient.netty.request.NettyRequestSender - Using open Channel [id: 0x89687221, L:/127.0.0.1:57512 - R:localhost/127.0.0.1:61324] for GET '/session/3804a52f96d2eeb36549db6fbc7fe9a6/element/f.3DC5CDB77786DE21E37CA50373E739D7.d.C40F6701090891D513FA60E8FA2F48A7.e.161/enabled'
17:42:43.483 [AsyncHttpClient-1-2] DEBUG org.asynchttpclient.netty.handler.HttpHandler - 

Request DefaultFullHttpRequest(decodeResult: success, version: HTTP/1.1, content: EmptyByteBufBE)
GET /session/3804a52f96d2eeb36549db6fbc7fe9a6/element/f.3DC5CDB77786DE21E37CA50373E739D7.d.C40F6701090891D513FA60E8FA2F48A7.e.161/enabled HTTP/1.1
User-Agent: selenium/4.3.0 (java windows)
Cache-Control: no-cache
Content-Type: application/json; charset=utf-8
host: localhost:61324
accept: */*

Response DefaultHttpResponse(decodeResult: success, version: HTTP/1.1)
HTTP/1.1 200 OK
Content-Type: application/json; charset=utf-8
cache-control: no-cache
content-length: 14

17:42:43.484 [AsyncHttpClient-1-2] DEBUG org.asynchttpclient.netty.channel.ChannelManager - Adding key: http://localhost:61324 for channel [id: 0x89687221, L:/127.0.0.1:57512 - R:localhost/127.0.0.1:61324]
17:42:43.533 [Forwarding screenshot on session 3804a52f96d2eeb36549db6fbc7fe9a6 to remote] DEBUG org.asynchttpclient.netty.request.NettyRequestSender - Using pooled Channel '[id: 0x89687221, L:/127.0.0.1:57512 - R:localhost/127.0.0.1:61324]' for 'GET' to 'http://localhost:61324/session/3804a52f96d2eeb36549db6fbc7fe9a6/screenshot'
17:42:43.534 [Forwarding screenshot on session 3804a52f96d2eeb36549db6fbc7fe9a6 to remote] DEBUG org.asynchttpclient.netty.request.NettyRequestSender - Using open Channel [id: 0x89687221, L:/127.0.0.1:57512 - R:localhost/127.0.0.1:61324] for GET '/session/3804a52f96d2eeb36549db6fbc7fe9a6/screenshot'
17:42:43.714 [AsyncHttpClient-1-2] DEBUG org.asynchttpclient.netty.handler.HttpHandler - 

Request DefaultFullHttpRequest(decodeResult: success, version: HTTP/1.1, content: EmptyByteBufBE)
GET /session/3804a52f96d2eeb36549db6fbc7fe9a6/screenshot HTTP/1.1
User-Agent: selenium/4.3.0 (java windows)
Cache-Control: no-cache
Content-Type: application/json; charset=utf-8
host: localhost:61324
accept: */*

Response DefaultHttpResponse(decodeResult: success, version: HTTP/1.1)
HTTP/1.1 200 OK
Content-Type: application/json; charset=utf-8
cache-control: no-cache
content-length: 296096

17:42:43.716 [AsyncHttpClient-1-2] DEBUG org.asynchttpclient.netty.channel.ChannelManager - Adding key: http://localhost:61324 for channel [id: 0x89687221, L:/127.0.0.1:57512 - R:localhost/127.0.0.1:61324]
17:42:43.731 [Test worker] DEBUG net.serenitybdd.core.photography.Darkroom - Send negative for processing for D:\Users\Usuario\Documents\Accenture\AutomatizacionAccenturePrueba\target\site\serenity\48f382ea4779cbf5ed2b41e3f93da8b3e799227904fb6b71247a4c2cec40c95a.png
17:42:43.731 [Test worker] DEBUG net.thucydides.core.steps.StepInterceptor - STARTING STEP: AbrirProducto.performAs - {0} clicks on #target
17:42:43.732 [Test worker] DEBUG net.serenitybdd.screenplay.targets.IFrameSwitcher - default content already selected for Carrito
17:42:43.733 [Darkroom Processing Line] DEBUG net.serenitybdd.core.photography.DarkroomProcessingLine - Processing screenshot image in /var/screenshots/screenshot-4589978221859479675
17:42:43.733 [Darkroom Processing Line] DEBUG net.serenitybdd.core.photography.DarkroomProcessingLine - Saving screenshot to D:\Users\Usuario\Documents\Accenture\AutomatizacionAccenturePrueba\target\site\serenity\48f382ea4779cbf5ed2b41e3f93da8b3e799227904fb6b71247a4c2cec40c95a.png
17:42:43.932 [Forwarding findElement on session 3804a52f96d2eeb36549db6fbc7fe9a6 to remote] DEBUG org.asynchttpclient.netty.request.NettyRequestSender - Using pooled Channel '[id: 0x89687221, L:/127.0.0.1:57512 - R:localhost/127.0.0.1:61324]' for 'POST' to 'http://localhost:61324/session/3804a52f96d2eeb36549db6fbc7fe9a6/element'
17:42:43.932 [Forwarding findElement on session 3804a52f96d2eeb36549db6fbc7fe9a6 to remote] DEBUG org.asynchttpclient.netty.request.NettyRequestSender - Using open Channel [id: 0x89687221, L:/127.0.0.1:57512 - R:localhost/127.0.0.1:61324] for POST '/session/3804a52f96d2eeb36549db6fbc7fe9a6/element'
17:42:43.950 [AsyncHttpClient-1-2] DEBUG org.asynchttpclient.netty.handler.HttpHandler - 

Request DefaultHttpRequest(decodeResult: success, version: HTTP/1.1)
POST /session/3804a52f96d2eeb36549db6fbc7fe9a6/element HTTP/1.1
User-Agent: selenium/4.3.0 (java windows)
Content-Length: 66
Content-Type: application/json; charset=utf-8
host: localhost:61324
accept: */*

Response DefaultHttpResponse(decodeResult: success, version: HTTP/1.1)
HTTP/1.1 200 OK
Content-Type: application/json; charset=utf-8
cache-control: no-cache
content-length: 127

17:42:43.951 [AsyncHttpClient-1-2] DEBUG org.asynchttpclient.netty.channel.ChannelManager - Adding key: http://localhost:61324 for channel [id: 0x89687221, L:/127.0.0.1:57512 - R:localhost/127.0.0.1:61324]
17:42:43.970 [Forwarding isElementDisplayed on session 3804a52f96d2eeb36549db6fbc7fe9a6 to remote] DEBUG org.asynchttpclient.netty.request.NettyRequestSender - Using pooled Channel '[id: 0x89687221, L:/127.0.0.1:57512 - R:localhost/127.0.0.1:61324]' for 'POST' to 'http://localhost:61324/session/3804a52f96d2eeb36549db6fbc7fe9a6/execute/sync'
17:42:43.970 [Forwarding isElementDisplayed on session 3804a52f96d2eeb36549db6fbc7fe9a6 to remote] DEBUG org.asynchttpclient.netty.request.NettyRequestSender - Using open Channel [id: 0x89687221, L:/127.0.0.1:57512 - R:localhost/127.0.0.1:61324] for POST '/session/3804a52f96d2eeb36549db6fbc7fe9a6/execute/sync'
17:42:43.983 [AsyncHttpClient-1-2] DEBUG org.asynchttpclient.netty.handler.HttpHandler - 

Request DefaultHttpRequest(decodeResult: success, version: HTTP/1.1)
POST /session/3804a52f96d2eeb36549db6fbc7fe9a6/execute/sync HTTP/1.1
User-Agent: selenium/4.3.0 (java windows)
Content-Length: 48819
Content-Type: application/json; charset=utf-8
host: localhost:61324
accept: */*

Response DefaultHttpResponse(decodeResult: success, version: HTTP/1.1)
HTTP/1.1 200 OK
Content-Type: application/json; charset=utf-8
cache-control: no-cache
content-length: 14

17:42:43.983 [AsyncHttpClient-1-2] DEBUG org.asynchttpclient.netty.channel.ChannelManager - Adding key: http://localhost:61324 for channel [id: 0x89687221, L:/127.0.0.1:57512 - R:localhost/127.0.0.1:61324]
17:42:44.010 [Forwarding findElement on session 3804a52f96d2eeb36549db6fbc7fe9a6 to remote] DEBUG org.asynchttpclient.netty.request.NettyRequestSender - Using pooled Channel '[id: 0x89687221, L:/127.0.0.1:57512 - R:localhost/127.0.0.1:61324]' for 'POST' to 'http://localhost:61324/session/3804a52f96d2eeb36549db6fbc7fe9a6/element'
17:42:44.010 [Forwarding findElement on session 3804a52f96d2eeb36549db6fbc7fe9a6 to remote] DEBUG org.asynchttpclient.netty.request.NettyRequestSender - Using open Channel [id: 0x89687221, L:/127.0.0.1:57512 - R:localhost/127.0.0.1:61324] for POST '/session/3804a52f96d2eeb36549db6fbc7fe9a6/element'
17:42:44.020 [AsyncHttpClient-1-2] DEBUG org.asynchttpclient.netty.handler.HttpHandler - 

Request DefaultHttpRequest(decodeResult: success, version: HTTP/1.1)
POST /session/3804a52f96d2eeb36549db6fbc7fe9a6/element HTTP/1.1
User-Agent: selenium/4.3.0 (java windows)
Content-Length: 66
Content-Type: application/json; charset=utf-8
host: localhost:61324
accept: */*

Response DefaultHttpResponse(decodeResult: success, version: HTTP/1.1)
HTTP/1.1 200 OK
Content-Type: application/json; charset=utf-8
cache-control: no-cache
content-length: 127

17:42:44.020 [AsyncHttpClient-1-2] DEBUG org.asynchttpclient.netty.channel.ChannelManager - Adding key: http://localhost:61324 for channel [id: 0x89687221, L:/127.0.0.1:57512 - R:localhost/127.0.0.1:61324]
17:42:44.023 [Forwarding clickElement on session 3804a52f96d2eeb36549db6fbc7fe9a6 to remote] DEBUG org.asynchttpclient.netty.request.NettyRequestSender - Using pooled Channel '[id: 0x89687221, L:/127.0.0.1:57512 - R:localhost/127.0.0.1:61324]' for 'POST' to 'http://localhost:61324/session/3804a52f96d2eeb36549db6fbc7fe9a6/element/f.3DC5CDB77786DE21E37CA50373E739D7.d.C40F6701090891D513FA60E8FA2F48A7.e.161/click'
17:42:44.023 [Forwarding clickElement on session 3804a52f96d2eeb36549db6fbc7fe9a6 to remote] DEBUG org.asynchttpclient.netty.request.NettyRequestSender - Using open Channel [id: 0x89687221, L:/127.0.0.1:57512 - R:localhost/127.0.0.1:61324] for POST '/session/3804a52f96d2eeb36549db6fbc7fe9a6/element/f.3DC5CDB77786DE21E37CA50373E739D7.d.C40F6701090891D513FA60E8FA2F48A7.e.161/click'
17:42:44.327 [AsyncHttpClient-1-1] DEBUG org.asynchttpclient.netty.channel.DefaultChannelPool - Entry count for : http://localhost:57514 : 1
17:42:44.484 [AsyncHttpClient-1-2] DEBUG org.asynchttpclient.netty.handler.HttpHandler - 

Request DefaultHttpRequest(decodeResult: success, version: HTTP/1.1)
POST /session/3804a52f96d2eeb36549db6fbc7fe9a6/element/f.3DC5CDB77786DE21E37CA50373E739D7.d.C40F6701090891D513FA60E8FA2F48A7.e.161/click HTTP/1.1
User-Agent: selenium/4.3.0 (java windows)
Content-Length: 89
Content-Type: application/json; charset=utf-8
host: localhost:61324
accept: */*

Response DefaultHttpResponse(decodeResult: success, version: HTTP/1.1)
HTTP/1.1 200 OK
Content-Type: application/json; charset=utf-8
cache-control: no-cache
content-length: 14

17:42:44.485 [AsyncHttpClient-1-2] DEBUG org.asynchttpclient.netty.channel.ChannelManager - Adding key: http://localhost:61324 for channel [id: 0x89687221, L:/127.0.0.1:57512 - R:localhost/127.0.0.1:61324]
17:42:44.529 [Forwarding screenshot on session 3804a52f96d2eeb36549db6fbc7fe9a6 to remote] DEBUG org.asynchttpclient.netty.request.NettyRequestSender - Using pooled Channel '[id: 0x89687221, L:/127.0.0.1:57512 - R:localhost/127.0.0.1:61324]' for 'GET' to 'http://localhost:61324/session/3804a52f96d2eeb36549db6fbc7fe9a6/screenshot'
17:42:44.532 [Forwarding screenshot on session 3804a52f96d2eeb36549db6fbc7fe9a6 to remote] DEBUG org.asynchttpclient.netty.request.NettyRequestSender - Using open Channel [id: 0x89687221, L:/127.0.0.1:57512 - R:localhost/127.0.0.1:61324] for GET '/session/3804a52f96d2eeb36549db6fbc7fe9a6/screenshot'
17:42:44.814 [AsyncHttpClient-1-2] DEBUG org.asynchttpclient.netty.handler.HttpHandler - 

Request DefaultFullHttpRequest(decodeResult: success, version: HTTP/1.1, content: EmptyByteBufBE)
GET /session/3804a52f96d2eeb36549db6fbc7fe9a6/screenshot HTTP/1.1
User-Agent: selenium/4.3.0 (java windows)
Cache-Control: no-cache
Content-Type: application/json; charset=utf-8
host: localhost:61324
accept: */*

Response DefaultHttpResponse(decodeResult: success, version: HTTP/1.1)
HTTP/1.1 200 OK
Content-Type: application/json; charset=utf-8
cache-control: no-cache
content-length: 281784

17:42:44.816 [AsyncHttpClient-1-2] DEBUG org.asynchttpclient.netty.channel.ChannelManager - Adding key: http://localhost:61324 for channel [id: 0x89687221, L:/127.0.0.1:57512 - R:localhost/127.0.0.1:61324]
17:42:44.826 [Test worker] DEBUG net.serenitybdd.core.photography.Darkroom - Send negative for processing for D:\Users\Usuario\Documents\Accenture\AutomatizacionAccenturePrueba\target\site\serenity\d4c49635fa09efab4611dcca66cc4dcbefaf8338a3ab54e72ae0702ad7b4ca81.png
17:42:44.829 [Darkroom Processing Line] DEBUG net.serenitybdd.core.photography.DarkroomProcessingLine - Processing screenshot image in /var/screenshots/screenshot-3836373114209988842
17:42:44.829 [Darkroom Processing Line] DEBUG net.serenitybdd.core.photography.DarkroomProcessingLine - Saving screenshot to D:\Users\Usuario\Documents\Accenture\AutomatizacionAccenturePrueba\target\site\serenity\d4c49635fa09efab4611dcca66cc4dcbefaf8338a3ab54e72ae0702ad7b4ca81.png
17:42:44.901 [Forwarding screenshot on session 3804a52f96d2eeb36549db6fbc7fe9a6 to remote] DEBUG org.asynchttpclient.netty.request.NettyRequestSender - Using pooled Channel '[id: 0x89687221, L:/127.0.0.1:57512 - R:localhost/127.0.0.1:61324]' for 'GET' to 'http://localhost:61324/session/3804a52f96d2eeb36549db6fbc7fe9a6/screenshot'
17:42:44.902 [Forwarding screenshot on session 3804a52f96d2eeb36549db6fbc7fe9a6 to remote] DEBUG org.asynchttpclient.netty.request.NettyRequestSender - Using open Channel [id: 0x89687221, L:/127.0.0.1:57512 - R:localhost/127.0.0.1:61324] for GET '/session/3804a52f96d2eeb36549db6fbc7fe9a6/screenshot'
17:42:45.135 [AsyncHttpClient-1-2] DEBUG org.asynchttpclient.netty.handler.HttpHandler - 

Request DefaultFullHttpRequest(decodeResult: success, version: HTTP/1.1, content: EmptyByteBufBE)
GET /session/3804a52f96d2eeb36549db6fbc7fe9a6/screenshot HTTP/1.1
User-Agent: selenium/4.3.0 (java windows)
Cache-Control: no-cache
Content-Type: application/json; charset=utf-8
host: localhost:61324
accept: */*

Response DefaultHttpResponse(decodeResult: success, version: HTTP/1.1)
HTTP/1.1 200 OK
Content-Type: application/json; charset=utf-8
cache-control: no-cache
content-length: 286472

17:42:45.136 [AsyncHttpClient-1-2] DEBUG org.asynchttpclient.netty.channel.ChannelManager - Adding key: http://localhost:61324 for channel [id: 0x89687221, L:/127.0.0.1:57512 - R:localhost/127.0.0.1:61324]
17:42:45.145 [Test worker] DEBUG net.serenitybdd.core.photography.Darkroom - Send negative for processing for D:\Users\Usuario\Documents\Accenture\AutomatizacionAccenturePrueba\target\site\serenity\9e4661f4d70eb68a845b9508c7aa2bf1f9e3a8e6e48b54f01619c6d11176ec84.png
17:42:45.145 [Test worker] DEBUG net.thucydides.core.steps.StepInterceptor - STEP DONE: {0} clicks on #target
17:42:45.146 [Darkroom Processing Line] DEBUG net.serenitybdd.core.photography.DarkroomProcessingLine - Processing screenshot image in /var/screenshots/screenshot-4217331140146665945
17:42:45.146 [Darkroom Processing Line] DEBUG net.serenitybdd.core.photography.DarkroomProcessingLine - Saving screenshot to D:\Users\Usuario\Documents\Accenture\AutomatizacionAccenturePrueba\target\site\serenity\9e4661f4d70eb68a845b9508c7aa2bf1f9e3a8e6e48b54f01619c6d11176ec84.png
17:42:45.194 [Test worker] DEBUG net.thucydides.core.steps.StepInterceptor - STEP DONE: performAs
17:42:45.237 [Forwarding screenshot on session 3804a52f96d2eeb36549db6fbc7fe9a6 to remote] DEBUG org.asynchttpclient.netty.request.NettyRequestSender - Using pooled Channel '[id: 0x89687221, L:/127.0.0.1:57512 - R:localhost/127.0.0.1:61324]' for 'GET' to 'http://localhost:61324/session/3804a52f96d2eeb36549db6fbc7fe9a6/screenshot'
17:42:45.238 [Forwarding screenshot on session 3804a52f96d2eeb36549db6fbc7fe9a6 to remote] DEBUG org.asynchttpclient.netty.request.NettyRequestSender - Using open Channel [id: 0x89687221, L:/127.0.0.1:57512 - R:localhost/127.0.0.1:61324] for GET '/session/3804a52f96d2eeb36549db6fbc7fe9a6/screenshot'
17:42:45.433 [AsyncHttpClient-1-1] DEBUG org.asynchttpclient.netty.channel.DefaultChannelPool - Entry count for : http://localhost:57514 : 1
17:42:45.458 [AsyncHttpClient-1-2] DEBUG org.asynchttpclient.netty.handler.HttpHandler - 

Request DefaultFullHttpRequest(decodeResult: success, version: HTTP/1.1, content: EmptyByteBufBE)
GET /session/3804a52f96d2eeb36549db6fbc7fe9a6/screenshot HTTP/1.1
User-Agent: selenium/4.3.0 (java windows)
Cache-Control: no-cache
Content-Type: application/json; charset=utf-8
host: localhost:61324
accept: */*

Response DefaultHttpResponse(decodeResult: success, version: HTTP/1.1)
HTTP/1.1 200 OK
Content-Type: application/json; charset=utf-8
cache-control: no-cache
content-length: 313028

17:42:45.459 [AsyncHttpClient-1-2] DEBUG org.asynchttpclient.netty.channel.ChannelManager - Adding key: http://localhost:61324 for channel [id: 0x89687221, L:/127.0.0.1:57512 - R:localhost/127.0.0.1:61324]
17:42:45.473 [Test worker] DEBUG net.serenitybdd.core.photography.Darkroom - Send negative for processing for D:\Users\Usuario\Documents\Accenture\AutomatizacionAccenturePrueba\target\site\serenity\ef75d8908be2c76a977c3db62f8eda26d831e08227e77b8b72c0f6f11dd9b877.png
17:42:45.474 [Darkroom Processing Line] DEBUG net.serenitybdd.core.photography.DarkroomProcessingLine - Processing screenshot image in /var/screenshots/screenshot-6140556124869544328
17:42:45.474 [Darkroom Processing Line] DEBUG net.serenitybdd.core.photography.DarkroomProcessingLine - Saving screenshot to D:\Users\Usuario\Documents\Accenture\AutomatizacionAccenturePrueba\target\site\serenity\ef75d8908be2c76a977c3db62f8eda26d831e08227e77b8b72c0f6f11dd9b877.png
17:42:45.545 [Forwarding screenshot on session 3804a52f96d2eeb36549db6fbc7fe9a6 to remote] DEBUG org.asynchttpclient.netty.request.NettyRequestSender - Using pooled Channel '[id: 0x89687221, L:/127.0.0.1:57512 - R:localhost/127.0.0.1:61324]' for 'GET' to 'http://localhost:61324/session/3804a52f96d2eeb36549db6fbc7fe9a6/screenshot'
17:42:45.546 [Forwarding screenshot on session 3804a52f96d2eeb36549db6fbc7fe9a6 to remote] DEBUG org.asynchttpclient.netty.request.NettyRequestSender - Using open Channel [id: 0x89687221, L:/127.0.0.1:57512 - R:localhost/127.0.0.1:61324] for GET '/session/3804a52f96d2eeb36549db6fbc7fe9a6/screenshot'
17:42:45.746 [AsyncHttpClient-1-2] DEBUG org.asynchttpclient.netty.handler.HttpHandler - 

Request DefaultFullHttpRequest(decodeResult: success, version: HTTP/1.1, content: EmptyByteBufBE)
GET /session/3804a52f96d2eeb36549db6fbc7fe9a6/screenshot HTTP/1.1
User-Agent: selenium/4.3.0 (java windows)
Cache-Control: no-cache
Content-Type: application/json; charset=utf-8
host: localhost:61324
accept: */*

Response DefaultHttpResponse(decodeResult: success, version: HTTP/1.1)
HTTP/1.1 200 OK
Content-Type: application/json; charset=utf-8
cache-control: no-cache
content-length: 313028

17:42:45.747 [AsyncHttpClient-1-2] DEBUG org.asynchttpclient.netty.channel.ChannelManager - Adding key: http://localhost:61324 for channel [id: 0x89687221, L:/127.0.0.1:57512 - R:localhost/127.0.0.1:61324]
17:42:45.757 [Test worker] DEBUG net.serenitybdd.core.photography.Darkroom - Send negative for processing for D:\Users\Usuario\Documents\Accenture\AutomatizacionAccenturePrueba\target\site\serenity\ef75d8908be2c76a977c3db62f8eda26d831e08227e77b8b72c0f6f11dd9b877.png
17:42:45.757 [Test worker] DEBUG net.thucydides.core.steps.StepInterceptor - STARTING STEP: RunnerStepDefinitions.el_usuario_realiza_la_compra - performAs
17:42:45.845 [Forwarding screenshot on session 3804a52f96d2eeb36549db6fbc7fe9a6 to remote] DEBUG org.asynchttpclient.netty.request.NettyRequestSender - Using pooled Channel '[id: 0x89687221, L:/127.0.0.1:57512 - R:localhost/127.0.0.1:61324]' for 'GET' to 'http://localhost:61324/session/3804a52f96d2eeb36549db6fbc7fe9a6/screenshot'
17:42:45.846 [Forwarding screenshot on session 3804a52f96d2eeb36549db6fbc7fe9a6 to remote] DEBUG org.asynchttpclient.netty.request.NettyRequestSender - Using open Channel [id: 0x89687221, L:/127.0.0.1:57512 - R:localhost/127.0.0.1:61324] for GET '/session/3804a52f96d2eeb36549db6fbc7fe9a6/screenshot'
17:42:46.078 [AsyncHttpClient-1-2] DEBUG org.asynchttpclient.netty.handler.HttpHandler - 

Request DefaultFullHttpRequest(decodeResult: success, version: HTTP/1.1, content: EmptyByteBufBE)
GET /session/3804a52f96d2eeb36549db6fbc7fe9a6/screenshot HTTP/1.1
User-Agent: selenium/4.3.0 (java windows)
Cache-Control: no-cache
Content-Type: application/json; charset=utf-8
host: localhost:61324
accept: */*

Response DefaultHttpResponse(decodeResult: success, version: HTTP/1.1)
HTTP/1.1 200 OK
Content-Type: application/json; charset=utf-8
cache-control: no-cache
content-length: 313028

17:42:46.080 [AsyncHttpClient-1-2] DEBUG org.asynchttpclient.netty.channel.ChannelManager - Adding key: http://localhost:61324 for channel [id: 0x89687221, L:/127.0.0.1:57512 - R:localhost/127.0.0.1:61324]
17:42:46.091 [Test worker] DEBUG net.serenitybdd.core.photography.Darkroom - Send negative for processing for D:\Users\Usuario\Documents\Accenture\AutomatizacionAccenturePrueba\target\site\serenity\ef75d8908be2c76a977c3db62f8eda26d831e08227e77b8b72c0f6f11dd9b877.png
17:42:46.093 [Test worker] DEBUG net.thucydides.core.steps.StepInterceptor - STARTING STEP: Comprar.performAs - {0} clicks on #target
17:42:46.093 [Test worker] DEBUG net.serenitybdd.screenplay.targets.IFrameSwitcher - default content already selected for Boton comprar
17:42:46.246 [Forwarding findElement on session 3804a52f96d2eeb36549db6fbc7fe9a6 to remote] DEBUG org.asynchttpclient.netty.request.NettyRequestSender - Using pooled Channel '[id: 0x89687221, L:/127.0.0.1:57512 - R:localhost/127.0.0.1:61324]' for 'POST' to 'http://localhost:61324/session/3804a52f96d2eeb36549db6fbc7fe9a6/element'
17:42:46.246 [Forwarding findElement on session 3804a52f96d2eeb36549db6fbc7fe9a6 to remote] DEBUG org.asynchttpclient.netty.request.NettyRequestSender - Using open Channel [id: 0x89687221, L:/127.0.0.1:57512 - R:localhost/127.0.0.1:61324] for POST '/session/3804a52f96d2eeb36549db6fbc7fe9a6/element'
17:42:46.264 [AsyncHttpClient-1-2] DEBUG org.asynchttpclient.netty.handler.HttpHandler - 

Request DefaultHttpRequest(decodeResult: success, version: HTTP/1.1)
POST /session/3804a52f96d2eeb36549db6fbc7fe9a6/element HTTP/1.1
User-Agent: selenium/4.3.0 (java windows)
Content-Length: 105
Content-Type: application/json; charset=utf-8
host: localhost:61324
accept: */*

Response DefaultHttpResponse(decodeResult: success, version: HTTP/1.1)
HTTP/1.1 200 OK
Content-Type: application/json; charset=utf-8
cache-control: no-cache
content-length: 127

17:42:46.264 [AsyncHttpClient-1-2] DEBUG org.asynchttpclient.netty.channel.ChannelManager - Adding key: http://localhost:61324 for channel [id: 0x89687221, L:/127.0.0.1:57512 - R:localhost/127.0.0.1:61324]
17:42:46.282 [Forwarding isElementDisplayed on session 3804a52f96d2eeb36549db6fbc7fe9a6 to remote] DEBUG org.asynchttpclient.netty.request.NettyRequestSender - Using pooled Channel '[id: 0x89687221, L:/127.0.0.1:57512 - R:localhost/127.0.0.1:61324]' for 'POST' to 'http://localhost:61324/session/3804a52f96d2eeb36549db6fbc7fe9a6/execute/sync'
17:42:46.282 [Forwarding isElementDisplayed on session 3804a52f96d2eeb36549db6fbc7fe9a6 to remote] DEBUG org.asynchttpclient.netty.request.NettyRequestSender - Using open Channel [id: 0x89687221, L:/127.0.0.1:57512 - R:localhost/127.0.0.1:61324] for POST '/session/3804a52f96d2eeb36549db6fbc7fe9a6/execute/sync'
17:42:46.295 [AsyncHttpClient-1-2] DEBUG org.asynchttpclient.netty.handler.HttpHandler - 

Request DefaultHttpRequest(decodeResult: success, version: HTTP/1.1)
POST /session/3804a52f96d2eeb36549db6fbc7fe9a6/execute/sync HTTP/1.1
User-Agent: selenium/4.3.0 (java windows)
Content-Length: 48819
Content-Type: application/json; charset=utf-8
host: localhost:61324
accept: */*

Response DefaultHttpResponse(decodeResult: success, version: HTTP/1.1)
HTTP/1.1 200 OK
Content-Type: application/json; charset=utf-8
cache-control: no-cache
content-length: 14

17:42:46.295 [AsyncHttpClient-1-2] DEBUG org.asynchttpclient.netty.channel.ChannelManager - Adding key: http://localhost:61324 for channel [id: 0x89687221, L:/127.0.0.1:57512 - R:localhost/127.0.0.1:61324]
17:42:46.323 [Forwarding findElement on session 3804a52f96d2eeb36549db6fbc7fe9a6 to remote] DEBUG org.asynchttpclient.netty.request.NettyRequestSender - Using pooled Channel '[id: 0x89687221, L:/127.0.0.1:57512 - R:localhost/127.0.0.1:61324]' for 'POST' to 'http://localhost:61324/session/3804a52f96d2eeb36549db6fbc7fe9a6/element'
17:42:46.323 [Forwarding findElement on session 3804a52f96d2eeb36549db6fbc7fe9a6 to remote] DEBUG org.asynchttpclient.netty.request.NettyRequestSender - Using open Channel [id: 0x89687221, L:/127.0.0.1:57512 - R:localhost/127.0.0.1:61324] for POST '/session/3804a52f96d2eeb36549db6fbc7fe9a6/element'
17:42:46.341 [AsyncHttpClient-1-2] DEBUG org.asynchttpclient.netty.handler.HttpHandler - 

Request DefaultHttpRequest(decodeResult: success, version: HTTP/1.1)
POST /session/3804a52f96d2eeb36549db6fbc7fe9a6/element HTTP/1.1
User-Agent: selenium/4.3.0 (java windows)
Content-Length: 105
Content-Type: application/json; charset=utf-8
host: localhost:61324
accept: */*

Response DefaultHttpResponse(decodeResult: success, version: HTTP/1.1)
HTTP/1.1 200 OK
Content-Type: application/json; charset=utf-8
cache-control: no-cache
content-length: 127

17:42:46.341 [AsyncHttpClient-1-2] DEBUG org.asynchttpclient.netty.channel.ChannelManager - Adding key: http://localhost:61324 for channel [id: 0x89687221, L:/127.0.0.1:57512 - R:localhost/127.0.0.1:61324]
17:42:46.343 [Forwarding clickElement on session 3804a52f96d2eeb36549db6fbc7fe9a6 to remote] DEBUG org.asynchttpclient.netty.request.NettyRequestSender - Using pooled Channel '[id: 0x89687221, L:/127.0.0.1:57512 - R:localhost/127.0.0.1:61324]' for 'POST' to 'http://localhost:61324/session/3804a52f96d2eeb36549db6fbc7fe9a6/element/f.3DC5CDB77786DE21E37CA50373E739D7.d.70468054E12B7861E950842F7BC006DE.e.168/click'
17:42:46.343 [Forwarding clickElement on session 3804a52f96d2eeb36549db6fbc7fe9a6 to remote] DEBUG org.asynchttpclient.netty.request.NettyRequestSender - Using open Channel [id: 0x89687221, L:/127.0.0.1:57512 - R:localhost/127.0.0.1:61324] for POST '/session/3804a52f96d2eeb36549db6fbc7fe9a6/element/f.3DC5CDB77786DE21E37CA50373E739D7.d.70468054E12B7861E950842F7BC006DE.e.168/click'
17:42:46.418 [AsyncHttpClient-1-2] DEBUG org.asynchttpclient.netty.handler.HttpHandler - 

Request DefaultHttpRequest(decodeResult: success, version: HTTP/1.1)
POST /session/3804a52f96d2eeb36549db6fbc7fe9a6/element/f.3DC5CDB77786DE21E37CA50373E739D7.d.70468054E12B7861E950842F7BC006DE.e.168/click HTTP/1.1
User-Agent: selenium/4.3.0 (java windows)
Content-Length: 89
Content-Type: application/json; charset=utf-8
host: localhost:61324
accept: */*

Response DefaultHttpResponse(decodeResult: success, version: HTTP/1.1)
HTTP/1.1 200 OK
Content-Type: application/json; charset=utf-8
cache-control: no-cache
content-length: 14

17:42:46.418 [AsyncHttpClient-1-2] DEBUG org.asynchttpclient.netty.channel.ChannelManager - Adding key: http://localhost:61324 for channel [id: 0x89687221, L:/127.0.0.1:57512 - R:localhost/127.0.0.1:61324]
17:42:46.452 [Forwarding screenshot on session 3804a52f96d2eeb36549db6fbc7fe9a6 to remote] DEBUG org.asynchttpclient.netty.request.NettyRequestSender - Using pooled Channel '[id: 0x89687221, L:/127.0.0.1:57512 - R:localhost/127.0.0.1:61324]' for 'GET' to 'http://localhost:61324/session/3804a52f96d2eeb36549db6fbc7fe9a6/screenshot'
17:42:46.452 [Forwarding screenshot on session 3804a52f96d2eeb36549db6fbc7fe9a6 to remote] DEBUG org.asynchttpclient.netty.request.NettyRequestSender - Using open Channel [id: 0x89687221, L:/127.0.0.1:57512 - R:localhost/127.0.0.1:61324] for GET '/session/3804a52f96d2eeb36549db6fbc7fe9a6/screenshot'
17:42:46.527 [AsyncHttpClient-1-1] DEBUG org.asynchttpclient.netty.channel.DefaultChannelPool - Entry count for : http://localhost:57514 : 1
17:42:46.671 [AsyncHttpClient-1-2] DEBUG org.asynchttpclient.netty.handler.HttpHandler - 

Request DefaultFullHttpRequest(decodeResult: success, version: HTTP/1.1, content: EmptyByteBufBE)
GET /session/3804a52f96d2eeb36549db6fbc7fe9a6/screenshot HTTP/1.1
User-Agent: selenium/4.3.0 (java windows)
Cache-Control: no-cache
Content-Type: application/json; charset=utf-8
host: localhost:61324
accept: */*

Response DefaultHttpResponse(decodeResult: success, version: HTTP/1.1)
HTTP/1.1 200 OK
Content-Type: application/json; charset=utf-8
cache-control: no-cache
content-length: 279688

17:42:46.672 [AsyncHttpClient-1-2] DEBUG org.asynchttpclient.netty.channel.ChannelManager - Adding key: http://localhost:61324 for channel [id: 0x89687221, L:/127.0.0.1:57512 - R:localhost/127.0.0.1:61324]
17:42:46.684 [Test worker] DEBUG net.serenitybdd.core.photography.Darkroom - Send negative for processing for D:\Users\Usuario\Documents\Accenture\AutomatizacionAccenturePrueba\target\site\serenity\9c96d58b2b3512ff96c3b00f4898d05112da4b0f9e0538066689e4f6e6317429.png
17:42:46.686 [Darkroom Processing Line] DEBUG net.serenitybdd.core.photography.DarkroomProcessingLine - Processing screenshot image in /var/screenshots/screenshot-11877915336853079736
17:42:46.686 [Darkroom Processing Line] DEBUG net.serenitybdd.core.photography.DarkroomProcessingLine - Saving screenshot to D:\Users\Usuario\Documents\Accenture\AutomatizacionAccenturePrueba\target\site\serenity\9c96d58b2b3512ff96c3b00f4898d05112da4b0f9e0538066689e4f6e6317429.png
17:42:46.719 [Test worker] DEBUG net.thucydides.core.steps.StepInterceptor - STEP DONE: {0} clicks on #target
17:42:46.763 [Forwarding screenshot on session 3804a52f96d2eeb36549db6fbc7fe9a6 to remote] DEBUG org.asynchttpclient.netty.request.NettyRequestSender - Using pooled Channel '[id: 0x89687221, L:/127.0.0.1:57512 - R:localhost/127.0.0.1:61324]' for 'GET' to 'http://localhost:61324/session/3804a52f96d2eeb36549db6fbc7fe9a6/screenshot'
17:42:46.764 [Forwarding screenshot on session 3804a52f96d2eeb36549db6fbc7fe9a6 to remote] DEBUG org.asynchttpclient.netty.request.NettyRequestSender - Using open Channel [id: 0x89687221, L:/127.0.0.1:57512 - R:localhost/127.0.0.1:61324] for GET '/session/3804a52f96d2eeb36549db6fbc7fe9a6/screenshot'
17:42:46.934 [AsyncHttpClient-1-2] DEBUG org.asynchttpclient.netty.handler.HttpHandler - 

Request DefaultFullHttpRequest(decodeResult: success, version: HTTP/1.1, content: EmptyByteBufBE)
GET /session/3804a52f96d2eeb36549db6fbc7fe9a6/screenshot HTTP/1.1
User-Agent: selenium/4.3.0 (java windows)
Cache-Control: no-cache
Content-Type: application/json; charset=utf-8
host: localhost:61324
accept: */*

Response DefaultHttpResponse(decodeResult: success, version: HTTP/1.1)
HTTP/1.1 200 OK
Content-Type: application/json; charset=utf-8
cache-control: no-cache
content-length: 168720

17:42:46.934 [AsyncHttpClient-1-2] DEBUG org.asynchttpclient.netty.channel.ChannelManager - Adding key: http://localhost:61324 for channel [id: 0x89687221, L:/127.0.0.1:57512 - R:localhost/127.0.0.1:61324]
17:42:46.940 [Test worker] DEBUG net.serenitybdd.core.photography.Darkroom - Send negative for processing for D:\Users\Usuario\Documents\Accenture\AutomatizacionAccenturePrueba\target\site\serenity\7452c169a9bcd574e52fb19377e5ae893e4ff5907da10d8a9e86199ff2f723c0.png
17:42:46.940 [Darkroom Processing Line] DEBUG net.serenitybdd.core.photography.DarkroomProcessingLine - Processing screenshot image in /var/screenshots/screenshot-7135725715233820346
17:42:46.940 [Darkroom Processing Line] DEBUG net.serenitybdd.core.photography.DarkroomProcessingLine - Saving screenshot to D:\Users\Usuario\Documents\Accenture\AutomatizacionAccenturePrueba\target\site\serenity\7452c169a9bcd574e52fb19377e5ae893e4ff5907da10d8a9e86199ff2f723c0.png
17:42:46.940 [Test worker] DEBUG net.thucydides.core.steps.StepInterceptor - STARTING STEP: Comprar.performAs - {0} enters #theTextAsAString into #target
17:42:46.959 [Test worker] DEBUG net.serenitybdd.screenplay.targets.IFrameSwitcher - default content already selected for nombre comprador
17:42:47.048 [Forwarding findElement on session 3804a52f96d2eeb36549db6fbc7fe9a6 to remote] DEBUG org.asynchttpclient.netty.request.NettyRequestSender - Using pooled Channel '[id: 0x89687221, L:/127.0.0.1:57512 - R:localhost/127.0.0.1:61324]' for 'POST' to 'http://localhost:61324/session/3804a52f96d2eeb36549db6fbc7fe9a6/element'
17:42:47.048 [Forwarding findElement on session 3804a52f96d2eeb36549db6fbc7fe9a6 to remote] DEBUG org.asynchttpclient.netty.request.NettyRequestSender - Using open Channel [id: 0x89687221, L:/127.0.0.1:57512 - R:localhost/127.0.0.1:61324] for POST '/session/3804a52f96d2eeb36549db6fbc7fe9a6/element'
17:42:47.065 [AsyncHttpClient-1-2] DEBUG org.asynchttpclient.netty.handler.HttpHandler - 

Request DefaultHttpRequest(decodeResult: success, version: HTTP/1.1)
POST /session/3804a52f96d2eeb36549db6fbc7fe9a6/element HTTP/1.1
User-Agent: selenium/4.3.0 (java windows)
Content-Length: 49
Content-Type: application/json; charset=utf-8
host: localhost:61324
accept: */*

Response DefaultHttpResponse(decodeResult: success, version: HTTP/1.1)
HTTP/1.1 200 OK
Content-Type: application/json; charset=utf-8
cache-control: no-cache
content-length: 127

17:42:47.066 [AsyncHttpClient-1-2] DEBUG org.asynchttpclient.netty.channel.ChannelManager - Adding key: http://localhost:61324 for channel [id: 0x89687221, L:/127.0.0.1:57512 - R:localhost/127.0.0.1:61324]
17:42:47.068 [Forwarding clearElement on session 3804a52f96d2eeb36549db6fbc7fe9a6 to remote] DEBUG org.asynchttpclient.netty.request.NettyRequestSender - Using pooled Channel '[id: 0x89687221, L:/127.0.0.1:57512 - R:localhost/127.0.0.1:61324]' for 'POST' to 'http://localhost:61324/session/3804a52f96d2eeb36549db6fbc7fe9a6/element/f.3DC5CDB77786DE21E37CA50373E739D7.d.70468054E12B7861E950842F7BC006DE.e.176/clear'
17:42:47.068 [Forwarding clearElement on session 3804a52f96d2eeb36549db6fbc7fe9a6 to remote] DEBUG org.asynchttpclient.netty.request.NettyRequestSender - Using open Channel [id: 0x89687221, L:/127.0.0.1:57512 - R:localhost/127.0.0.1:61324] for POST '/session/3804a52f96d2eeb36549db6fbc7fe9a6/element/f.3DC5CDB77786DE21E37CA50373E739D7.d.70468054E12B7861E950842F7BC006DE.e.176/clear'
17:42:47.106 [AsyncHttpClient-1-2] DEBUG org.asynchttpclient.netty.handler.HttpHandler - 

Request DefaultHttpRequest(decodeResult: success, version: HTTP/1.1)
POST /session/3804a52f96d2eeb36549db6fbc7fe9a6/element/f.3DC5CDB77786DE21E37CA50373E739D7.d.70468054E12B7861E950842F7BC006DE.e.176/clear HTTP/1.1
User-Agent: selenium/4.3.0 (java windows)
Content-Length: 89
Content-Type: application/json; charset=utf-8
host: localhost:61324
accept: */*

Response DefaultHttpResponse(decodeResult: success, version: HTTP/1.1)
HTTP/1.1 200 OK
Content-Type: application/json; charset=utf-8
cache-control: no-cache
content-length: 14

17:42:47.106 [AsyncHttpClient-1-2] DEBUG org.asynchttpclient.netty.channel.ChannelManager - Adding key: http://localhost:61324 for channel [id: 0x89687221, L:/127.0.0.1:57512 - R:localhost/127.0.0.1:61324]
17:42:47.119 [Forwarding sendKeysToElement on session 3804a52f96d2eeb36549db6fbc7fe9a6 to remote] DEBUG org.asynchttpclient.netty.request.NettyRequestSender - Using pooled Channel '[id: 0x89687221, L:/127.0.0.1:57512 - R:localhost/127.0.0.1:61324]' for 'POST' to 'http://localhost:61324/session/3804a52f96d2eeb36549db6fbc7fe9a6/element/f.3DC5CDB77786DE21E37CA50373E739D7.d.70468054E12B7861E950842F7BC006DE.e.176/value'
17:42:47.119 [Forwarding sendKeysToElement on session 3804a52f96d2eeb36549db6fbc7fe9a6 to remote] DEBUG org.asynchttpclient.netty.request.NettyRequestSender - Using open Channel [id: 0x89687221, L:/127.0.0.1:57512 - R:localhost/127.0.0.1:61324] for POST '/session/3804a52f96d2eeb36549db6fbc7fe9a6/element/f.3DC5CDB77786DE21E37CA50373E739D7.d.70468054E12B7861E950842F7BC006DE.e.176/value'
17:42:47.209 [AsyncHttpClient-1-2] DEBUG org.asynchttpclient.netty.handler.HttpHandler - 

Request DefaultHttpRequest(decodeResult: success, version: HTTP/1.1)
POST /session/3804a52f96d2eeb36549db6fbc7fe9a6/element/f.3DC5CDB77786DE21E37CA50373E739D7.d.70468054E12B7861E950842F7BC006DE.e.176/value HTTP/1.1
User-Agent: selenium/4.3.0 (java windows)
Content-Length: 210
Content-Type: application/json; charset=utf-8
host: localhost:61324
accept: */*

Response DefaultHttpResponse(decodeResult: success, version: HTTP/1.1)
HTTP/1.1 200 OK
Content-Type: application/json; charset=utf-8
cache-control: no-cache
content-length: 14

17:42:47.210 [AsyncHttpClient-1-2] DEBUG org.asynchttpclient.netty.channel.ChannelManager - Adding key: http://localhost:61324 for channel [id: 0x89687221, L:/127.0.0.1:57512 - R:localhost/127.0.0.1:61324]
17:42:47.238 [Forwarding screenshot on session 3804a52f96d2eeb36549db6fbc7fe9a6 to remote] DEBUG org.asynchttpclient.netty.request.NettyRequestSender - Using pooled Channel '[id: 0x89687221, L:/127.0.0.1:57512 - R:localhost/127.0.0.1:61324]' for 'GET' to 'http://localhost:61324/session/3804a52f96d2eeb36549db6fbc7fe9a6/screenshot'
17:42:47.238 [Forwarding screenshot on session 3804a52f96d2eeb36549db6fbc7fe9a6 to remote] DEBUG org.asynchttpclient.netty.request.NettyRequestSender - Using open Channel [id: 0x89687221, L:/127.0.0.1:57512 - R:localhost/127.0.0.1:61324] for GET '/session/3804a52f96d2eeb36549db6fbc7fe9a6/screenshot'
17:42:47.385 [AsyncHttpClient-1-2] DEBUG org.asynchttpclient.netty.handler.HttpHandler - 

Request DefaultFullHttpRequest(decodeResult: success, version: HTTP/1.1, content: EmptyByteBufBE)
GET /session/3804a52f96d2eeb36549db6fbc7fe9a6/screenshot HTTP/1.1
User-Agent: selenium/4.3.0 (java windows)
Cache-Control: no-cache
Content-Type: application/json; charset=utf-8
host: localhost:61324
accept: */*

Response DefaultHttpResponse(decodeResult: success, version: HTTP/1.1)
HTTP/1.1 200 OK
Content-Type: application/json; charset=utf-8
cache-control: no-cache
content-length: 171284

17:42:47.386 [AsyncHttpClient-1-2] DEBUG org.asynchttpclient.netty.channel.ChannelManager - Adding key: http://localhost:61324 for channel [id: 0x89687221, L:/127.0.0.1:57512 - R:localhost/127.0.0.1:61324]
17:42:47.391 [Test worker] DEBUG net.serenitybdd.core.photography.Darkroom - Send negative for processing for D:\Users\Usuario\Documents\Accenture\AutomatizacionAccenturePrueba\target\site\serenity\33b2ac064d7c4a15fb922fcf949a62f54bea5ba94044c8a54e13c272200212b8.png
17:42:47.392 [Darkroom Processing Line] DEBUG net.serenitybdd.core.photography.DarkroomProcessingLine - Processing screenshot image in /var/screenshots/screenshot-11285515111580979107
17:42:47.392 [Darkroom Processing Line] DEBUG net.serenitybdd.core.photography.DarkroomProcessingLine - Saving screenshot to D:\Users\Usuario\Documents\Accenture\AutomatizacionAccenturePrueba\target\site\serenity\33b2ac064d7c4a15fb922fcf949a62f54bea5ba94044c8a54e13c272200212b8.png
17:42:47.421 [Test worker] DEBUG net.thucydides.core.steps.StepInterceptor - STEP DONE: {0} enters #theTextAsAString into #target
17:42:47.443 [Forwarding screenshot on session 3804a52f96d2eeb36549db6fbc7fe9a6 to remote] DEBUG org.asynchttpclient.netty.request.NettyRequestSender - Using pooled Channel '[id: 0x89687221, L:/127.0.0.1:57512 - R:localhost/127.0.0.1:61324]' for 'GET' to 'http://localhost:61324/session/3804a52f96d2eeb36549db6fbc7fe9a6/screenshot'
17:42:47.444 [Forwarding screenshot on session 3804a52f96d2eeb36549db6fbc7fe9a6 to remote] DEBUG org.asynchttpclient.netty.request.NettyRequestSender - Using open Channel [id: 0x89687221, L:/127.0.0.1:57512 - R:localhost/127.0.0.1:61324] for GET '/session/3804a52f96d2eeb36549db6fbc7fe9a6/screenshot'
17:42:47.592 [AsyncHttpClient-1-2] DEBUG org.asynchttpclient.netty.handler.HttpHandler - 

Request DefaultFullHttpRequest(decodeResult: success, version: HTTP/1.1, content: EmptyByteBufBE)
GET /session/3804a52f96d2eeb36549db6fbc7fe9a6/screenshot HTTP/1.1
User-Agent: selenium/4.3.0 (java windows)
Cache-Control: no-cache
Content-Type: application/json; charset=utf-8
host: localhost:61324
accept: */*

Response DefaultHttpResponse(decodeResult: success, version: HTTP/1.1)
HTTP/1.1 200 OK
Content-Type: application/json; charset=utf-8
cache-control: no-cache
content-length: 171256

17:42:47.593 [AsyncHttpClient-1-2] DEBUG org.asynchttpclient.netty.channel.ChannelManager - Adding key: http://localhost:61324 for channel [id: 0x89687221, L:/127.0.0.1:57512 - R:localhost/127.0.0.1:61324]
17:42:47.599 [Test worker] DEBUG net.serenitybdd.core.photography.Darkroom - Send negative for processing for D:\Users\Usuario\Documents\Accenture\AutomatizacionAccenturePrueba\target\site\serenity\75abce2a9a8154ad0b37543bcb0fdd0fe0da8efb67fc4e2019c2667eac375c43.png
17:42:47.600 [Test worker] DEBUG net.thucydides.core.steps.StepInterceptor - STARTING STEP: Comprar.performAs - {0} enters #theTextAsAString into #target
17:42:47.601 [Darkroom Processing Line] DEBUG net.serenitybdd.core.photography.DarkroomProcessingLine - Processing screenshot image in /var/screenshots/screenshot-12931322656382761541
17:42:47.601 [Darkroom Processing Line] DEBUG net.serenitybdd.core.photography.DarkroomProcessingLine - Saving screenshot to D:\Users\Usuario\Documents\Accenture\AutomatizacionAccenturePrueba\target\site\serenity\75abce2a9a8154ad0b37543bcb0fdd0fe0da8efb67fc4e2019c2667eac375c43.png
17:42:47.621 [Test worker] DEBUG net.serenitybdd.screenplay.targets.IFrameSwitcher - default content already selected for nombre pais
17:42:47.631 [AsyncHttpClient-1-1] DEBUG org.asynchttpclient.netty.channel.DefaultChannelPool - Entry count for : http://localhost:57514 : 1
17:42:47.631 [AsyncHttpClient-1-1] DEBUG org.asynchttpclient.netty.channel.DefaultChannelPool - Entry count for : http://localhost:61324 : 1
17:42:47.680 [Forwarding findElement on session 3804a52f96d2eeb36549db6fbc7fe9a6 to remote] DEBUG org.asynchttpclient.netty.request.NettyRequestSender - Using pooled Channel '[id: 0x89687221, L:/127.0.0.1:57512 - R:localhost/127.0.0.1:61324]' for 'POST' to 'http://localhost:61324/session/3804a52f96d2eeb36549db6fbc7fe9a6/element'
17:42:47.680 [Forwarding findElement on session 3804a52f96d2eeb36549db6fbc7fe9a6 to remote] DEBUG org.asynchttpclient.netty.request.NettyRequestSender - Using open Channel [id: 0x89687221, L:/127.0.0.1:57512 - R:localhost/127.0.0.1:61324] for POST '/session/3804a52f96d2eeb36549db6fbc7fe9a6/element'
17:42:47.697 [AsyncHttpClient-1-2] DEBUG org.asynchttpclient.netty.handler.HttpHandler - 

Request DefaultHttpRequest(decodeResult: success, version: HTTP/1.1)
POST /session/3804a52f96d2eeb36549db6fbc7fe9a6/element HTTP/1.1
User-Agent: selenium/4.3.0 (java windows)
Content-Length: 52
Content-Type: application/json; charset=utf-8
host: localhost:61324
accept: */*

Response DefaultHttpResponse(decodeResult: success, version: HTTP/1.1)
HTTP/1.1 200 OK
Content-Type: application/json; charset=utf-8
cache-control: no-cache
content-length: 127

17:42:47.697 [AsyncHttpClient-1-2] DEBUG org.asynchttpclient.netty.channel.ChannelManager - Adding key: http://localhost:61324 for channel [id: 0x89687221, L:/127.0.0.1:57512 - R:localhost/127.0.0.1:61324]
17:42:47.700 [Forwarding clearElement on session 3804a52f96d2eeb36549db6fbc7fe9a6 to remote] DEBUG org.asynchttpclient.netty.request.NettyRequestSender - Using pooled Channel '[id: 0x89687221, L:/127.0.0.1:57512 - R:localhost/127.0.0.1:61324]' for 'POST' to 'http://localhost:61324/session/3804a52f96d2eeb36549db6fbc7fe9a6/element/f.3DC5CDB77786DE21E37CA50373E739D7.d.70468054E12B7861E950842F7BC006DE.e.177/clear'
17:42:47.700 [Forwarding clearElement on session 3804a52f96d2eeb36549db6fbc7fe9a6 to remote] DEBUG org.asynchttpclient.netty.request.NettyRequestSender - Using open Channel [id: 0x89687221, L:/127.0.0.1:57512 - R:localhost/127.0.0.1:61324] for POST '/session/3804a52f96d2eeb36549db6fbc7fe9a6/element/f.3DC5CDB77786DE21E37CA50373E739D7.d.70468054E12B7861E950842F7BC006DE.e.177/clear'
17:42:47.734 [AsyncHttpClient-1-2] DEBUG org.asynchttpclient.netty.handler.HttpHandler - 

Request DefaultHttpRequest(decodeResult: success, version: HTTP/1.1)
POST /session/3804a52f96d2eeb36549db6fbc7fe9a6/element/f.3DC5CDB77786DE21E37CA50373E739D7.d.70468054E12B7861E950842F7BC006DE.e.177/clear HTTP/1.1
User-Agent: selenium/4.3.0 (java windows)
Content-Length: 89
Content-Type: application/json; charset=utf-8
host: localhost:61324
accept: */*

Response DefaultHttpResponse(decodeResult: success, version: HTTP/1.1)
HTTP/1.1 200 OK
Content-Type: application/json; charset=utf-8
cache-control: no-cache
content-length: 14

17:42:47.734 [AsyncHttpClient-1-2] DEBUG org.asynchttpclient.netty.channel.ChannelManager - Adding key: http://localhost:61324 for channel [id: 0x89687221, L:/127.0.0.1:57512 - R:localhost/127.0.0.1:61324]
17:42:47.751 [Forwarding sendKeysToElement on session 3804a52f96d2eeb36549db6fbc7fe9a6 to remote] DEBUG org.asynchttpclient.netty.request.NettyRequestSender - Using pooled Channel '[id: 0x89687221, L:/127.0.0.1:57512 - R:localhost/127.0.0.1:61324]' for 'POST' to 'http://localhost:61324/session/3804a52f96d2eeb36549db6fbc7fe9a6/element/f.3DC5CDB77786DE21E37CA50373E739D7.d.70468054E12B7861E950842F7BC006DE.e.177/value'
17:42:47.751 [Forwarding sendKeysToElement on session 3804a52f96d2eeb36549db6fbc7fe9a6 to remote] DEBUG org.asynchttpclient.netty.request.NettyRequestSender - Using open Channel [id: 0x89687221, L:/127.0.0.1:57512 - R:localhost/127.0.0.1:61324] for POST '/session/3804a52f96d2eeb36549db6fbc7fe9a6/element/f.3DC5CDB77786DE21E37CA50373E739D7.d.70468054E12B7861E950842F7BC006DE.e.177/value'
17:42:47.833 [AsyncHttpClient-1-2] DEBUG org.asynchttpclient.netty.handler.HttpHandler - 

Request DefaultHttpRequest(decodeResult: success, version: HTTP/1.1)
POST /session/3804a52f96d2eeb36549db6fbc7fe9a6/element/f.3DC5CDB77786DE21E37CA50373E739D7.d.70468054E12B7861E950842F7BC006DE.e.177/value HTTP/1.1
User-Agent: selenium/4.3.0 (java windows)
Content-Length: 200
Content-Type: application/json; charset=utf-8
host: localhost:61324
accept: */*

Response DefaultHttpResponse(decodeResult: success, version: HTTP/1.1)
HTTP/1.1 200 OK
Content-Type: application/json; charset=utf-8
cache-control: no-cache
content-length: 14

17:42:47.834 [AsyncHttpClient-1-2] DEBUG org.asynchttpclient.netty.channel.ChannelManager - Adding key: http://localhost:61324 for channel [id: 0x89687221, L:/127.0.0.1:57512 - R:localhost/127.0.0.1:61324]
17:42:47.870 [Forwarding screenshot on session 3804a52f96d2eeb36549db6fbc7fe9a6 to remote] DEBUG org.asynchttpclient.netty.request.NettyRequestSender - Using pooled Channel '[id: 0x89687221, L:/127.0.0.1:57512 - R:localhost/127.0.0.1:61324]' for 'GET' to 'http://localhost:61324/session/3804a52f96d2eeb36549db6fbc7fe9a6/screenshot'
17:42:47.870 [Forwarding screenshot on session 3804a52f96d2eeb36549db6fbc7fe9a6 to remote] DEBUG org.asynchttpclient.netty.request.NettyRequestSender - Using open Channel [id: 0x89687221, L:/127.0.0.1:57512 - R:localhost/127.0.0.1:61324] for GET '/session/3804a52f96d2eeb36549db6fbc7fe9a6/screenshot'
17:42:48.072 [AsyncHttpClient-1-2] DEBUG org.asynchttpclient.netty.handler.HttpHandler - 

Request DefaultFullHttpRequest(decodeResult: success, version: HTTP/1.1, content: EmptyByteBufBE)
GET /session/3804a52f96d2eeb36549db6fbc7fe9a6/screenshot HTTP/1.1
User-Agent: selenium/4.3.0 (java windows)
Cache-Control: no-cache
Content-Type: application/json; charset=utf-8
host: localhost:61324
accept: */*

Response DefaultHttpResponse(decodeResult: success, version: HTTP/1.1)
HTTP/1.1 200 OK
Content-Type: application/json; charset=utf-8
cache-control: no-cache
content-length: 172908

17:42:48.073 [AsyncHttpClient-1-2] DEBUG org.asynchttpclient.netty.channel.ChannelManager - Adding key: http://localhost:61324 for channel [id: 0x89687221, L:/127.0.0.1:57512 - R:localhost/127.0.0.1:61324]
17:42:48.079 [Test worker] DEBUG net.serenitybdd.core.photography.Darkroom - Send negative for processing for D:\Users\Usuario\Documents\Accenture\AutomatizacionAccenturePrueba\target\site\serenity\e807e29b32684777dcca326b983cbb65d8eea0f48bd3caa13e488c874bb700ed.png
17:42:48.079 [Darkroom Processing Line] DEBUG net.serenitybdd.core.photography.DarkroomProcessingLine - Processing screenshot image in /var/screenshots/screenshot-778532308201339605
17:42:48.079 [Darkroom Processing Line] DEBUG net.serenitybdd.core.photography.DarkroomProcessingLine - Saving screenshot to D:\Users\Usuario\Documents\Accenture\AutomatizacionAccenturePrueba\target\site\serenity\e807e29b32684777dcca326b983cbb65d8eea0f48bd3caa13e488c874bb700ed.png
17:42:48.133 [Forwarding screenshot on session 3804a52f96d2eeb36549db6fbc7fe9a6 to remote] DEBUG org.asynchttpclient.netty.request.NettyRequestSender - Using pooled Channel '[id: 0x89687221, L:/127.0.0.1:57512 - R:localhost/127.0.0.1:61324]' for 'GET' to 'http://localhost:61324/session/3804a52f96d2eeb36549db6fbc7fe9a6/screenshot'
17:42:48.134 [Forwarding screenshot on session 3804a52f96d2eeb36549db6fbc7fe9a6 to remote] DEBUG org.asynchttpclient.netty.request.NettyRequestSender - Using open Channel [id: 0x89687221, L:/127.0.0.1:57512 - R:localhost/127.0.0.1:61324] for GET '/session/3804a52f96d2eeb36549db6fbc7fe9a6/screenshot'
17:42:48.313 [AsyncHttpClient-1-2] DEBUG org.asynchttpclient.netty.handler.HttpHandler - 

Request DefaultFullHttpRequest(decodeResult: success, version: HTTP/1.1, content: EmptyByteBufBE)
GET /session/3804a52f96d2eeb36549db6fbc7fe9a6/screenshot HTTP/1.1
User-Agent: selenium/4.3.0 (java windows)
Cache-Control: no-cache
Content-Type: application/json; charset=utf-8
host: localhost:61324
accept: */*

Response DefaultHttpResponse(decodeResult: success, version: HTTP/1.1)
HTTP/1.1 200 OK
Content-Type: application/json; charset=utf-8
cache-control: no-cache
content-length: 172896

17:42:48.314 [AsyncHttpClient-1-2] DEBUG org.asynchttpclient.netty.channel.ChannelManager - Adding key: http://localhost:61324 for channel [id: 0x89687221, L:/127.0.0.1:57512 - R:localhost/127.0.0.1:61324]
17:42:48.319 [Test worker] DEBUG net.serenitybdd.core.photography.Darkroom - Send negative for processing for D:\Users\Usuario\Documents\Accenture\AutomatizacionAccenturePrueba\target\site\serenity\bf59539e8fa65936d3b0555ee70e6e5b47d344c573dbc2902cb09896ebbfdb74.png
17:42:48.320 [Test worker] DEBUG net.thucydides.core.steps.StepInterceptor - STEP DONE: {0} enters #theTextAsAString into #target
17:42:48.320 [Darkroom Processing Line] DEBUG net.serenitybdd.core.photography.DarkroomProcessingLine - Processing screenshot image in /var/screenshots/screenshot-16927131372439060740
17:42:48.320 [Darkroom Processing Line] DEBUG net.serenitybdd.core.photography.DarkroomProcessingLine - Saving screenshot to D:\Users\Usuario\Documents\Accenture\AutomatizacionAccenturePrueba\target\site\serenity\bf59539e8fa65936d3b0555ee70e6e5b47d344c573dbc2902cb09896ebbfdb74.png
17:42:48.347 [Test worker] DEBUG net.thucydides.core.steps.StepInterceptor - STARTING STEP: Comprar.performAs - {0} enters #theTextAsAString into #target
17:42:48.359 [Test worker] DEBUG net.serenitybdd.screenplay.targets.IFrameSwitcher - default content already selected for nombre ciudad
17:42:48.393 [Forwarding findElement on session 3804a52f96d2eeb36549db6fbc7fe9a6 to remote] DEBUG org.asynchttpclient.netty.request.NettyRequestSender - Using pooled Channel '[id: 0x89687221, L:/127.0.0.1:57512 - R:localhost/127.0.0.1:61324]' for 'POST' to 'http://localhost:61324/session/3804a52f96d2eeb36549db6fbc7fe9a6/element'
17:42:48.393 [Forwarding findElement on session 3804a52f96d2eeb36549db6fbc7fe9a6 to remote] DEBUG org.asynchttpclient.netty.request.NettyRequestSender - Using open Channel [id: 0x89687221, L:/127.0.0.1:57512 - R:localhost/127.0.0.1:61324] for POST '/session/3804a52f96d2eeb36549db6fbc7fe9a6/element'
17:42:48.408 [AsyncHttpClient-1-2] DEBUG org.asynchttpclient.netty.handler.HttpHandler - 

Request DefaultHttpRequest(decodeResult: success, version: HTTP/1.1)
POST /session/3804a52f96d2eeb36549db6fbc7fe9a6/element HTTP/1.1
User-Agent: selenium/4.3.0 (java windows)
Content-Length: 49
Content-Type: application/json; charset=utf-8
host: localhost:61324
accept: */*

Response DefaultHttpResponse(decodeResult: success, version: HTTP/1.1)
HTTP/1.1 200 OK
Content-Type: application/json; charset=utf-8
cache-control: no-cache
content-length: 127

17:42:48.408 [AsyncHttpClient-1-2] DEBUG org.asynchttpclient.netty.channel.ChannelManager - Adding key: http://localhost:61324 for channel [id: 0x89687221, L:/127.0.0.1:57512 - R:localhost/127.0.0.1:61324]
17:42:48.410 [Forwarding clearElement on session 3804a52f96d2eeb36549db6fbc7fe9a6 to remote] DEBUG org.asynchttpclient.netty.request.NettyRequestSender - Using pooled Channel '[id: 0x89687221, L:/127.0.0.1:57512 - R:localhost/127.0.0.1:61324]' for 'POST' to 'http://localhost:61324/session/3804a52f96d2eeb36549db6fbc7fe9a6/element/f.3DC5CDB77786DE21E37CA50373E739D7.d.70468054E12B7861E950842F7BC006DE.e.178/clear'
17:42:48.410 [Forwarding clearElement on session 3804a52f96d2eeb36549db6fbc7fe9a6 to remote] DEBUG org.asynchttpclient.netty.request.NettyRequestSender - Using open Channel [id: 0x89687221, L:/127.0.0.1:57512 - R:localhost/127.0.0.1:61324] for POST '/session/3804a52f96d2eeb36549db6fbc7fe9a6/element/f.3DC5CDB77786DE21E37CA50373E739D7.d.70468054E12B7861E950842F7BC006DE.e.178/clear'
17:42:48.441 [AsyncHttpClient-1-2] DEBUG org.asynchttpclient.netty.handler.HttpHandler - 

Request DefaultHttpRequest(decodeResult: success, version: HTTP/1.1)
POST /session/3804a52f96d2eeb36549db6fbc7fe9a6/element/f.3DC5CDB77786DE21E37CA50373E739D7.d.70468054E12B7861E950842F7BC006DE.e.178/clear HTTP/1.1
User-Agent: selenium/4.3.0 (java windows)
Content-Length: 89
Content-Type: application/json; charset=utf-8
host: localhost:61324
accept: */*

Response DefaultHttpResponse(decodeResult: success, version: HTTP/1.1)
HTTP/1.1 200 OK
Content-Type: application/json; charset=utf-8
cache-control: no-cache
content-length: 14

17:42:48.442 [AsyncHttpClient-1-2] DEBUG org.asynchttpclient.netty.channel.ChannelManager - Adding key: http://localhost:61324 for channel [id: 0x89687221, L:/127.0.0.1:57512 - R:localhost/127.0.0.1:61324]
17:42:48.460 [Forwarding sendKeysToElement on session 3804a52f96d2eeb36549db6fbc7fe9a6 to remote] DEBUG org.asynchttpclient.netty.request.NettyRequestSender - Using pooled Channel '[id: 0x89687221, L:/127.0.0.1:57512 - R:localhost/127.0.0.1:61324]' for 'POST' to 'http://localhost:61324/session/3804a52f96d2eeb36549db6fbc7fe9a6/element/f.3DC5CDB77786DE21E37CA50373E739D7.d.70468054E12B7861E950842F7BC006DE.e.178/value'
17:42:48.460 [Forwarding sendKeysToElement on session 3804a52f96d2eeb36549db6fbc7fe9a6 to remote] DEBUG org.asynchttpclient.netty.request.NettyRequestSender - Using open Channel [id: 0x89687221, L:/127.0.0.1:57512 - R:localhost/127.0.0.1:61324] for POST '/session/3804a52f96d2eeb36549db6fbc7fe9a6/element/f.3DC5CDB77786DE21E37CA50373E739D7.d.70468054E12B7861E950842F7BC006DE.e.178/value'
17:42:48.548 [AsyncHttpClient-1-2] DEBUG org.asynchttpclient.netty.handler.HttpHandler - 

Request DefaultHttpRequest(decodeResult: success, version: HTTP/1.1)
POST /session/3804a52f96d2eeb36549db6fbc7fe9a6/element/f.3DC5CDB77786DE21E37CA50373E739D7.d.70468054E12B7861E950842F7BC006DE.e.178/value HTTP/1.1
User-Agent: selenium/4.3.0 (java windows)
Content-Length: 200
Content-Type: application/json; charset=utf-8
host: localhost:61324
accept: */*

Response DefaultHttpResponse(decodeResult: success, version: HTTP/1.1)
HTTP/1.1 200 OK
Content-Type: application/json; charset=utf-8
cache-control: no-cache
content-length: 14

17:42:48.548 [AsyncHttpClient-1-2] DEBUG org.asynchttpclient.netty.channel.ChannelManager - Adding key: http://localhost:61324 for channel [id: 0x89687221, L:/127.0.0.1:57512 - R:localhost/127.0.0.1:61324]
17:42:48.584 [Forwarding screenshot on session 3804a52f96d2eeb36549db6fbc7fe9a6 to remote] DEBUG org.asynchttpclient.netty.request.NettyRequestSender - Using pooled Channel '[id: 0x89687221, L:/127.0.0.1:57512 - R:localhost/127.0.0.1:61324]' for 'GET' to 'http://localhost:61324/session/3804a52f96d2eeb36549db6fbc7fe9a6/screenshot'
17:42:48.584 [Forwarding screenshot on session 3804a52f96d2eeb36549db6fbc7fe9a6 to remote] DEBUG org.asynchttpclient.netty.request.NettyRequestSender - Using open Channel [id: 0x89687221, L:/127.0.0.1:57512 - R:localhost/127.0.0.1:61324] for GET '/session/3804a52f96d2eeb36549db6fbc7fe9a6/screenshot'
17:42:48.731 [AsyncHttpClient-1-1] DEBUG org.asynchttpclient.netty.channel.DefaultChannelPool - Entry count for : http://localhost:57514 : 1
17:42:48.769 [AsyncHttpClient-1-2] DEBUG org.asynchttpclient.netty.handler.HttpHandler - 

Request DefaultFullHttpRequest(decodeResult: success, version: HTTP/1.1, content: EmptyByteBufBE)
GET /session/3804a52f96d2eeb36549db6fbc7fe9a6/screenshot HTTP/1.1
User-Agent: selenium/4.3.0 (java windows)
Cache-Control: no-cache
Content-Type: application/json; charset=utf-8
host: localhost:61324
accept: */*

Response DefaultHttpResponse(decodeResult: success, version: HTTP/1.1)
HTTP/1.1 200 OK
Content-Type: application/json; charset=utf-8
cache-control: no-cache
content-length: 174180

17:42:48.770 [AsyncHttpClient-1-2] DEBUG org.asynchttpclient.netty.channel.ChannelManager - Adding key: http://localhost:61324 for channel [id: 0x89687221, L:/127.0.0.1:57512 - R:localhost/127.0.0.1:61324]
17:42:48.779 [Test worker] DEBUG net.serenitybdd.core.photography.Darkroom - Send negative for processing for D:\Users\Usuario\Documents\Accenture\AutomatizacionAccenturePrueba\target\site\serenity\1e0c99fabafb78cb64eea8bcf352c732352d8ae0d341c009eb8c29cca8b4d99f.png
17:42:48.780 [Darkroom Processing Line] DEBUG net.serenitybdd.core.photography.DarkroomProcessingLine - Processing screenshot image in /var/screenshots/screenshot-14008716253790098979
17:42:48.781 [Darkroom Processing Line] DEBUG net.serenitybdd.core.photography.DarkroomProcessingLine - Saving screenshot to D:\Users\Usuario\Documents\Accenture\AutomatizacionAccenturePrueba\target\site\serenity\1e0c99fabafb78cb64eea8bcf352c732352d8ae0d341c009eb8c29cca8b4d99f.png
17:42:48.827 [Test worker] DEBUG net.thucydides.core.steps.StepInterceptor - STEP DONE: {0} enters #theTextAsAString into #target
17:42:48.871 [Forwarding screenshot on session 3804a52f96d2eeb36549db6fbc7fe9a6 to remote] DEBUG org.asynchttpclient.netty.request.NettyRequestSender - Using pooled Channel '[id: 0x89687221, L:/127.0.0.1:57512 - R:localhost/127.0.0.1:61324]' for 'GET' to 'http://localhost:61324/session/3804a52f96d2eeb36549db6fbc7fe9a6/screenshot'
17:42:48.871 [Forwarding screenshot on session 3804a52f96d2eeb36549db6fbc7fe9a6 to remote] DEBUG org.asynchttpclient.netty.request.NettyRequestSender - Using open Channel [id: 0x89687221, L:/127.0.0.1:57512 - R:localhost/127.0.0.1:61324] for GET '/session/3804a52f96d2eeb36549db6fbc7fe9a6/screenshot'
17:42:49.009 [AsyncHttpClient-1-2] DEBUG org.asynchttpclient.netty.handler.HttpHandler - 

Request DefaultFullHttpRequest(decodeResult: success, version: HTTP/1.1, content: EmptyByteBufBE)
GET /session/3804a52f96d2eeb36549db6fbc7fe9a6/screenshot HTTP/1.1
User-Agent: selenium/4.3.0 (java windows)
Cache-Control: no-cache
Content-Type: application/json; charset=utf-8
host: localhost:61324
accept: */*

Response DefaultHttpResponse(decodeResult: success, version: HTTP/1.1)
HTTP/1.1 200 OK
Content-Type: application/json; charset=utf-8
cache-control: no-cache
content-length: 174252

17:42:49.010 [AsyncHttpClient-1-2] DEBUG org.asynchttpclient.netty.channel.ChannelManager - Adding key: http://localhost:61324 for channel [id: 0x89687221, L:/127.0.0.1:57512 - R:localhost/127.0.0.1:61324]
17:42:49.015 [Test worker] DEBUG net.serenitybdd.core.photography.Darkroom - Send negative for processing for D:\Users\Usuario\Documents\Accenture\AutomatizacionAccenturePrueba\target\site\serenity\79450060fac7bbd18f4ccfcebca748730529607197e02436f1f481b83f436347.png
17:42:49.015 [Darkroom Processing Line] DEBUG net.serenitybdd.core.photography.DarkroomProcessingLine - Processing screenshot image in /var/screenshots/screenshot-4876558380431931693
17:42:49.016 [Test worker] DEBUG net.thucydides.core.steps.StepInterceptor - STARTING STEP: Comprar.performAs - {0} enters #theTextAsAString into #target
17:42:49.016 [Darkroom Processing Line] DEBUG net.serenitybdd.core.photography.DarkroomProcessingLine - Saving screenshot to D:\Users\Usuario\Documents\Accenture\AutomatizacionAccenturePrueba\target\site\serenity\79450060fac7bbd18f4ccfcebca748730529607197e02436f1f481b83f436347.png
17:42:49.031 [Test worker] DEBUG net.serenitybdd.screenplay.targets.IFrameSwitcher - default content already selected for tarjeta
17:42:49.095 [Forwarding findElement on session 3804a52f96d2eeb36549db6fbc7fe9a6 to remote] DEBUG org.asynchttpclient.netty.request.NettyRequestSender - Using pooled Channel '[id: 0x89687221, L:/127.0.0.1:57512 - R:localhost/127.0.0.1:61324]' for 'POST' to 'http://localhost:61324/session/3804a52f96d2eeb36549db6fbc7fe9a6/element'
17:42:49.095 [Forwarding findElement on session 3804a52f96d2eeb36549db6fbc7fe9a6 to remote] DEBUG org.asynchttpclient.netty.request.NettyRequestSender - Using open Channel [id: 0x89687221, L:/127.0.0.1:57512 - R:localhost/127.0.0.1:61324] for POST '/session/3804a52f96d2eeb36549db6fbc7fe9a6/element'
17:42:49.113 [AsyncHttpClient-1-2] DEBUG org.asynchttpclient.netty.handler.HttpHandler - 

Request DefaultHttpRequest(decodeResult: success, version: HTTP/1.1)
POST /session/3804a52f96d2eeb36549db6fbc7fe9a6/element HTTP/1.1
User-Agent: selenium/4.3.0 (java windows)
Content-Length: 49
Content-Type: application/json; charset=utf-8
host: localhost:61324
accept: */*

Response DefaultHttpResponse(decodeResult: success, version: HTTP/1.1)
HTTP/1.1 200 OK
Content-Type: application/json; charset=utf-8
cache-control: no-cache
content-length: 127

17:42:49.113 [AsyncHttpClient-1-2] DEBUG org.asynchttpclient.netty.channel.ChannelManager - Adding key: http://localhost:61324 for channel [id: 0x89687221, L:/127.0.0.1:57512 - R:localhost/127.0.0.1:61324]
17:42:49.116 [Forwarding clearElement on session 3804a52f96d2eeb36549db6fbc7fe9a6 to remote] DEBUG org.asynchttpclient.netty.request.NettyRequestSender - Using pooled Channel '[id: 0x89687221, L:/127.0.0.1:57512 - R:localhost/127.0.0.1:61324]' for 'POST' to 'http://localhost:61324/session/3804a52f96d2eeb36549db6fbc7fe9a6/element/f.3DC5CDB77786DE21E37CA50373E739D7.d.70468054E12B7861E950842F7BC006DE.e.179/clear'
17:42:49.116 [Forwarding clearElement on session 3804a52f96d2eeb36549db6fbc7fe9a6 to remote] DEBUG org.asynchttpclient.netty.request.NettyRequestSender - Using open Channel [id: 0x89687221, L:/127.0.0.1:57512 - R:localhost/127.0.0.1:61324] for POST '/session/3804a52f96d2eeb36549db6fbc7fe9a6/element/f.3DC5CDB77786DE21E37CA50373E739D7.d.70468054E12B7861E950842F7BC006DE.e.179/clear'
17:42:49.152 [AsyncHttpClient-1-2] DEBUG org.asynchttpclient.netty.handler.HttpHandler - 

Request DefaultHttpRequest(decodeResult: success, version: HTTP/1.1)
POST /session/3804a52f96d2eeb36549db6fbc7fe9a6/element/f.3DC5CDB77786DE21E37CA50373E739D7.d.70468054E12B7861E950842F7BC006DE.e.179/clear HTTP/1.1
User-Agent: selenium/4.3.0 (java windows)
Content-Length: 89
Content-Type: application/json; charset=utf-8
host: localhost:61324
accept: */*

Response DefaultHttpResponse(decodeResult: success, version: HTTP/1.1)
HTTP/1.1 200 OK
Content-Type: application/json; charset=utf-8
cache-control: no-cache
content-length: 14

17:42:49.152 [AsyncHttpClient-1-2] DEBUG org.asynchttpclient.netty.channel.ChannelManager - Adding key: http://localhost:61324 for channel [id: 0x89687221, L:/127.0.0.1:57512 - R:localhost/127.0.0.1:61324]
17:42:49.164 [Forwarding sendKeysToElement on session 3804a52f96d2eeb36549db6fbc7fe9a6 to remote] DEBUG org.asynchttpclient.netty.request.NettyRequestSender - Using pooled Channel '[id: 0x89687221, L:/127.0.0.1:57512 - R:localhost/127.0.0.1:61324]' for 'POST' to 'http://localhost:61324/session/3804a52f96d2eeb36549db6fbc7fe9a6/element/f.3DC5CDB77786DE21E37CA50373E739D7.d.70468054E12B7861E950842F7BC006DE.e.179/value'
17:42:49.164 [Forwarding sendKeysToElement on session 3804a52f96d2eeb36549db6fbc7fe9a6 to remote] DEBUG org.asynchttpclient.netty.request.NettyRequestSender - Using open Channel [id: 0x89687221, L:/127.0.0.1:57512 - R:localhost/127.0.0.1:61324] for POST '/session/3804a52f96d2eeb36549db6fbc7fe9a6/element/f.3DC5CDB77786DE21E37CA50373E739D7.d.70468054E12B7861E950842F7BC006DE.e.179/value'
17:42:49.228 [AsyncHttpClient-1-2] DEBUG org.asynchttpclient.netty.handler.HttpHandler - 

Request DefaultHttpRequest(decodeResult: success, version: HTTP/1.1)
POST /session/3804a52f96d2eeb36549db6fbc7fe9a6/element/f.3DC5CDB77786DE21E37CA50373E739D7.d.70468054E12B7861E950842F7BC006DE.e.179/value HTTP/1.1
User-Agent: selenium/4.3.0 (java windows)
Content-Length: 160
Content-Type: application/json; charset=utf-8
host: localhost:61324
accept: */*

Response DefaultHttpResponse(decodeResult: success, version: HTTP/1.1)
HTTP/1.1 200 OK
Content-Type: application/json; charset=utf-8
cache-control: no-cache
content-length: 14

17:42:49.228 [AsyncHttpClient-1-2] DEBUG org.asynchttpclient.netty.channel.ChannelManager - Adding key: http://localhost:61324 for channel [id: 0x89687221, L:/127.0.0.1:57512 - R:localhost/127.0.0.1:61324]
17:42:49.257 [Forwarding screenshot on session 3804a52f96d2eeb36549db6fbc7fe9a6 to remote] DEBUG org.asynchttpclient.netty.request.NettyRequestSender - Using pooled Channel '[id: 0x89687221, L:/127.0.0.1:57512 - R:localhost/127.0.0.1:61324]' for 'GET' to 'http://localhost:61324/session/3804a52f96d2eeb36549db6fbc7fe9a6/screenshot'
17:42:49.257 [Forwarding screenshot on session 3804a52f96d2eeb36549db6fbc7fe9a6 to remote] DEBUG org.asynchttpclient.netty.request.NettyRequestSender - Using open Channel [id: 0x89687221, L:/127.0.0.1:57512 - R:localhost/127.0.0.1:61324] for GET '/session/3804a52f96d2eeb36549db6fbc7fe9a6/screenshot'
17:42:49.454 [AsyncHttpClient-1-2] DEBUG org.asynchttpclient.netty.handler.HttpHandler - 

Request DefaultFullHttpRequest(decodeResult: success, version: HTTP/1.1, content: EmptyByteBufBE)
GET /session/3804a52f96d2eeb36549db6fbc7fe9a6/screenshot HTTP/1.1
User-Agent: selenium/4.3.0 (java windows)
Cache-Control: no-cache
Content-Type: application/json; charset=utf-8
host: localhost:61324
accept: */*

Response DefaultHttpResponse(decodeResult: success, version: HTTP/1.1)
HTTP/1.1 200 OK
Content-Type: application/json; charset=utf-8
cache-control: no-cache
content-length: 175040

17:42:49.455 [AsyncHttpClient-1-2] DEBUG org.asynchttpclient.netty.channel.ChannelManager - Adding key: http://localhost:61324 for channel [id: 0x89687221, L:/127.0.0.1:57512 - R:localhost/127.0.0.1:61324]
17:42:49.462 [Test worker] DEBUG net.serenitybdd.core.photography.Darkroom - Send negative for processing for D:\Users\Usuario\Documents\Accenture\AutomatizacionAccenturePrueba\target\site\serenity\ce4b3b1eab9093e88a5117d946d8fd2045ce6372cd99486c35df81f0daee3c2e.png
17:42:49.463 [Darkroom Processing Line] DEBUG net.serenitybdd.core.photography.DarkroomProcessingLine - Processing screenshot image in /var/screenshots/screenshot-15735844292284009703
17:42:49.463 [Darkroom Processing Line] DEBUG net.serenitybdd.core.photography.DarkroomProcessingLine - Saving screenshot to D:\Users\Usuario\Documents\Accenture\AutomatizacionAccenturePrueba\target\site\serenity\ce4b3b1eab9093e88a5117d946d8fd2045ce6372cd99486c35df81f0daee3c2e.png
17:42:49.490 [Test worker] DEBUG net.thucydides.core.steps.StepInterceptor - STEP DONE: {0} enters #theTextAsAString into #target
17:42:49.514 [Forwarding screenshot on session 3804a52f96d2eeb36549db6fbc7fe9a6 to remote] DEBUG org.asynchttpclient.netty.request.NettyRequestSender - Using pooled Channel '[id: 0x89687221, L:/127.0.0.1:57512 - R:localhost/127.0.0.1:61324]' for 'GET' to 'http://localhost:61324/session/3804a52f96d2eeb36549db6fbc7fe9a6/screenshot'
17:42:49.514 [Forwarding screenshot on session 3804a52f96d2eeb36549db6fbc7fe9a6 to remote] DEBUG org.asynchttpclient.netty.request.NettyRequestSender - Using open Channel [id: 0x89687221, L:/127.0.0.1:57512 - R:localhost/127.0.0.1:61324] for GET '/session/3804a52f96d2eeb36549db6fbc7fe9a6/screenshot'
17:42:49.660 [AsyncHttpClient-1-2] DEBUG org.asynchttpclient.netty.handler.HttpHandler - 

Request DefaultFullHttpRequest(decodeResult: success, version: HTTP/1.1, content: EmptyByteBufBE)
GET /session/3804a52f96d2eeb36549db6fbc7fe9a6/screenshot HTTP/1.1
User-Agent: selenium/4.3.0 (java windows)
Cache-Control: no-cache
Content-Type: application/json; charset=utf-8
host: localhost:61324
accept: */*

Response DefaultHttpResponse(decodeResult: success, version: HTTP/1.1)
HTTP/1.1 200 OK
Content-Type: application/json; charset=utf-8
cache-control: no-cache
content-length: 175156

17:42:49.660 [AsyncHttpClient-1-2] DEBUG org.asynchttpclient.netty.channel.ChannelManager - Adding key: http://localhost:61324 for channel [id: 0x89687221, L:/127.0.0.1:57512 - R:localhost/127.0.0.1:61324]
17:42:49.666 [Test worker] DEBUG net.serenitybdd.core.photography.Darkroom - Send negative for processing for D:\Users\Usuario\Documents\Accenture\AutomatizacionAccenturePrueba\target\site\serenity\6298134c65bc7f2dca82e704b11a9f7a91491d76ee98ebc5de1ef6532bd8b06b.png
17:42:49.667 [Test worker] DEBUG net.thucydides.core.steps.StepInterceptor - STARTING STEP: Comprar.performAs - {0} enters #theTextAsAString into #target
17:42:49.667 [Darkroom Processing Line] DEBUG net.serenitybdd.core.photography.DarkroomProcessingLine - Processing screenshot image in /var/screenshots/screenshot-3381843620116892368
17:42:49.667 [Darkroom Processing Line] DEBUG net.serenitybdd.core.photography.DarkroomProcessingLine - Saving screenshot to D:\Users\Usuario\Documents\Accenture\AutomatizacionAccenturePrueba\target\site\serenity\6298134c65bc7f2dca82e704b11a9f7a91491d76ee98ebc5de1ef6532bd8b06b.png
17:42:49.679 [Test worker] DEBUG net.serenitybdd.screenplay.targets.IFrameSwitcher - default content already selected for Mes de vencimiento
17:42:49.720 [Forwarding findElement on session 3804a52f96d2eeb36549db6fbc7fe9a6 to remote] DEBUG org.asynchttpclient.netty.request.NettyRequestSender - Using pooled Channel '[id: 0x89687221, L:/127.0.0.1:57512 - R:localhost/127.0.0.1:61324]' for 'POST' to 'http://localhost:61324/session/3804a52f96d2eeb36549db6fbc7fe9a6/element'
17:42:49.720 [Forwarding findElement on session 3804a52f96d2eeb36549db6fbc7fe9a6 to remote] DEBUG org.asynchttpclient.netty.request.NettyRequestSender - Using open Channel [id: 0x89687221, L:/127.0.0.1:57512 - R:localhost/127.0.0.1:61324] for POST '/session/3804a52f96d2eeb36549db6fbc7fe9a6/element'
17:42:49.737 [AsyncHttpClient-1-2] DEBUG org.asynchttpclient.netty.handler.HttpHandler - 

Request DefaultHttpRequest(decodeResult: success, version: HTTP/1.1)
POST /session/3804a52f96d2eeb36549db6fbc7fe9a6/element HTTP/1.1
User-Agent: selenium/4.3.0 (java windows)
Content-Length: 50
Content-Type: application/json; charset=utf-8
host: localhost:61324
accept: */*

Response DefaultHttpResponse(decodeResult: success, version: HTTP/1.1)
HTTP/1.1 200 OK
Content-Type: application/json; charset=utf-8
cache-control: no-cache
content-length: 127

17:42:49.738 [AsyncHttpClient-1-2] DEBUG org.asynchttpclient.netty.channel.ChannelManager - Adding key: http://localhost:61324 for channel [id: 0x89687221, L:/127.0.0.1:57512 - R:localhost/127.0.0.1:61324]
17:42:49.740 [Forwarding clearElement on session 3804a52f96d2eeb36549db6fbc7fe9a6 to remote] DEBUG org.asynchttpclient.netty.request.NettyRequestSender - Using pooled Channel '[id: 0x89687221, L:/127.0.0.1:57512 - R:localhost/127.0.0.1:61324]' for 'POST' to 'http://localhost:61324/session/3804a52f96d2eeb36549db6fbc7fe9a6/element/f.3DC5CDB77786DE21E37CA50373E739D7.d.70468054E12B7861E950842F7BC006DE.e.180/clear'
17:42:49.740 [Forwarding clearElement on session 3804a52f96d2eeb36549db6fbc7fe9a6 to remote] DEBUG org.asynchttpclient.netty.request.NettyRequestSender - Using open Channel [id: 0x89687221, L:/127.0.0.1:57512 - R:localhost/127.0.0.1:61324] for POST '/session/3804a52f96d2eeb36549db6fbc7fe9a6/element/f.3DC5CDB77786DE21E37CA50373E739D7.d.70468054E12B7861E950842F7BC006DE.e.180/clear'
17:42:49.774 [AsyncHttpClient-1-2] DEBUG org.asynchttpclient.netty.handler.HttpHandler - 

Request DefaultHttpRequest(decodeResult: success, version: HTTP/1.1)
POST /session/3804a52f96d2eeb36549db6fbc7fe9a6/element/f.3DC5CDB77786DE21E37CA50373E739D7.d.70468054E12B7861E950842F7BC006DE.e.180/clear HTTP/1.1
User-Agent: selenium/4.3.0 (java windows)
Content-Length: 89
Content-Type: application/json; charset=utf-8
host: localhost:61324
accept: */*

Response DefaultHttpResponse(decodeResult: success, version: HTTP/1.1)
HTTP/1.1 200 OK
Content-Type: application/json; charset=utf-8
cache-control: no-cache
content-length: 14

17:42:49.774 [AsyncHttpClient-1-2] DEBUG org.asynchttpclient.netty.channel.ChannelManager - Adding key: http://localhost:61324 for channel [id: 0x89687221, L:/127.0.0.1:57512 - R:localhost/127.0.0.1:61324]
17:42:49.791 [Forwarding sendKeysToElement on session 3804a52f96d2eeb36549db6fbc7fe9a6 to remote] DEBUG org.asynchttpclient.netty.request.NettyRequestSender - Using pooled Channel '[id: 0x89687221, L:/127.0.0.1:57512 - R:localhost/127.0.0.1:61324]' for 'POST' to 'http://localhost:61324/session/3804a52f96d2eeb36549db6fbc7fe9a6/element/f.3DC5CDB77786DE21E37CA50373E739D7.d.70468054E12B7861E950842F7BC006DE.e.180/value'
17:42:49.791 [Forwarding sendKeysToElement on session 3804a52f96d2eeb36549db6fbc7fe9a6 to remote] DEBUG org.asynchttpclient.netty.request.NettyRequestSender - Using open Channel [id: 0x89687221, L:/127.0.0.1:57512 - R:localhost/127.0.0.1:61324] for POST '/session/3804a52f96d2eeb36549db6fbc7fe9a6/element/f.3DC5CDB77786DE21E37CA50373E739D7.d.70468054E12B7861E950842F7BC006DE.e.180/value'
17:42:49.830 [AsyncHttpClient-1-1] DEBUG org.asynchttpclient.netty.channel.DefaultChannelPool - Entry count for : http://localhost:57514 : 1
17:42:49.853 [AsyncHttpClient-1-2] DEBUG org.asynchttpclient.netty.handler.HttpHandler - 

Request DefaultHttpRequest(decodeResult: success, version: HTTP/1.1)
POST /session/3804a52f96d2eeb36549db6fbc7fe9a6/element/f.3DC5CDB77786DE21E37CA50373E739D7.d.70468054E12B7861E950842F7BC006DE.e.180/value HTTP/1.1
User-Agent: selenium/4.3.0 (java windows)
Content-Length: 140
Content-Type: application/json; charset=utf-8
host: localhost:61324
accept: */*

Response DefaultHttpResponse(decodeResult: success, version: HTTP/1.1)
HTTP/1.1 200 OK
Content-Type: application/json; charset=utf-8
cache-control: no-cache
content-length: 14

17:42:49.854 [AsyncHttpClient-1-2] DEBUG org.asynchttpclient.netty.channel.ChannelManager - Adding key: http://localhost:61324 for channel [id: 0x89687221, L:/127.0.0.1:57512 - R:localhost/127.0.0.1:61324]
17:42:49.885 [Forwarding screenshot on session 3804a52f96d2eeb36549db6fbc7fe9a6 to remote] DEBUG org.asynchttpclient.netty.request.NettyRequestSender - Using pooled Channel '[id: 0x89687221, L:/127.0.0.1:57512 - R:localhost/127.0.0.1:61324]' for 'GET' to 'http://localhost:61324/session/3804a52f96d2eeb36549db6fbc7fe9a6/screenshot'
17:42:49.885 [Forwarding screenshot on session 3804a52f96d2eeb36549db6fbc7fe9a6 to remote] DEBUG org.asynchttpclient.netty.request.NettyRequestSender - Using open Channel [id: 0x89687221, L:/127.0.0.1:57512 - R:localhost/127.0.0.1:61324] for GET '/session/3804a52f96d2eeb36549db6fbc7fe9a6/screenshot'
17:42:50.046 [AsyncHttpClient-1-2] DEBUG org.asynchttpclient.netty.handler.HttpHandler - 

Request DefaultFullHttpRequest(decodeResult: success, version: HTTP/1.1, content: EmptyByteBufBE)
GET /session/3804a52f96d2eeb36549db6fbc7fe9a6/screenshot HTTP/1.1
User-Agent: selenium/4.3.0 (java windows)
Cache-Control: no-cache
Content-Type: application/json; charset=utf-8
host: localhost:61324
accept: */*

Response DefaultHttpResponse(decodeResult: success, version: HTTP/1.1)
HTTP/1.1 200 OK
Content-Type: application/json; charset=utf-8
cache-control: no-cache
content-length: 170560

17:42:50.047 [AsyncHttpClient-1-2] DEBUG org.asynchttpclient.netty.channel.ChannelManager - Adding key: http://localhost:61324 for channel [id: 0x89687221, L:/127.0.0.1:57512 - R:localhost/127.0.0.1:61324]
17:42:50.052 [Test worker] DEBUG net.serenitybdd.core.photography.Darkroom - Send negative for processing for D:\Users\Usuario\Documents\Accenture\AutomatizacionAccenturePrueba\target\site\serenity\d590d207b47d204d857e7e3d5a6b7f6882ddcd02f6fb50762dcd519985cb094c.png
17:42:50.053 [Darkroom Processing Line] DEBUG net.serenitybdd.core.photography.DarkroomProcessingLine - Processing screenshot image in /var/screenshots/screenshot-5461940687220734639
17:42:50.053 [Darkroom Processing Line] DEBUG net.serenitybdd.core.photography.DarkroomProcessingLine - Saving screenshot to D:\Users\Usuario\Documents\Accenture\AutomatizacionAccenturePrueba\target\site\serenity\d590d207b47d204d857e7e3d5a6b7f6882ddcd02f6fb50762dcd519985cb094c.png
17:42:50.088 [Test worker] DEBUG net.thucydides.core.steps.StepInterceptor - STEP DONE: {0} enters #theTextAsAString into #target
17:42:50.110 [Forwarding screenshot on session 3804a52f96d2eeb36549db6fbc7fe9a6 to remote] DEBUG org.asynchttpclient.netty.request.NettyRequestSender - Using pooled Channel '[id: 0x89687221, L:/127.0.0.1:57512 - R:localhost/127.0.0.1:61324]' for 'GET' to 'http://localhost:61324/session/3804a52f96d2eeb36549db6fbc7fe9a6/screenshot'
17:42:50.110 [Forwarding screenshot on session 3804a52f96d2eeb36549db6fbc7fe9a6 to remote] DEBUG org.asynchttpclient.netty.request.NettyRequestSender - Using open Channel [id: 0x89687221, L:/127.0.0.1:57512 - R:localhost/127.0.0.1:61324] for GET '/session/3804a52f96d2eeb36549db6fbc7fe9a6/screenshot'
17:42:50.259 [AsyncHttpClient-1-2] DEBUG org.asynchttpclient.netty.handler.HttpHandler - 

Request DefaultFullHttpRequest(decodeResult: success, version: HTTP/1.1, content: EmptyByteBufBE)
GET /session/3804a52f96d2eeb36549db6fbc7fe9a6/screenshot HTTP/1.1
User-Agent: selenium/4.3.0 (java windows)
Cache-Control: no-cache
Content-Type: application/json; charset=utf-8
host: localhost:61324
accept: */*

Response DefaultHttpResponse(decodeResult: success, version: HTTP/1.1)
HTTP/1.1 200 OK
Content-Type: application/json; charset=utf-8
cache-control: no-cache
content-length: 170556

17:42:50.260 [AsyncHttpClient-1-2] DEBUG org.asynchttpclient.netty.channel.ChannelManager - Adding key: http://localhost:61324 for channel [id: 0x89687221, L:/127.0.0.1:57512 - R:localhost/127.0.0.1:61324]
17:42:50.264 [Test worker] DEBUG net.serenitybdd.core.photography.Darkroom - Send negative for processing for D:\Users\Usuario\Documents\Accenture\AutomatizacionAccenturePrueba\target\site\serenity\95720d8a4feb5390045079ced1a2c6d1a16b6dd5b27bd48aab68bf641d0b409a.png
17:42:50.265 [Darkroom Processing Line] DEBUG net.serenitybdd.core.photography.DarkroomProcessingLine - Processing screenshot image in /var/screenshots/screenshot-17528267279174444967
17:42:50.265 [Darkroom Processing Line] DEBUG net.serenitybdd.core.photography.DarkroomProcessingLine - Saving screenshot to D:\Users\Usuario\Documents\Accenture\AutomatizacionAccenturePrueba\target\site\serenity\95720d8a4feb5390045079ced1a2c6d1a16b6dd5b27bd48aab68bf641d0b409a.png
17:42:50.265 [Test worker] DEBUG net.thucydides.core.steps.StepInterceptor - STARTING STEP: Comprar.performAs - {0} enters #theTextAsAString into #target
17:42:50.275 [Test worker] DEBUG net.serenitybdd.screenplay.targets.IFrameSwitcher - default content already selected for Año
17:42:50.313 [Forwarding findElement on session 3804a52f96d2eeb36549db6fbc7fe9a6 to remote] DEBUG org.asynchttpclient.netty.request.NettyRequestSender - Using pooled Channel '[id: 0x89687221, L:/127.0.0.1:57512 - R:localhost/127.0.0.1:61324]' for 'POST' to 'http://localhost:61324/session/3804a52f96d2eeb36549db6fbc7fe9a6/element'
17:42:50.313 [Forwarding findElement on session 3804a52f96d2eeb36549db6fbc7fe9a6 to remote] DEBUG org.asynchttpclient.netty.request.NettyRequestSender - Using open Channel [id: 0x89687221, L:/127.0.0.1:57512 - R:localhost/127.0.0.1:61324] for POST '/session/3804a52f96d2eeb36549db6fbc7fe9a6/element'
17:42:50.329 [AsyncHttpClient-1-2] DEBUG org.asynchttpclient.netty.handler.HttpHandler - 

Request DefaultHttpRequest(decodeResult: success, version: HTTP/1.1)
POST /session/3804a52f96d2eeb36549db6fbc7fe9a6/element HTTP/1.1
User-Agent: selenium/4.3.0 (java windows)
Content-Length: 49
Content-Type: application/json; charset=utf-8
host: localhost:61324
accept: */*

Response DefaultHttpResponse(decodeResult: success, version: HTTP/1.1)
HTTP/1.1 200 OK
Content-Type: application/json; charset=utf-8
cache-control: no-cache
content-length: 127

17:42:50.329 [AsyncHttpClient-1-2] DEBUG org.asynchttpclient.netty.channel.ChannelManager - Adding key: http://localhost:61324 for channel [id: 0x89687221, L:/127.0.0.1:57512 - R:localhost/127.0.0.1:61324]
17:42:50.331 [Forwarding clearElement on session 3804a52f96d2eeb36549db6fbc7fe9a6 to remote] DEBUG org.asynchttpclient.netty.request.NettyRequestSender - Using pooled Channel '[id: 0x89687221, L:/127.0.0.1:57512 - R:localhost/127.0.0.1:61324]' for 'POST' to 'http://localhost:61324/session/3804a52f96d2eeb36549db6fbc7fe9a6/element/f.3DC5CDB77786DE21E37CA50373E739D7.d.70468054E12B7861E950842F7BC006DE.e.181/clear'
17:42:50.331 [Forwarding clearElement on session 3804a52f96d2eeb36549db6fbc7fe9a6 to remote] DEBUG org.asynchttpclient.netty.request.NettyRequestSender - Using open Channel [id: 0x89687221, L:/127.0.0.1:57512 - R:localhost/127.0.0.1:61324] for POST '/session/3804a52f96d2eeb36549db6fbc7fe9a6/element/f.3DC5CDB77786DE21E37CA50373E739D7.d.70468054E12B7861E950842F7BC006DE.e.181/clear'
17:42:50.368 [AsyncHttpClient-1-2] DEBUG org.asynchttpclient.netty.handler.HttpHandler - 

Request DefaultHttpRequest(decodeResult: success, version: HTTP/1.1)
POST /session/3804a52f96d2eeb36549db6fbc7fe9a6/element/f.3DC5CDB77786DE21E37CA50373E739D7.d.70468054E12B7861E950842F7BC006DE.e.181/clear HTTP/1.1
User-Agent: selenium/4.3.0 (java windows)
Content-Length: 89
Content-Type: application/json; charset=utf-8
host: localhost:61324
accept: */*

Response DefaultHttpResponse(decodeResult: success, version: HTTP/1.1)
HTTP/1.1 200 OK
Content-Type: application/json; charset=utf-8
cache-control: no-cache
content-length: 14

17:42:50.368 [AsyncHttpClient-1-2] DEBUG org.asynchttpclient.netty.channel.ChannelManager - Adding key: http://localhost:61324 for channel [id: 0x89687221, L:/127.0.0.1:57512 - R:localhost/127.0.0.1:61324]
17:42:50.386 [Forwarding sendKeysToElement on session 3804a52f96d2eeb36549db6fbc7fe9a6 to remote] DEBUG org.asynchttpclient.netty.request.NettyRequestSender - Using pooled Channel '[id: 0x89687221, L:/127.0.0.1:57512 - R:localhost/127.0.0.1:61324]' for 'POST' to 'http://localhost:61324/session/3804a52f96d2eeb36549db6fbc7fe9a6/element/f.3DC5CDB77786DE21E37CA50373E739D7.d.70468054E12B7861E950842F7BC006DE.e.181/value'
17:42:50.386 [Forwarding sendKeysToElement on session 3804a52f96d2eeb36549db6fbc7fe9a6 to remote] DEBUG org.asynchttpclient.netty.request.NettyRequestSender - Using open Channel [id: 0x89687221, L:/127.0.0.1:57512 - R:localhost/127.0.0.1:61324] for POST '/session/3804a52f96d2eeb36549db6fbc7fe9a6/element/f.3DC5CDB77786DE21E37CA50373E739D7.d.70468054E12B7861E950842F7BC006DE.e.181/value'
17:42:50.465 [AsyncHttpClient-1-2] DEBUG org.asynchttpclient.netty.handler.HttpHandler - 

Request DefaultHttpRequest(decodeResult: success, version: HTTP/1.1)
POST /session/3804a52f96d2eeb36549db6fbc7fe9a6/element/f.3DC5CDB77786DE21E37CA50373E739D7.d.70468054E12B7861E950842F7BC006DE.e.181/value HTTP/1.1
User-Agent: selenium/4.3.0 (java windows)
Content-Length: 160
Content-Type: application/json; charset=utf-8
host: localhost:61324
accept: */*

Response DefaultHttpResponse(decodeResult: success, version: HTTP/1.1)
HTTP/1.1 200 OK
Content-Type: application/json; charset=utf-8
cache-control: no-cache
content-length: 14

17:42:50.466 [AsyncHttpClient-1-2] DEBUG org.asynchttpclient.netty.channel.ChannelManager - Adding key: http://localhost:61324 for channel [id: 0x89687221, L:/127.0.0.1:57512 - R:localhost/127.0.0.1:61324]
17:42:50.496 [Forwarding screenshot on session 3804a52f96d2eeb36549db6fbc7fe9a6 to remote] DEBUG org.asynchttpclient.netty.request.NettyRequestSender - Using pooled Channel '[id: 0x89687221, L:/127.0.0.1:57512 - R:localhost/127.0.0.1:61324]' for 'GET' to 'http://localhost:61324/session/3804a52f96d2eeb36549db6fbc7fe9a6/screenshot'
17:42:50.497 [Forwarding screenshot on session 3804a52f96d2eeb36549db6fbc7fe9a6 to remote] DEBUG org.asynchttpclient.netty.request.NettyRequestSender - Using open Channel [id: 0x89687221, L:/127.0.0.1:57512 - R:localhost/127.0.0.1:61324] for GET '/session/3804a52f96d2eeb36549db6fbc7fe9a6/screenshot'
17:42:50.660 [AsyncHttpClient-1-2] DEBUG org.asynchttpclient.netty.handler.HttpHandler - 

Request DefaultFullHttpRequest(decodeResult: success, version: HTTP/1.1, content: EmptyByteBufBE)
GET /session/3804a52f96d2eeb36549db6fbc7fe9a6/screenshot HTTP/1.1
User-Agent: selenium/4.3.0 (java windows)
Cache-Control: no-cache
Content-Type: application/json; charset=utf-8
host: localhost:61324
accept: */*

Response DefaultHttpResponse(decodeResult: success, version: HTTP/1.1)
HTTP/1.1 200 OK
Content-Type: application/json; charset=utf-8
cache-control: no-cache
content-length: 172048

17:42:50.660 [AsyncHttpClient-1-2] DEBUG org.asynchttpclient.netty.channel.ChannelManager - Adding key: http://localhost:61324 for channel [id: 0x89687221, L:/127.0.0.1:57512 - R:localhost/127.0.0.1:61324]
17:42:50.666 [Test worker] DEBUG net.serenitybdd.core.photography.Darkroom - Send negative for processing for D:\Users\Usuario\Documents\Accenture\AutomatizacionAccenturePrueba\target\site\serenity\bfcb82775be03e297415e01a08dc7b6872e3df23045459fa593b26f823ea149a.png
17:42:50.666 [Darkroom Processing Line] DEBUG net.serenitybdd.core.photography.DarkroomProcessingLine - Processing screenshot image in /var/screenshots/screenshot-1601054824286263156
17:42:50.666 [Darkroom Processing Line] DEBUG net.serenitybdd.core.photography.DarkroomProcessingLine - Saving screenshot to D:\Users\Usuario\Documents\Accenture\AutomatizacionAccenturePrueba\target\site\serenity\bfcb82775be03e297415e01a08dc7b6872e3df23045459fa593b26f823ea149a.png
17:42:50.695 [Test worker] DEBUG net.thucydides.core.steps.StepInterceptor - STEP DONE: {0} enters #theTextAsAString into #target
17:42:50.723 [Forwarding screenshot on session 3804a52f96d2eeb36549db6fbc7fe9a6 to remote] DEBUG org.asynchttpclient.netty.request.NettyRequestSender - Using pooled Channel '[id: 0x89687221, L:/127.0.0.1:57512 - R:localhost/127.0.0.1:61324]' for 'GET' to 'http://localhost:61324/session/3804a52f96d2eeb36549db6fbc7fe9a6/screenshot'
17:42:50.723 [Forwarding screenshot on session 3804a52f96d2eeb36549db6fbc7fe9a6 to remote] DEBUG org.asynchttpclient.netty.request.NettyRequestSender - Using open Channel [id: 0x89687221, L:/127.0.0.1:57512 - R:localhost/127.0.0.1:61324] for GET '/session/3804a52f96d2eeb36549db6fbc7fe9a6/screenshot'
17:42:50.853 [AsyncHttpClient-1-2] DEBUG org.asynchttpclient.netty.handler.HttpHandler - 

Request DefaultFullHttpRequest(decodeResult: success, version: HTTP/1.1, content: EmptyByteBufBE)
GET /session/3804a52f96d2eeb36549db6fbc7fe9a6/screenshot HTTP/1.1
User-Agent: selenium/4.3.0 (java windows)
Cache-Control: no-cache
Content-Type: application/json; charset=utf-8
host: localhost:61324
accept: */*

Response DefaultHttpResponse(decodeResult: success, version: HTTP/1.1)
HTTP/1.1 200 OK
Content-Type: application/json; charset=utf-8
cache-control: no-cache
content-length: 172132

17:42:50.854 [AsyncHttpClient-1-2] DEBUG org.asynchttpclient.netty.channel.ChannelManager - Adding key: http://localhost:61324 for channel [id: 0x89687221, L:/127.0.0.1:57512 - R:localhost/127.0.0.1:61324]
17:42:50.859 [Test worker] DEBUG net.serenitybdd.core.photography.Darkroom - Send negative for processing for D:\Users\Usuario\Documents\Accenture\AutomatizacionAccenturePrueba\target\site\serenity\222f7a6ebdeb13daf8bbf73184558b52ef52f2528e9e6a95015546dfd6c6847b.png
17:42:50.860 [Test worker] DEBUG net.thucydides.core.steps.StepInterceptor - STARTING STEP: Comprar.performAs - {0} clicks on #target
17:42:50.860 [Darkroom Processing Line] DEBUG net.serenitybdd.core.photography.DarkroomProcessingLine - Processing screenshot image in /var/screenshots/screenshot-12203664738828025887
17:42:50.860 [Darkroom Processing Line] DEBUG net.serenitybdd.core.photography.DarkroomProcessingLine - Saving screenshot to D:\Users\Usuario\Documents\Accenture\AutomatizacionAccenturePrueba\target\site\serenity\222f7a6ebdeb13daf8bbf73184558b52ef52f2528e9e6a95015546dfd6c6847b.png
17:42:50.860 [Test worker] DEBUG net.serenitybdd.screenplay.targets.IFrameSwitcher - default content already selected for Aceptar la compra
17:42:50.926 [AsyncHttpClient-1-1] DEBUG org.asynchttpclient.netty.channel.DefaultChannelPool - Entry count for : http://localhost:57514 : 1
17:42:50.926 [AsyncHttpClient-1-1] DEBUG org.asynchttpclient.netty.channel.DefaultChannelPool - Entry count for : http://localhost:61324 : 1
17:42:50.966 [Forwarding findElement on session 3804a52f96d2eeb36549db6fbc7fe9a6 to remote] DEBUG org.asynchttpclient.netty.request.NettyRequestSender - Using pooled Channel '[id: 0x89687221, L:/127.0.0.1:57512 - R:localhost/127.0.0.1:61324]' for 'POST' to 'http://localhost:61324/session/3804a52f96d2eeb36549db6fbc7fe9a6/element'
17:42:50.966 [Forwarding findElement on session 3804a52f96d2eeb36549db6fbc7fe9a6 to remote] DEBUG org.asynchttpclient.netty.request.NettyRequestSender - Using open Channel [id: 0x89687221, L:/127.0.0.1:57512 - R:localhost/127.0.0.1:61324] for POST '/session/3804a52f96d2eeb36549db6fbc7fe9a6/element'
17:42:50.983 [AsyncHttpClient-1-2] DEBUG org.asynchttpclient.netty.handler.HttpHandler - 

Request DefaultHttpRequest(decodeResult: success, version: HTTP/1.1)
POST /session/3804a52f96d2eeb36549db6fbc7fe9a6/element HTTP/1.1
User-Agent: selenium/4.3.0 (java windows)
Content-Length: 115
Content-Type: application/json; charset=utf-8
host: localhost:61324
accept: */*

Response DefaultHttpResponse(decodeResult: success, version: HTTP/1.1)
HTTP/1.1 200 OK
Content-Type: application/json; charset=utf-8
cache-control: no-cache
content-length: 127

17:42:50.983 [AsyncHttpClient-1-2] DEBUG org.asynchttpclient.netty.channel.ChannelManager - Adding key: http://localhost:61324 for channel [id: 0x89687221, L:/127.0.0.1:57512 - R:localhost/127.0.0.1:61324]
17:42:51.002 [Forwarding isElementDisplayed on session 3804a52f96d2eeb36549db6fbc7fe9a6 to remote] DEBUG org.asynchttpclient.netty.request.NettyRequestSender - Using pooled Channel '[id: 0x89687221, L:/127.0.0.1:57512 - R:localhost/127.0.0.1:61324]' for 'POST' to 'http://localhost:61324/session/3804a52f96d2eeb36549db6fbc7fe9a6/execute/sync'
17:42:51.002 [Forwarding isElementDisplayed on session 3804a52f96d2eeb36549db6fbc7fe9a6 to remote] DEBUG org.asynchttpclient.netty.request.NettyRequestSender - Using open Channel [id: 0x89687221, L:/127.0.0.1:57512 - R:localhost/127.0.0.1:61324] for POST '/session/3804a52f96d2eeb36549db6fbc7fe9a6/execute/sync'
17:42:51.019 [AsyncHttpClient-1-2] DEBUG org.asynchttpclient.netty.handler.HttpHandler - 

Request DefaultHttpRequest(decodeResult: success, version: HTTP/1.1)
POST /session/3804a52f96d2eeb36549db6fbc7fe9a6/execute/sync HTTP/1.1
User-Agent: selenium/4.3.0 (java windows)
Content-Length: 48819
Content-Type: application/json; charset=utf-8
host: localhost:61324
accept: */*

Response DefaultHttpResponse(decodeResult: success, version: HTTP/1.1)
HTTP/1.1 200 OK
Content-Type: application/json; charset=utf-8
cache-control: no-cache
content-length: 14

17:42:51.020 [AsyncHttpClient-1-2] DEBUG org.asynchttpclient.netty.channel.ChannelManager - Adding key: http://localhost:61324 for channel [id: 0x89687221, L:/127.0.0.1:57512 - R:localhost/127.0.0.1:61324]
17:42:51.055 [Forwarding findElement on session 3804a52f96d2eeb36549db6fbc7fe9a6 to remote] DEBUG org.asynchttpclient.netty.request.NettyRequestSender - Using pooled Channel '[id: 0x89687221, L:/127.0.0.1:57512 - R:localhost/127.0.0.1:61324]' for 'POST' to 'http://localhost:61324/session/3804a52f96d2eeb36549db6fbc7fe9a6/element'
17:42:51.055 [Forwarding findElement on session 3804a52f96d2eeb36549db6fbc7fe9a6 to remote] DEBUG org.asynchttpclient.netty.request.NettyRequestSender - Using open Channel [id: 0x89687221, L:/127.0.0.1:57512 - R:localhost/127.0.0.1:61324] for POST '/session/3804a52f96d2eeb36549db6fbc7fe9a6/element'
17:42:51.066 [AsyncHttpClient-1-2] DEBUG org.asynchttpclient.netty.handler.HttpHandler - 

Request DefaultHttpRequest(decodeResult: success, version: HTTP/1.1)
POST /session/3804a52f96d2eeb36549db6fbc7fe9a6/element HTTP/1.1
User-Agent: selenium/4.3.0 (java windows)
Content-Length: 115
Content-Type: application/json; charset=utf-8
host: localhost:61324
accept: */*

Response DefaultHttpResponse(decodeResult: success, version: HTTP/1.1)
HTTP/1.1 200 OK
Content-Type: application/json; charset=utf-8
cache-control: no-cache
content-length: 127

17:42:51.067 [AsyncHttpClient-1-2] DEBUG org.asynchttpclient.netty.channel.ChannelManager - Adding key: http://localhost:61324 for channel [id: 0x89687221, L:/127.0.0.1:57512 - R:localhost/127.0.0.1:61324]
17:42:51.069 [Forwarding clickElement on session 3804a52f96d2eeb36549db6fbc7fe9a6 to remote] DEBUG org.asynchttpclient.netty.request.NettyRequestSender - Using pooled Channel '[id: 0x89687221, L:/127.0.0.1:57512 - R:localhost/127.0.0.1:61324]' for 'POST' to 'http://localhost:61324/session/3804a52f96d2eeb36549db6fbc7fe9a6/element/f.3DC5CDB77786DE21E37CA50373E739D7.d.70468054E12B7861E950842F7BC006DE.e.224/click'
17:42:51.069 [Forwarding clickElement on session 3804a52f96d2eeb36549db6fbc7fe9a6 to remote] DEBUG org.asynchttpclient.netty.request.NettyRequestSender - Using open Channel [id: 0x89687221, L:/127.0.0.1:57512 - R:localhost/127.0.0.1:61324] for POST '/session/3804a52f96d2eeb36549db6fbc7fe9a6/element/f.3DC5CDB77786DE21E37CA50373E739D7.d.70468054E12B7861E950842F7BC006DE.e.224/click'
17:42:51.224 [AsyncHttpClient-1-2] DEBUG org.asynchttpclient.netty.handler.HttpHandler - 

Request DefaultHttpRequest(decodeResult: success, version: HTTP/1.1)
POST /session/3804a52f96d2eeb36549db6fbc7fe9a6/element/f.3DC5CDB77786DE21E37CA50373E739D7.d.70468054E12B7861E950842F7BC006DE.e.224/click HTTP/1.1
User-Agent: selenium/4.3.0 (java windows)
Content-Length: 89
Content-Type: application/json; charset=utf-8
host: localhost:61324
accept: */*

Response DefaultHttpResponse(decodeResult: success, version: HTTP/1.1)
HTTP/1.1 200 OK
Content-Type: application/json; charset=utf-8
cache-control: no-cache
content-length: 14

17:42:51.224 [AsyncHttpClient-1-2] DEBUG org.asynchttpclient.netty.channel.ChannelManager - Adding key: http://localhost:61324 for channel [id: 0x89687221, L:/127.0.0.1:57512 - R:localhost/127.0.0.1:61324]
17:42:51.272 [Forwarding screenshot on session 3804a52f96d2eeb36549db6fbc7fe9a6 to remote] DEBUG org.asynchttpclient.netty.request.NettyRequestSender - Using pooled Channel '[id: 0x89687221, L:/127.0.0.1:57512 - R:localhost/127.0.0.1:61324]' for 'GET' to 'http://localhost:61324/session/3804a52f96d2eeb36549db6fbc7fe9a6/screenshot'
17:42:51.272 [Forwarding screenshot on session 3804a52f96d2eeb36549db6fbc7fe9a6 to remote] DEBUG org.asynchttpclient.netty.request.NettyRequestSender - Using open Channel [id: 0x89687221, L:/127.0.0.1:57512 - R:localhost/127.0.0.1:61324] for GET '/session/3804a52f96d2eeb36549db6fbc7fe9a6/screenshot'
17:42:51.467 [AsyncHttpClient-1-2] DEBUG org.asynchttpclient.netty.handler.HttpHandler - 

Request DefaultFullHttpRequest(decodeResult: success, version: HTTP/1.1, content: EmptyByteBufBE)
GET /session/3804a52f96d2eeb36549db6fbc7fe9a6/screenshot HTTP/1.1
User-Agent: selenium/4.3.0 (java windows)
Cache-Control: no-cache
Content-Type: application/json; charset=utf-8
host: localhost:61324
accept: */*

Response DefaultHttpResponse(decodeResult: success, version: HTTP/1.1)
HTTP/1.1 200 OK
Content-Type: application/json; charset=utf-8
cache-control: no-cache
content-length: 180568

17:42:51.468 [AsyncHttpClient-1-2] DEBUG org.asynchttpclient.netty.channel.ChannelManager - Adding key: http://localhost:61324 for channel [id: 0x89687221, L:/127.0.0.1:57512 - R:localhost/127.0.0.1:61324]
17:42:51.476 [Test worker] DEBUG net.serenitybdd.core.photography.Darkroom - Send negative for processing for D:\Users\Usuario\Documents\Accenture\AutomatizacionAccenturePrueba\target\site\serenity\e922f6f2f7899e8df29f4187edd3ef9b4eaad5d6913e762bb0f1b2fe078fc837.png
17:42:51.477 [Darkroom Processing Line] DEBUG net.serenitybdd.core.photography.DarkroomProcessingLine - Processing screenshot image in /var/screenshots/screenshot-12386591161495910392
17:42:51.477 [Darkroom Processing Line] DEBUG net.serenitybdd.core.photography.DarkroomProcessingLine - Saving screenshot to D:\Users\Usuario\Documents\Accenture\AutomatizacionAccenturePrueba\target\site\serenity\e922f6f2f7899e8df29f4187edd3ef9b4eaad5d6913e762bb0f1b2fe078fc837.png
17:42:51.520 [Test worker] DEBUG net.thucydides.core.steps.StepInterceptor - STEP DONE: {0} clicks on #target
17:42:51.615 [Forwarding screenshot on session 3804a52f96d2eeb36549db6fbc7fe9a6 to remote] DEBUG org.asynchttpclient.netty.request.NettyRequestSender - Using pooled Channel '[id: 0x89687221, L:/127.0.0.1:57512 - R:localhost/127.0.0.1:61324]' for 'GET' to 'http://localhost:61324/session/3804a52f96d2eeb36549db6fbc7fe9a6/screenshot'
17:42:51.615 [Forwarding screenshot on session 3804a52f96d2eeb36549db6fbc7fe9a6 to remote] DEBUG org.asynchttpclient.netty.request.NettyRequestSender - Using open Channel [id: 0x89687221, L:/127.0.0.1:57512 - R:localhost/127.0.0.1:61324] for GET '/session/3804a52f96d2eeb36549db6fbc7fe9a6/screenshot'
17:42:51.753 [AsyncHttpClient-1-2] DEBUG org.asynchttpclient.netty.handler.HttpHandler - 

Request DefaultFullHttpRequest(decodeResult: success, version: HTTP/1.1, content: EmptyByteBufBE)
GET /session/3804a52f96d2eeb36549db6fbc7fe9a6/screenshot HTTP/1.1
User-Agent: selenium/4.3.0 (java windows)
Cache-Control: no-cache
Content-Type: application/json; charset=utf-8
host: localhost:61324
accept: */*

Response DefaultHttpResponse(decodeResult: success, version: HTTP/1.1)
HTTP/1.1 200 OK
Content-Type: application/json; charset=utf-8
cache-control: no-cache
content-length: 166256

17:42:51.754 [AsyncHttpClient-1-2] DEBUG org.asynchttpclient.netty.channel.ChannelManager - Adding key: http://localhost:61324 for channel [id: 0x89687221, L:/127.0.0.1:57512 - R:localhost/127.0.0.1:61324]
17:42:51.760 [Test worker] DEBUG net.serenitybdd.core.photography.Darkroom - Send negative for processing for D:\Users\Usuario\Documents\Accenture\AutomatizacionAccenturePrueba\target\site\serenity\576302f300d5f769d3d839883952f21129fa54e35ed8d75e32e179e99cdae15b.png
17:42:51.761 [Test worker] DEBUG net.thucydides.core.steps.StepInterceptor - STEP DONE: performAs
17:42:51.761 [Darkroom Processing Line] DEBUG net.serenitybdd.core.photography.DarkroomProcessingLine - Processing screenshot image in /var/screenshots/screenshot-2673067508009430929
17:42:51.761 [Darkroom Processing Line] DEBUG net.serenitybdd.core.photography.DarkroomProcessingLine - Saving screenshot to D:\Users\Usuario\Documents\Accenture\AutomatizacionAccenturePrueba\target\site\serenity\576302f300d5f769d3d839883952f21129fa54e35ed8d75e32e179e99cdae15b.png
17:42:51.831 [Forwarding screenshot on session 3804a52f96d2eeb36549db6fbc7fe9a6 to remote] DEBUG org.asynchttpclient.netty.request.NettyRequestSender - Using pooled Channel '[id: 0x89687221, L:/127.0.0.1:57512 - R:localhost/127.0.0.1:61324]' for 'GET' to 'http://localhost:61324/session/3804a52f96d2eeb36549db6fbc7fe9a6/screenshot'
17:42:51.831 [Forwarding screenshot on session 3804a52f96d2eeb36549db6fbc7fe9a6 to remote] DEBUG org.asynchttpclient.netty.request.NettyRequestSender - Using open Channel [id: 0x89687221, L:/127.0.0.1:57512 - R:localhost/127.0.0.1:61324] for GET '/session/3804a52f96d2eeb36549db6fbc7fe9a6/screenshot'
17:42:51.983 [AsyncHttpClient-1-2] DEBUG org.asynchttpclient.netty.handler.HttpHandler - 

Request DefaultFullHttpRequest(decodeResult: success, version: HTTP/1.1, content: EmptyByteBufBE)
GET /session/3804a52f96d2eeb36549db6fbc7fe9a6/screenshot HTTP/1.1
User-Agent: selenium/4.3.0 (java windows)
Cache-Control: no-cache
Content-Type: application/json; charset=utf-8
host: localhost:61324
accept: */*

Response DefaultHttpResponse(decodeResult: success, version: HTTP/1.1)
HTTP/1.1 200 OK
Content-Type: application/json; charset=utf-8
cache-control: no-cache
content-length: 166388

17:42:51.983 [AsyncHttpClient-1-2] DEBUG org.asynchttpclient.netty.channel.ChannelManager - Adding key: http://localhost:61324 for channel [id: 0x89687221, L:/127.0.0.1:57512 - R:localhost/127.0.0.1:61324]
17:42:51.989 [Test worker] DEBUG net.serenitybdd.core.photography.Darkroom - Send negative for processing for D:\Users\Usuario\Documents\Accenture\AutomatizacionAccenturePrueba\target\site\serenity\02a613d5ce75cf94253f3f92a21aaedcc1b730bca4aee86bb908cafbf7e40252.png
17:42:51.989 [Darkroom Processing Line] DEBUG net.serenitybdd.core.photography.DarkroomProcessingLine - Processing screenshot image in /var/screenshots/screenshot-18232878198374717474
17:42:51.989 [Darkroom Processing Line] DEBUG net.serenitybdd.core.photography.DarkroomProcessingLine - Saving screenshot to D:\Users\Usuario\Documents\Accenture\AutomatizacionAccenturePrueba\target\site\serenity\02a613d5ce75cf94253f3f92a21aaedcc1b730bca4aee86bb908cafbf7e40252.png
17:42:52.041 [AsyncHttpClient-1-1] DEBUG org.asynchttpclient.netty.channel.DefaultChannelPool - Entry count for : http://localhost:57514 : 1
17:42:52.041 [AsyncHttpClient-1-1] DEBUG org.asynchttpclient.netty.channel.DefaultChannelPool - Entry count for : http://localhost:61324 : 1
17:42:52.184 [Forwarding screenshot on session 3804a52f96d2eeb36549db6fbc7fe9a6 to remote] DEBUG org.asynchttpclient.netty.request.NettyRequestSender - Using pooled Channel '[id: 0x89687221, L:/127.0.0.1:57512 - R:localhost/127.0.0.1:61324]' for 'GET' to 'http://localhost:61324/session/3804a52f96d2eeb36549db6fbc7fe9a6/screenshot'
17:42:52.184 [Forwarding screenshot on session 3804a52f96d2eeb36549db6fbc7fe9a6 to remote] DEBUG org.asynchttpclient.netty.request.NettyRequestSender - Using open Channel [id: 0x89687221, L:/127.0.0.1:57512 - R:localhost/127.0.0.1:61324] for GET '/session/3804a52f96d2eeb36549db6fbc7fe9a6/screenshot'
17:42:52.335 [AsyncHttpClient-1-2] DEBUG org.asynchttpclient.netty.handler.HttpHandler - 

Request DefaultFullHttpRequest(decodeResult: success, version: HTTP/1.1, content: EmptyByteBufBE)
GET /session/3804a52f96d2eeb36549db6fbc7fe9a6/screenshot HTTP/1.1
User-Agent: selenium/4.3.0 (java windows)
Cache-Control: no-cache
Content-Type: application/json; charset=utf-8
host: localhost:61324
accept: */*

Response DefaultHttpResponse(decodeResult: success, version: HTTP/1.1)
HTTP/1.1 200 OK
Content-Type: application/json; charset=utf-8
cache-control: no-cache
content-length: 166384

17:42:52.336 [AsyncHttpClient-1-2] DEBUG org.asynchttpclient.netty.channel.ChannelManager - Adding key: http://localhost:61324 for channel [id: 0x89687221, L:/127.0.0.1:57512 - R:localhost/127.0.0.1:61324]
17:42:52.343 [Test worker] DEBUG net.serenitybdd.core.photography.Darkroom - Send negative for processing for D:\Users\Usuario\Documents\Accenture\AutomatizacionAccenturePrueba\target\site\serenity\68ca30fc9795f2e3f82f90e1c0d5f3287ce08852c4e22d8415e851df7c0d5440.png
17:42:52.344 [Darkroom Processing Line] DEBUG net.serenitybdd.core.photography.DarkroomProcessingLine - Processing screenshot image in /var/screenshots/screenshot-14327458458219845785
17:42:52.344 [Darkroom Processing Line] DEBUG net.serenitybdd.core.photography.DarkroomProcessingLine - Saving screenshot to D:\Users\Usuario\Documents\Accenture\AutomatizacionAccenturePrueba\target\site\serenity\68ca30fc9795f2e3f82f90e1c0d5f3287ce08852c4e22d8415e851df7c0d5440.png
17:42:52.361 [Test worker] DEBUG net.serenitybdd.screenplay.targets.IFrameSwitcher - default content already selected for Validar la compra realizada
17:42:52.413 [Forwarding findElement on session 3804a52f96d2eeb36549db6fbc7fe9a6 to remote] DEBUG org.asynchttpclient.netty.request.NettyRequestSender - Using pooled Channel '[id: 0x89687221, L:/127.0.0.1:57512 - R:localhost/127.0.0.1:61324]' for 'POST' to 'http://localhost:61324/session/3804a52f96d2eeb36549db6fbc7fe9a6/element'
17:42:52.413 [Forwarding findElement on session 3804a52f96d2eeb36549db6fbc7fe9a6 to remote] DEBUG org.asynchttpclient.netty.request.NettyRequestSender - Using open Channel [id: 0x89687221, L:/127.0.0.1:57512 - R:localhost/127.0.0.1:61324] for POST '/session/3804a52f96d2eeb36549db6fbc7fe9a6/element'
17:42:52.430 [AsyncHttpClient-1-2] DEBUG org.asynchttpclient.netty.handler.HttpHandler - 

Request DefaultHttpRequest(decodeResult: success, version: HTTP/1.1)
POST /session/3804a52f96d2eeb36549db6fbc7fe9a6/element HTTP/1.1
User-Agent: selenium/4.3.0 (java windows)
Content-Length: 79
Content-Type: application/json; charset=utf-8
host: localhost:61324
accept: */*

Response DefaultHttpResponse(decodeResult: success, version: HTTP/1.1)
HTTP/1.1 200 OK
Content-Type: application/json; charset=utf-8
cache-control: no-cache
content-length: 127

17:42:52.430 [AsyncHttpClient-1-2] DEBUG org.asynchttpclient.netty.channel.ChannelManager - Adding key: http://localhost:61324 for channel [id: 0x89687221, L:/127.0.0.1:57512 - R:localhost/127.0.0.1:61324]
17:42:52.431 [Forwarding getElementText on session 3804a52f96d2eeb36549db6fbc7fe9a6 to remote] DEBUG org.asynchttpclient.netty.request.NettyRequestSender - Using pooled Channel '[id: 0x89687221, L:/127.0.0.1:57512 - R:localhost/127.0.0.1:61324]' for 'GET' to 'http://localhost:61324/session/3804a52f96d2eeb36549db6fbc7fe9a6/element/f.3DC5CDB77786DE21E37CA50373E739D7.d.70468054E12B7861E950842F7BC006DE.e.230/text'
17:42:52.431 [Forwarding getElementText on session 3804a52f96d2eeb36549db6fbc7fe9a6 to remote] DEBUG org.asynchttpclient.netty.request.NettyRequestSender - Using open Channel [id: 0x89687221, L:/127.0.0.1:57512 - R:localhost/127.0.0.1:61324] for GET '/session/3804a52f96d2eeb36549db6fbc7fe9a6/element/f.3DC5CDB77786DE21E37CA50373E739D7.d.70468054E12B7861E950842F7BC006DE.e.230/text'
17:42:52.452 [AsyncHttpClient-1-2] DEBUG org.asynchttpclient.netty.handler.HttpHandler - 

Request DefaultFullHttpRequest(decodeResult: success, version: HTTP/1.1, content: EmptyByteBufBE)
GET /session/3804a52f96d2eeb36549db6fbc7fe9a6/element/f.3DC5CDB77786DE21E37CA50373E739D7.d.70468054E12B7861E950842F7BC006DE.e.230/text HTTP/1.1
User-Agent: selenium/4.3.0 (java windows)
Cache-Control: no-cache
Content-Type: application/json; charset=utf-8
host: localhost:61324
accept: */*

Response DefaultHttpResponse(decodeResult: success, version: HTTP/1.1)
HTTP/1.1 200 OK
Content-Type: application/json; charset=utf-8
cache-control: no-cache
content-length: 93

17:42:52.452 [AsyncHttpClient-1-2] DEBUG org.asynchttpclient.netty.channel.ChannelManager - Adding key: http://localhost:61324 for channel [id: 0x89687221, L:/127.0.0.1:57512 - R:localhost/127.0.0.1:61324]
17:42:52.477 [Forwarding screenshot on session 3804a52f96d2eeb36549db6fbc7fe9a6 to remote] DEBUG org.asynchttpclient.netty.request.NettyRequestSender - Using pooled Channel '[id: 0x89687221, L:/127.0.0.1:57512 - R:localhost/127.0.0.1:61324]' for 'GET' to 'http://localhost:61324/session/3804a52f96d2eeb36549db6fbc7fe9a6/screenshot'
17:42:52.478 [Forwarding screenshot on session 3804a52f96d2eeb36549db6fbc7fe9a6 to remote] DEBUG org.asynchttpclient.netty.request.NettyRequestSender - Using open Channel [id: 0x89687221, L:/127.0.0.1:57512 - R:localhost/127.0.0.1:61324] for GET '/session/3804a52f96d2eeb36549db6fbc7fe9a6/screenshot'
17:42:52.626 [AsyncHttpClient-1-2] DEBUG org.asynchttpclient.netty.handler.HttpHandler - 

Request DefaultFullHttpRequest(decodeResult: success, version: HTTP/1.1, content: EmptyByteBufBE)
GET /session/3804a52f96d2eeb36549db6fbc7fe9a6/screenshot HTTP/1.1
User-Agent: selenium/4.3.0 (java windows)
Cache-Control: no-cache
Content-Type: application/json; charset=utf-8
host: localhost:61324
accept: */*

Response DefaultHttpResponse(decodeResult: success, version: HTTP/1.1)
HTTP/1.1 200 OK
Content-Type: application/json; charset=utf-8
cache-control: no-cache
content-length: 166384

17:42:52.627 [AsyncHttpClient-1-2] DEBUG org.asynchttpclient.netty.channel.ChannelManager - Adding key: http://localhost:61324 for channel [id: 0x89687221, L:/127.0.0.1:57512 - R:localhost/127.0.0.1:61324]
17:42:52.632 [Test worker] DEBUG net.serenitybdd.core.photography.Darkroom - Send negative for processing for D:\Users\Usuario\Documents\Accenture\AutomatizacionAccenturePrueba\target\site\serenity\68ca30fc9795f2e3f82f90e1c0d5f3287ce08852c4e22d8415e851df7c0d5440.png
17:42:52.713 [Forwarding screenshot on session 3804a52f96d2eeb36549db6fbc7fe9a6 to remote] DEBUG org.asynchttpclient.netty.request.NettyRequestSender - Using pooled Channel '[id: 0x89687221, L:/127.0.0.1:57512 - R:localhost/127.0.0.1:61324]' for 'GET' to 'http://localhost:61324/session/3804a52f96d2eeb36549db6fbc7fe9a6/screenshot'
17:42:52.713 [Forwarding screenshot on session 3804a52f96d2eeb36549db6fbc7fe9a6 to remote] DEBUG org.asynchttpclient.netty.request.NettyRequestSender - Using open Channel [id: 0x89687221, L:/127.0.0.1:57512 - R:localhost/127.0.0.1:61324] for GET '/session/3804a52f96d2eeb36549db6fbc7fe9a6/screenshot'
17:42:52.873 [AsyncHttpClient-1-2] DEBUG org.asynchttpclient.netty.handler.HttpHandler - 

Request DefaultFullHttpRequest(decodeResult: success, version: HTTP/1.1, content: EmptyByteBufBE)
GET /session/3804a52f96d2eeb36549db6fbc7fe9a6/screenshot HTTP/1.1
User-Agent: selenium/4.3.0 (java windows)
Cache-Control: no-cache
Content-Type: application/json; charset=utf-8
host: localhost:61324
accept: */*

Response DefaultHttpResponse(decodeResult: success, version: HTTP/1.1)
HTTP/1.1 200 OK
Content-Type: application/json; charset=utf-8
cache-control: no-cache
content-length: 166384

17:42:52.874 [AsyncHttpClient-1-2] DEBUG org.asynchttpclient.netty.channel.ChannelManager - Adding key: http://localhost:61324 for channel [id: 0x89687221, L:/127.0.0.1:57512 - R:localhost/127.0.0.1:61324]
17:42:52.883 [Test worker] DEBUG net.serenitybdd.core.photography.Darkroom - Send negative for processing for D:\Users\Usuario\Documents\Accenture\AutomatizacionAccenturePrueba\target\site\serenity\68ca30fc9795f2e3f82f90e1c0d5f3287ce08852c4e22d8415e851df7c0d5440.png
17:42:52.996 [Driver Command Executor] DEBUG org.asynchttpclient.netty.request.NettyRequestSender - Using pooled Channel '[id: 0x89687221, L:/127.0.0.1:57512 - R:localhost/127.0.0.1:61324]' for 'DELETE' to 'http://localhost:61324/session/3804a52f96d2eeb36549db6fbc7fe9a6'
17:42:52.996 [Driver Command Executor] DEBUG org.asynchttpclient.netty.request.NettyRequestSender - Using open Channel [id: 0x89687221, L:/127.0.0.1:57512 - R:localhost/127.0.0.1:61324] for DELETE '/session/3804a52f96d2eeb36549db6fbc7fe9a6'
17:42:52.997 [AsyncHttpClient-1-4] DEBUG org.asynchttpclient.netty.handler.WebSocketHandler - Channel Closed: [id: 0x95125c76, L:/127.0.0.1:57523 ! R:localhost/127.0.0.1:57514] with attribute DISCARD
17:42:53.131 [AsyncHttpClient-1-1] DEBUG org.asynchttpclient.netty.channel.DefaultChannelPool - Entry count for : http://localhost:57514 : 1
17:42:53.234 [AsyncHttpClient-1-3] DEBUG org.asynchttpclient.netty.handler.HttpHandler - Unexpected I/O exception on channel [id: 0xe499c843, L:/127.0.0.1:57522 - R:localhost/127.0.0.1:57514]
java.io.IOException: Se ha forzado la interrupción de una conexión existente por el host remoto
	at java.base/sun.nio.ch.SocketDispatcher.read0(Native Method)
	at java.base/sun.nio.ch.SocketDispatcher.read(SocketDispatcher.java:43)
	at java.base/sun.nio.ch.IOUtil.readIntoNativeBuffer(IOUtil.java:276)
	at java.base/sun.nio.ch.IOUtil.read(IOUtil.java:233)
	at java.base/sun.nio.ch.IOUtil.read(IOUtil.java:223)
	at java.base/sun.nio.ch.SocketChannelImpl.read(SocketChannelImpl.java:356)
	at io.netty.buffer.PooledByteBuf.setBytes(PooledByteBuf.java:258)
	at io.netty.buffer.AbstractByteBuf.writeBytes(AbstractByteBuf.java:1132)
	at io.netty.channel.socket.nio.NioSocketChannel.doReadBytes(NioSocketChannel.java:357)
	at io.netty.channel.nio.AbstractNioByteChannel$NioByteUnsafe.read(AbstractNioByteChannel.java:151)
	at io.netty.channel.nio.NioEventLoop.processSelectedKey(NioEventLoop.java:722)
	at io.netty.channel.nio.NioEventLoop.processSelectedKeysOptimized(NioEventLoop.java:658)
	at io.netty.channel.nio.NioEventLoop.processSelectedKeys(NioEventLoop.java:584)
	at io.netty.channel.nio.NioEventLoop.run(NioEventLoop.java:496)
	at io.netty.util.concurrent.SingleThreadEventExecutor$4.run(SingleThreadEventExecutor.java:997)
	at io.netty.util.internal.ThreadExecutorMap$2.run(ThreadExecutorMap.java:74)
	at io.netty.util.concurrent.FastThreadLocalRunnable.run(FastThreadLocalRunnable.java:30)
	at java.base/java.lang.Thread.run(Thread.java:829)
17:42:53.238 [AsyncHttpClient-1-3] DEBUG org.asynchttpclient.netty.channel.ChannelManager - Closing Channel [id: 0xe499c843, L:/127.0.0.1:57522 - R:localhost/127.0.0.1:57514] 
17:42:53.241 [AsyncHttpClient-1-3] DEBUG org.asynchttpclient.netty.handler.HttpHandler - Channel Closed: [id: 0xe499c843, L:/127.0.0.1:57522 ! R:localhost/127.0.0.1:57514] with attribute DISCARD
17:42:53.304 [AsyncHttpClient-1-2] DEBUG org.asynchttpclient.netty.handler.HttpHandler - 

Request DefaultFullHttpRequest(decodeResult: success, version: HTTP/1.1, content: EmptyByteBufBE)
DELETE /session/3804a52f96d2eeb36549db6fbc7fe9a6 HTTP/1.1
User-Agent: selenium/4.3.0 (java windows)
Content-Type: application/json; charset=utf-8
host: localhost:61324
accept: */*

Response DefaultHttpResponse(decodeResult: success, version: HTTP/1.1)
HTTP/1.1 200 OK
Content-Type: application/json; charset=utf-8
cache-control: no-cache
content-length: 14

17:42:53.304 [AsyncHttpClient-1-2] DEBUG org.asynchttpclient.netty.channel.ChannelManager - Adding key: http://localhost:61324 for channel [id: 0x89687221, L:/127.0.0.1:57512 - R:localhost/127.0.0.1:61324]
17:42:54.233 [AsyncHttpClient-1-1] DEBUG org.asynchttpclient.netty.channel.DefaultChannelPool - Entry count for : http://localhost:57514 : 1
17:42:54.234 [AsyncHttpClient-1-1] DEBUG org.asynchttpclient.netty.channel.DefaultChannelPool - Entry count for : http://localhost:61324 : 1
17:42:54.234 [AsyncHttpClient-1-1] DEBUG org.asynchttpclient.netty.channel.DefaultChannelPool - Adding Candidate expired Channel [id: 0xe499c843, L:/127.0.0.1:57522 ! R:localhost/127.0.0.1:57514] isIdleTimeoutExpired=false isRemotelyClosed=true isTtlExpired=false
17:42:54.235 [AsyncHttpClient-1-1] DEBUG org.asynchttpclient.netty.channel.DefaultChannelPool - Closing Idle Channel [id: 0xe499c843, L:/127.0.0.1:57522 ! R:localhost/127.0.0.1:57514]
17:42:54.235 [AsyncHttpClient-1-1] DEBUG org.asynchttpclient.netty.channel.DefaultChannelPool - Closed 1 connections out of 2 in 1 ms
17:42:54.329 [AsyncHttpClient-1-2] DEBUG org.asynchttpclient.netty.handler.HttpHandler - Unexpected I/O exception on channel [id: 0x89687221, L:/127.0.0.1:57512 - R:localhost/127.0.0.1:61324]
java.io.IOException: Se ha forzado la interrupción de una conexión existente por el host remoto
	at java.base/sun.nio.ch.SocketDispatcher.read0(Native Method)
	at java.base/sun.nio.ch.SocketDispatcher.read(SocketDispatcher.java:43)
	at java.base/sun.nio.ch.IOUtil.readIntoNativeBuffer(IOUtil.java:276)
	at java.base/sun.nio.ch.IOUtil.read(IOUtil.java:233)
	at java.base/sun.nio.ch.IOUtil.read(IOUtil.java:223)
	at java.base/sun.nio.ch.SocketChannelImpl.read(SocketChannelImpl.java:356)
	at io.netty.buffer.PooledByteBuf.setBytes(PooledByteBuf.java:258)
	at io.netty.buffer.AbstractByteBuf.writeBytes(AbstractByteBuf.java:1132)
	at io.netty.channel.socket.nio.NioSocketChannel.doReadBytes(NioSocketChannel.java:357)
	at io.netty.channel.nio.AbstractNioByteChannel$NioByteUnsafe.read(AbstractNioByteChannel.java:151)
	at io.netty.channel.nio.NioEventLoop.processSelectedKey(NioEventLoop.java:722)
	at io.netty.channel.nio.NioEventLoop.processSelectedKeysOptimized(NioEventLoop.java:658)
	at io.netty.channel.nio.NioEventLoop.processSelectedKeys(NioEventLoop.java:584)
	at io.netty.channel.nio.NioEventLoop.run(NioEventLoop.java:496)
	at io.netty.util.concurrent.SingleThreadEventExecutor$4.run(SingleThreadEventExecutor.java:997)
	at io.netty.util.internal.ThreadExecutorMap$2.run(ThreadExecutorMap.java:74)
	at io.netty.util.concurrent.FastThreadLocalRunnable.run(FastThreadLocalRunnable.java:30)
	at java.base/java.lang.Thread.run(Thread.java:829)
17:42:54.329 [AsyncHttpClient-1-2] DEBUG org.asynchttpclient.netty.channel.ChannelManager - Closing Channel [id: 0x89687221, L:/127.0.0.1:57512 - R:localhost/127.0.0.1:61324] 
17:42:54.329 [AsyncHttpClient-1-2] DEBUG org.asynchttpclient.netty.handler.HttpHandler - Channel Closed: [id: 0x89687221, L:/127.0.0.1:57512 ! R:localhost/127.0.0.1:61324] with attribute DISCARD
17:42:54.389 [Test worker] INFO  - 
  _____   ___   ___   _____     ___     _     ___   ___   ___   ___  
 |_   _| | __| / __| |_   _|   | _ \   /_\   / __| / __| | __| |   \ 
   | |   | _|  \__ \   | |     |  _/  / _ \  \__ \ \__ \ | _|  | |) |
   |_|   |___| |___/   |_|     |_|   /_/ \_\ |___/ |___/ |___| |___/ 

Validar que se pueda realizar la compra de un producto en especifico
----------------------------------------------------------------------
17:42:54.406 [Test worker] DEBUG net.thucydides.core.reports.ReportService - Reporting formats: [JSON, HTML]
17:42:54.784 [Test worker] DEBUG net.thucydides.core.reports.ReportService - Reporting formats: [JSON, HTML]
17:42:54.802 [Test worker] DEBUG net.thucydides.core.reports.ReportService - Generating reports for 1 test outcomes using: net.thucydides.core.reports.json.JSONTestOutcomeReporter@48021127
17:42:54.805 [pool-1-thread-1] DEBUG net.thucydides.core.reports.ReportService - Processing test outcome Validar funcionalidades de DemoBlaze:Validar que se pueda realizar la compra de un producto en especifico
17:42:54.805 [pool-1-thread-1] DEBUG net.thucydides.core.reports.ReportService - net.thucydides.core.reports.json.JSONTestOutcomeReporter@48021127: Generating report for test outcome: Validar funcionalidades de DemoBlaze:Validar que se pueda realizar la compra de un producto en especifico
17:42:54.820 [pool-1-thread-1] DEBUG net.thucydides.core.reports.json.JSONTestOutcomeReporter - Generating JSON report for Validar que se pueda realizar la compra de un producto en especifico to file D:\Users\Usuario\Documents\Accenture\AutomatizacionAccenturePrueba\target\site\serenity\5edd3e959669ed9c43c820644bbcd8f709f6940d539d859c5cb20b54401ebcda.json (using temp file D:\Users\Usuario\Documents\Accenture\AutomatizacionAccenturePrueba\target\site\serenity\5edd3e959669ed9c43c820644bbcd8f709f6940d539d859c5cb20b54401ebcda.json5dbee3b4-8a25-403a-887d-43b88f1a760d)
17:42:54.956 [pool-1-thread-1] DEBUG net.thucydides.core.reports.ReportService - Processing test outcome Validar funcionalidades de DemoBlaze:Validar que se pueda realizar la compra de un producto en especifico done
17:42:54.959 [Test worker] DEBUG net.thucydides.core.reports.ReportService - Shutting down executor service
17:42:54.959 [Test worker] DEBUG net.thucydides.core.reports.ReportService - Reports generated in: 157 ms
17:42:54.959 [Test worker] DEBUG net.thucydides.core.reports.ReportService - Generating reports for 1 test outcomes using: net.thucydides.core.reports.html.HtmlAcceptanceTestReporter@7aeac055
17:42:54.963 [pool-2-thread-1] DEBUG net.thucydides.core.reports.ReportService - Processing test outcome Validar funcionalidades de DemoBlaze:Validar que se pueda realizar la compra de un producto en especifico
17:42:54.963 [pool-2-thread-1] DEBUG net.thucydides.core.reports.ReportService - net.thucydides.core.reports.html.HtmlAcceptanceTestReporter@7aeac055: Generating report for test outcome: Validar funcionalidades de DemoBlaze:Validar que se pueda realizar la compra de un producto en especifico
17:42:55.004 [pool-2-thread-1] DEBUG net.thucydides.core.requirements.PackageRequirementsTagProvider - Loading requirements from package requirements at: co.com.reliquias.software.runners
17:42:55.339 [AsyncHttpClient-1-1] DEBUG org.asynchttpclient.netty.channel.DefaultChannelPool - Entry count for : http://localhost:61324 : 1
17:42:55.340 [AsyncHttpClient-1-1] DEBUG org.asynchttpclient.netty.channel.DefaultChannelPool - Adding Candidate expired Channel [id: 0x89687221, L:/127.0.0.1:57512 ! R:localhost/127.0.0.1:61324] isIdleTimeoutExpired=false isRemotelyClosed=true isTtlExpired=false
17:42:55.340 [AsyncHttpClient-1-1] DEBUG org.asynchttpclient.netty.channel.DefaultChannelPool - Closing Idle Channel [id: 0x89687221, L:/127.0.0.1:57512 ! R:localhost/127.0.0.1:61324]
17:42:55.341 [AsyncHttpClient-1-1] DEBUG org.asynchttpclient.netty.channel.DefaultChannelPool - Closed 1 connections out of 1 in 1 ms
17:43:13.243 [pool-2-thread-1] DEBUG net.thucydides.core.reports.ReportService - Processing test outcome Validar funcionalidades de DemoBlaze:Validar que se pueda realizar la compra de un producto en especifico done
17:43:13.244 [Test worker] DEBUG net.thucydides.core.reports.ReportService - Shutting down executor service
17:43:13.244 [Test worker] DEBUG net.thucydides.core.reports.ReportService - Reports generated in: 18285 ms
17:43:13.369 [Test worker] DEBUG net.serenitybdd.core.photography.Darkroom - Closing darkroom
17:43:13.373 [Darkroom Processing Line] DEBUG net.serenitybdd.core.photography.DarkroomProcessingLine - Darkroom processing line shutting down
17:43:13.395 [Test worker] DEBUG net.serenitybdd.core.photography.Darkroom - Closing darkroom
]]></system-out>
  <system-err><![CDATA[?[32m?[1m??????????????????????????????????????????????????????????????????????????????????????[0m
?[32m?[1m??[0m Share your Cucumber Report with your team at ?[36m?[1m?[4mhttps://reports.cucumber.io?[0m          ?[32m?[1m??[0m
?[32m?[1m??[0m Activate publishing with one of the following:                                    ?[32m?[1m??[0m
?[32m?[1m??[0m                                                                                   ?[32m?[1m??[0m
?[32m?[1m??[0m src/test/resources/cucumber.properties:          ?[36mcucumber.publish.enabled?[0m=?[36mtrue?[0m    ?[32m?[1m??[0m
?[32m?[1m??[0m src/test/resources/junit-platform.properties:    ?[36mcucumber.publish.enabled?[0m=?[36mtrue?[0m    ?[32m?[1m??[0m
?[32m?[1m??[0m Environment variable:                            ?[36mCUCUMBER_PUBLISH_ENABLED?[0m=?[36mtrue?[0m    ?[32m?[1m??[0m
?[32m?[1m??[0m JUnit:                                           ?[36m@CucumberOptions?[0m(publish = ?[36mtrue?[0m) ?[32m?[1m??[0m
?[32m?[1m??[0m                                                                                   ?[32m?[1m??[0m
?[32m?[1m??[0m More information at ?[36mhttps://cucumber.io/docs/cucumber/environment-variables/?[0m      ?[32m?[1m??[0m
?[32m?[1m??[0m                                                                                   ?[32m?[1m??[0m
?[32m?[1m??[0m Disable this message with one of the following:                                   ?[32m?[1m??[0m
?[32m?[1m??[0m                                                                                   ?[32m?[1m??[0m
?[32m?[1m??[0m src/test/resources/cucumber.properties:          ?[36mcucumber.publish.quiet?[0m=?[36mtrue?[0m      ?[32m?[1m??[0m
?[32m?[1m??[0m src/test/resources/junit-platform.properties:    ?[36mcucumber.publish.quiet?[0m=?[36mtrue?[0m      ?[32m?[1m??[0m
?[32m?[1m??????????????????????????????????????????????????????????????????????????????????????[0m
]]></system-err>
</testsuite>
